#
# A fatal error has been detected by the Java Runtime Environment:
#
#  EXCEPTION_ACCESS_VIOLATION (0xc0000005) at pc=0x00007ffe9625dc69, pid=6024, tid=15128
#
# JRE version: OpenJDK Runtime Environment Microsoft-11369865 (17.0.15+6) (build 17.0.15+6-LTS)
# Java VM: OpenJDK 64-Bit Server VM Microsoft-11369865 (17.0.15+6-LTS, mixed mode, sharing, tiered, compressed oops, compressed class ptrs, g1 gc, windows-amd64)
# Problematic frame:
# V  [jvm.dll+0x30dc69]
#
# No core dump will be written. Minidumps are not enabled by default on client versions of Windows
#
# If you would like to submit a bug report, please visit:
#   https://github.com/microsoft/openjdk/issues
#

---------------  S U M M A R Y ------------

Command Line: -javaagent:C:\Program Files\JetBrains\IntelliJ IDEA Community Edition 2025.1.1.1\lib\idea_rt.jar=56047 -Dfile.encoding=UTF-8 com.primeproperties.prime_properties.PrimePropertiesApplication

Host: Intel(R) Core(TM) i7-5600U CPU @ 2.60GHz, 4 cores, 15G,  Windows 10 , 64 bit Build 19041 (10.0.19041.5915)
Time: Mon Jul 28 15:57:17 2025 India Standard Time elapsed time: 4.753559 seconds (0d 0h 0m 4s)

---------------  T H R E A D  ---------------

Current thread (0x00000229e1695140):  GCTaskThread "GC Thread#0" [stack: 0x000000cf69700000,0x000000cf69800000] [id=15128]

Stack: [0x000000cf69700000,0x000000cf69800000],  sp=0x000000cf697ff7a0,  free space=1021k
Native frames: (J=compiled Java code, j=interpreted, Vv=VM code, C=native code)
V  [jvm.dll+0x30dc69]
V  [jvm.dll+0x30aa5e]
V  [jvm.dll+0x3182d3]
V  [jvm.dll+0x31a14b]
V  [jvm.dll+0x3188ed]
V  [jvm.dll+0x319cd5]
V  [jvm.dll+0x2e5913]
V  [jvm.dll+0x2e73bb]
V  [jvm.dll+0x86d2bb]
V  [jvm.dll+0x86d306]
V  [jvm.dll+0x7ef2dc]
V  [jvm.dll+0x687687]
C  [ucrtbase.dll+0x21bb2]
C  [KERNEL32.DLL+0x17374]
C  [ntdll.dll+0x4cc91]


siginfo: EXCEPTION_ACCESS_VIOLATION (0xc0000005), reading address 0x0000000000002000


Registers:
RAX=0x0000000000000000, RBX=0x00000007049d2999, RCX=0x0000000000000015, RDX=0x0000000000000000
RSP=0x000000cf697ff7a0, RBP=0x0000000000000df1, RSI=0x00000007049d2998, RDI=0x00000229cb3a7580
R8 =0x00000007049d2980, R9 =0x0000022984000000, R10=0x0000000000002000, R11=0x0000000000000001
R12=0x000000cf697ffa00, R13=0x00000229e162d940, R14=0x0000000000000040, R15=0x0000000000000000
RIP=0x00007ffe9625dc69, EFLAGS=0x0000000000010246

XMM[0]=0x00000010010239f0 0x00000007049d2803
XMM[1]=0xe046159200000000 0xe046158600000000
XMM[2]=0x00000000e1c3ba29 0x00000000e07aaaef
XMM[3]=0x0000000000000000 0x0000000000000000
XMM[4]=0x0000000000000000 0xe1c3b9a7e1c3b9b4
XMM[5]=0xe04615e0e046159f 0x0000000000000000
XMM[6]=0x0000000000000000 0x0000000000000000
XMM[7]=0x0000000000000000 0x0000000000000000
XMM[8]=0x0000000000000000 0x0000000000000000
XMM[9]=0x0000000000000000 0x0000000000000000
XMM[10]=0x0000000000000000 0x0000000000000000
XMM[11]=0x0000000000000000 0x0000000000000000
XMM[12]=0x0000000000000000 0x0000000000000000
XMM[13]=0x0000000000000000 0x0000000000000000
XMM[14]=0x0000000000000000 0x0000000000000000
XMM[15]=0x0000000000000000 0x0000000000000000
  MXCSR=0x00001fa0


Register to memory mapping:

RIP=0x00007ffe9625dc69 jvm.dll
RAX=0x0 is NULL
RBX=0x00000007049d2999 is pointing into object: org.springframework.util.ConcurrentReferenceHashMap$SoftEntryReference 
{0x00000007049d2980} - klass: 'org/springframework/util/ConcurrentReferenceHashMap$SoftEntryReference'
 - ---- fields (total size 6 words):
 - private 'referent' 'Ljava/lang/Object;' @12  a 'org/springframework/util/ConcurrentReferenceHashMap$Entry'{0x0000000704fc2918} (e09f8523)
 - volatile 'queue' 'Ljava/lang/ref/ReferenceQueue;' @16  a 'java/lang/ref/ReferenceQueue'{0x00000007049d27d0} (e093a4fa)
 - volatile 'next' 'Ljava/lang/ref/Reference;' @20  NULL (0)
 - private transient 'discovered' 'Ljava/lang/ref/Reference;' @24  
[error occurred during error reporting (printing register info), id 0xc0000005, EXCEPTION_ACCESS_VIOLATION (0xc0000005) at pc=0x00007ffe962e88fe]

Top of Stack: (sp=0x000000cf697ff7a0)
0x000000cf697ff7a0:   0000000704380000 0000000000000001
0x000000cf697ff7b0:   0000022900000000 0000000000000001
0x000000cf697ff7c0:   00000229f8971f80 000000000000000f
0x000000cf697ff7d0:   00000000000003c0 000000cf697ffa00
0x000000cf697ff7e0:   0000000701df2c00 00007ffe9625aa5e
0x000000cf697ff7f0:   0000000701df2200 00000229cb3a7580
0x000000cf697ff800:   00000229f8971f80 000000000000000f
0x000000cf697ff810:   0000000002d391be 00000002da3a125f
0x000000cf697ff820:   000000cf697ffa00 0000000701df2c00
0x000000cf697ff830:   0000000701df4b18 00007ffe962682d3
0x000000cf697ff840:   0000000701df2c00 000000cf697ff860
0x000000cf697ff850:   000000cf697ff870 00000229e162d940
0x000000cf697ff860:   0000000701df2c00 00000000000003c0
0x000000cf697ff870:   00007ffe968b5a68 0000000000000000
0x000000cf697ff880:   00000229e163e410 00000229cb3a7580
0x000000cf697ff890:   00000229f8971fc0 00007ffe9626a14b
0x000000cf697ff8a0:   0000000000001f96 00000229f8971fa6
0x000000cf697ff8b0:   0000000000000025 000000000000000f
0x000000cf697ff8c0:   00000229e163c960 00000000000003d8
0x000000cf697ff8d0:   00000229e163c990 00000229e163cd48
0x000000cf697ff8e0:   0000000000000000 0000000000000000
0x000000cf697ff8f0:   00000260cc000000 00007ffe9674d94e
0x000000cf697ff900:   000000cf697ff980 00007ffe96252562
0x000000cf697ff910:   000000cf697ffa58 0000000000000001
0x000000cf697ff920:   0000000000000001 00000229e162dd00
0x000000cf697ff930:   00007ffe962688a0 00000229df2fd330
0x000000cf697ff940:   00000229e162d940 000000cf697ffa69
0x000000cf697ff950:   000000cf697ffa00 00007ffe962688ed
0x000000cf697ff960:   000000cf00000001 00000229df2ee010
0x000000cf697ff970:   0000000000001f80 0000000000000001
0x000000cf697ff980:   00000229cb3a7580 0000000002d32be2
0x000000cf697ff990:   00000002d9d2dbcd 000000cf697ffa58 

Instructions: (pc=0x00007ffe9625dc69)
0x00007ffe9625db69:   ff 48 8d 53 fe 48 8b cf e8 4a f4 ff ff e9 35 fd
0x00007ffe9625db79:   ff ff 0f 1f 44 00 00 48 8b 77 10 8b ae 80 00 00
0x00007ffe9625db89:   00 8b cd 8b 86 00 01 00 00 2b c8 81 e1 ff ff 01
0x00007ffe9625db99:   00 41 3b ce 0f 86 e9 02 00 00 ff cd 81 e5 ff ff
0x00007ffe9625dba9:   01 00 89 ae 80 00 00 00 e8 4a ba 36 00 90 8b d5
0x00007ffe9625dbb9:   8b 86 00 01 00 00 8b cd 48 8b 9e 80 01 00 00 2b
0x00007ffe9625dbc9:   c8 81 e1 ff ff 01 00 81 f9 ff ff 01 00 48 8b 1c
0x00007ffe9625dbd9:   eb 41 0f 44 cf 85 c9 75 3d 90 89 6c 24 50 48 8b
0x00007ffe9625dbe9:   86 00 01 00 00 48 8b c8 48 c1 e9 20 ff c1 89 4c
0x00007ffe9625dbf9:   24 54 3b e8 0f 85 77 02 00 00 48 c1 e1 20 48 0b
0x00007ffe9625dc09:   ca f0 48 0f b1 8e 00 01 00 00 0f 85 61 02 00 00
0x00007ffe9625dc19:   8b 86 00 01 00 00 f6 c3 01 0f 84 2f 01 00 00 8b
0x00007ffe9625dc29:   0d ca 96 81 00 48 8d 73 ff 48 8b 57 08 44 8b 16
0x00007ffe9625dc39:   49 d3 e2 4c 03 15 ad 96 81 00 8b 8a b0 05 00 00
0x00007ffe9625dc49:   49 8b c2 48 8b 92 a0 05 00 00 48 d3 e8 0f b7 14
0x00007ffe9625dc59:   42 0f b7 c2 66 c1 e8 08 84 c0 0f 88 17 ff ff ff
0x00007ffe9625dc69:   4d 8b 02 41 0f b6 c0 24 03 3c 03 75 1e 44 38 3d
0x00007ffe9625dc79:   e6 59 88 00 74 0f 41 0f b6 c0 24 07 3c 05 75 05
0x00007ffe9625dc89:   4d 8b c7 eb 17 49 83 e0 fc eb 11 4d 8b c8 48 8b
0x00007ffe9625dc99:   cf 4d 8b c2 e8 fe ee ff ff 4c 8b c0 8b 0d 4d 96
0x00007ffe9625dca9:   81 00 49 8b d0 48 2b 15 3b 96 81 00 48 d3 ea 89
0x00007ffe9625dcb9:   16 49 8b d0 8b 0d bd 62 88 00 48 33 d6 48 d3 ea
0x00007ffe9625dcc9:   48 85 d2 0f 84 ae fe ff ff 48 8b 47 08 48 8b d6
0x00007ffe9625dcd9:   8b 88 c0 01 00 00 48 8b 80 b0 01 00 00 48 d3 ea
0x00007ffe9625dce9:   48 8b 0c d0 8b 81 94 00 00 00 d1 e8 a8 01 0f 85
0x00007ffe9625dcf9:   83 fe ff ff 48 8b 47 08 8b 88 b0 05 00 00 48 8b
0x00007ffe9625dd09:   80 a0 05 00 00 49 d3 e8 46 38 3c 40 0f 84 65 fe
0x00007ffe9625dd19:   ff ff 48 8b 47 60 48 c1 ee 09 48 8b 58 40 48 8b
0x00007ffe9625dd29:   48 38 48 03 de 48 2b d9 48 39 9f b0 01 00 00 0f
0x00007ffe9625dd39:   84 42 fe ff ff 48 8d 14 0b 48 8d 4f 18 e8 45 41
0x00007ffe9625dd49:   00 00 48 89 9f b0 01 00 00 e9 29 fe ff ff f6 c3
0x00007ffe9625dd59:   03 0f 85 09 01 00 00 48 8b 57 08 4c 8b 13 49 8b 


Stack slot to memory mapping:
stack at sp + 0 slots: 0x0000000704380000 is pointing into object: [B 
{0x000000070437f400} - klass: {type array byte}
 - length: 5325
stack at sp + 1 slots: 0x0000000000000001 is an unknown value
stack at sp + 2 slots: 0x0000022900000000 is an unknown value
stack at sp + 3 slots: 0x0000000000000001 is an unknown value
stack at sp + 4 slots: 0x00000229f8971f80 points into unknown readable memory: 0xffffffffffffffff | ff ff ff ff ff ff ff ff
stack at sp + 5 slots: 0x000000000000000f is an unknown value
stack at sp + 6 slots: 0x00000000000003c0 is an unknown value
stack at sp + 7 slots: 0x000000cf697ffa00 points into unknown readable memory: 0x00007ffe968b5c50 | 50 5c 8b 96 fe 7f 00 00


---------------  P R O C E S S  ---------------

Threads class SMR info:
_java_thread_list=0x00000229ca65dd20, length=14, elements={
0x00000229e162baf0, 0x00000229ffe18130, 0x00000229ffe18fb0, 0x00000229ffe29b70,
0x00000229ffe2a730, 0x00000229ffe2f8e0, 0x00000229ffe38a60, 0x00000229c9008090,
0x00000229c902df70, 0x00000229c903a940, 0x00000229c9037190, 0x00000229c9039f20,
0x00000229c90376a0, 0x00000229c9545260
}

Java Threads: ( => current thread )
  0x00000229e162baf0 JavaThread "main" [_thread_blocked, id=6992, stack(0x000000cf69600000,0x000000cf69700000)]
  0x00000229ffe18130 JavaThread "Reference Handler" daemon [_thread_blocked, id=11896, stack(0x000000cf69d00000,0x000000cf69e00000)]
  0x00000229ffe18fb0 JavaThread "Finalizer" daemon [_thread_blocked, id=6932, stack(0x000000cf69e00000,0x000000cf69f00000)]
  0x00000229ffe29b70 JavaThread "Signal Dispatcher" daemon [_thread_blocked, id=6652, stack(0x000000cf69f00000,0x000000cf6a000000)]
  0x00000229ffe2a730 JavaThread "Attach Listener" daemon [_thread_blocked, id=14724, stack(0x000000cf6a000000,0x000000cf6a100000)]
  0x00000229ffe2f8e0 JavaThread "Service Thread" daemon [_thread_blocked, id=1512, stack(0x000000cf6a100000,0x000000cf6a200000)]
  0x00000229ffe38a60 JavaThread "Monitor Deflation Thread" daemon [_thread_blocked, id=7504, stack(0x000000cf6a200000,0x000000cf6a300000)]
  0x00000229c9008090 JavaThread "C2 CompilerThread0" daemon [_thread_blocked, id=16348, stack(0x000000cf6a300000,0x000000cf6a400000)]
  0x00000229c902df70 JavaThread "C1 CompilerThread0" daemon [_thread_blocked, id=6508, stack(0x000000cf6a400000,0x000000cf6a500000)]
  0x00000229c903a940 JavaThread "Sweeper thread" daemon [_thread_blocked, id=13460, stack(0x000000cf6a500000,0x000000cf6a600000)]
  0x00000229c9037190 JavaThread "Common-Cleaner" daemon [_thread_blocked, id=14072, stack(0x000000cf6a600000,0x000000cf6a700000)]
  0x00000229c9039f20 JavaThread "Monitor Ctrl-Break" daemon [_thread_in_native, id=5636, stack(0x000000cf6a700000,0x000000cf6a800000)]
  0x00000229c90376a0 JavaThread "Notification Thread" daemon [_thread_blocked, id=3492, stack(0x000000cf6a800000,0x000000cf6a900000)]
  0x00000229c9545260 JavaThread "C2 CompilerThread1" daemon [_thread_blocked, id=14636, stack(0x000000cf6ad00000,0x000000cf6ae00000)]

Other Threads:
  0x00000229ffe11630 VMThread "VM Thread" [stack: 0x000000cf69c00000,0x000000cf69d00000] [id=1180]
  0x00000229c9393fa0 WatcherThread [stack: 0x000000cf6a900000,0x000000cf6aa00000] [id=9592]
=>0x00000229e1695140 GCTaskThread "GC Thread#0" [stack: 0x000000cf69700000,0x000000cf69800000] [id=15128]
  0x00000229c989ba80 GCTaskThread "GC Thread#1" [stack: 0x000000cf6aa00000,0x000000cf6ab00000] [id=6544]
  0x00000229c99c0bc0 GCTaskThread "GC Thread#2" [stack: 0x000000cf6ab00000,0x000000cf6ac00000] [id=6280]
  0x00000229c967ed30 GCTaskThread "GC Thread#3" [stack: 0x000000cf6ac00000,0x000000cf6ad00000] [id=4300]
  0x00000229df3adf70 ConcurrentGCThread "G1 Main Marker" [stack: 0x000000cf69800000,0x000000cf69900000] [id=11968]
  0x00000229df3ae990 ConcurrentGCThread "G1 Conc#0" [stack: 0x000000cf69900000,0x000000cf69a00000] [id=4880]
  0x00000229e16de140 ConcurrentGCThread "G1 Refine#0" [stack: 0x000000cf69a00000,0x000000cf69b00000] [id=15768]
  0x00000229e16deb70 ConcurrentGCThread "G1 Service" [stack: 0x000000cf69b00000,0x000000cf69c00000] [id=11252]

Threads with active compile tasks:
C2 CompilerThread0     4797 3589   !   4       java.util.zip.InflaterInputStream::read (138 bytes)
C2 CompilerThread1     4797 3672       4       org.springframework.beans.factory.support.AbstractAutowireCapableBeanFactory::predictBeanType (128 bytes)

VM state: at safepoint (normal execution)

VM Mutex/Monitor currently owned by a thread:  ([mutex/lock_event])
[0x00000229e1626ff0] Threads_lock - owner thread: 0x00000229ffe11630
[0x00000229e1626f60] Heap_lock - owner thread: 0x00000229e162baf0

Heap address: 0x0000000701a00000, size: 4070 MB, Compressed Oops mode: Zero based, Oop shift amount: 3

CDS archive(s) mapped at: [0x0000022984000000-0x0000022984bb0000-0x0000022984bb0000), size 12255232, SharedBaseAddress: 0x0000022984000000, ArchiveRelocationMode: 1.
Compressed class space mapped at: 0x0000022985000000-0x00000229c5000000, reserved size: 1073741824
Narrow klass base: 0x0000022984000000, Narrow klass shift: 0, Narrow klass range: 0x100000000

GC Precious Log:
 CPUs: 4 total, 4 available
 Memory: 16272M
 Large Page Support: Disabled
 NUMA Support: Disabled
 Compressed Oops: Enabled (Zero based)
 Heap Region Size: 2M
 Heap Min Capacity: 8M
 Heap Initial Capacity: 256M
 Heap Max Capacity: 4070M
 Pre-touch: Disabled
 Parallel Workers: 4
 Concurrent Workers: 1
 Concurrent Refinement Workers: 4
 Periodic GC: Disabled

Heap:
 garbage-first heap   total 65536K, used 54789K [0x0000000701a00000, 0x0000000800000000)
  region size 2048K, 25 young (51200K), 5 survivors (10240K)
 Metaspace       used 27787K, committed 28224K, reserved 1114112K
  class space    used 3690K, committed 3904K, reserved 1048576K

Heap Regions: E=young(eden), S=young(survivor), O=old, HS=humongous(starts), HC=humongous(continues), CS=collection set, F=free, OA=open archive, CA=closed archive, TAMS=top-at-mark-start (previous, next)
|   0|0x0000000701a00000, 0x0000000701c00000, 0x0000000701c00000|100%| O|  |TAMS 0x0000000701c00000, 0x0000000701a00000| Untracked 
|   1|0x0000000701c00000, 0x0000000701e00000, 0x0000000701e00000|100%| O|  |TAMS 0x0000000701e00000, 0x0000000701c00000| Untracked 
|   2|0x0000000701e00000, 0x0000000702000000, 0x0000000702000000|100%| O|  |TAMS 0x0000000702000000, 0x0000000701e00000| Untracked 
|   3|0x0000000702000000, 0x0000000702200000, 0x0000000702200000|100%| E|CS|TAMS 0x0000000702000000, 0x0000000702000000| Complete 
|   4|0x0000000702200000, 0x0000000702400000, 0x0000000702400000|100%| E|CS|TAMS 0x0000000702200000, 0x0000000702200000| Complete 
|   5|0x0000000702400000, 0x0000000702600000, 0x0000000702600000|100%| E|CS|TAMS 0x0000000702400000, 0x0000000702400000| Complete 
|   6|0x0000000702600000, 0x0000000702800000, 0x0000000702800000|100%| E|CS|TAMS 0x0000000702600000, 0x0000000702600000| Complete 
|   7|0x0000000702800000, 0x0000000702a00000, 0x0000000702a00000|100%| E|CS|TAMS 0x0000000702800000, 0x0000000702800000| Complete 
|   8|0x0000000702a00000, 0x0000000702c00000, 0x0000000702c00000|100%| E|CS|TAMS 0x0000000702a00000, 0x0000000702a00000| Complete 
|   9|0x0000000702c00000, 0x0000000702e00000, 0x0000000702e00000|100%| E|CS|TAMS 0x0000000702c00000, 0x0000000702c00000| Complete 
|  10|0x0000000702e00000, 0x0000000703000000, 0x0000000703000000|100%| E|CS|TAMS 0x0000000702e00000, 0x0000000702e00000| Complete 
|  11|0x0000000703000000, 0x0000000703200000, 0x0000000703200000|100%| E|CS|TAMS 0x0000000703000000, 0x0000000703000000| Complete 
|  12|0x0000000703200000, 0x0000000703400000, 0x0000000703400000|100%| E|CS|TAMS 0x0000000703200000, 0x0000000703200000| Complete 
|  13|0x0000000703400000, 0x0000000703600000, 0x0000000703600000|100%| E|CS|TAMS 0x0000000703400000, 0x0000000703400000| Complete 
|  14|0x0000000703600000, 0x0000000703800000, 0x0000000703800000|100%| E|CS|TAMS 0x0000000703600000, 0x0000000703600000| Complete 
|  15|0x0000000703800000, 0x0000000703a00000, 0x0000000703a00000|100%| E|CS|TAMS 0x0000000703800000, 0x0000000703800000| Complete 
|  16|0x0000000703a00000, 0x0000000703c00000, 0x0000000703c00000|100%| E|CS|TAMS 0x0000000703a00000, 0x0000000703a00000| Complete 
|  17|0x0000000703c00000, 0x0000000703e00000, 0x0000000703e00000|100%| E|CS|TAMS 0x0000000703c00000, 0x0000000703c00000| Complete 
|  18|0x0000000703e00000, 0x0000000704000000, 0x0000000704000000|100%| E|CS|TAMS 0x0000000703e00000, 0x0000000703e00000| Complete 
|  19|0x0000000704000000, 0x0000000704200000, 0x0000000704200000|100%| E|CS|TAMS 0x0000000704000000, 0x0000000704000000| Complete 
|  20|0x0000000704200000, 0x0000000704400000, 0x0000000704400000|100%| E|CS|TAMS 0x0000000704200000, 0x0000000704200000| Complete 
|  21|0x0000000704400000, 0x0000000704600000, 0x0000000704600000|100%| E|CS|TAMS 0x0000000704400000, 0x0000000704400000| Complete 
|  22|0x0000000704600000, 0x0000000704800000, 0x0000000704800000|100%| S|  |TAMS 0x0000000704600000, 0x0000000704600000| Complete 
|  23|0x0000000704800000, 0x0000000704a00000, 0x0000000704a00000|100%| S|  |TAMS 0x0000000704800000, 0x0000000704800000| Complete 
|  24|0x0000000704a00000, 0x0000000704c00000, 0x0000000704c00000|100%| S|  |TAMS 0x0000000704a00000, 0x0000000704a00000| Complete 
|  25|0x0000000704c00000, 0x0000000704e00000, 0x0000000704e00000|100%| S|  |TAMS 0x0000000704c00000, 0x0000000704c00000| Complete 
|  26|0x0000000704e00000, 0x0000000704fed8b8, 0x0000000705000000| 96%| S|  |TAMS 0x0000000704e00000, 0x0000000704e00000| Complete 
|  97|0x000000070dc00000, 0x000000070dd81558, 0x000000070de00000| 75%| E|CS|TAMS 0x000000070dc00000, 0x000000070dc00000| Complete 
|  98|0x000000070de00000, 0x000000070e000000, 0x000000070e000000|100%| E|CS|TAMS 0x000000070de00000, 0x000000070de00000| Complete 
|  99|0x000000070e000000, 0x000000070e200000, 0x000000070e200000|100%| E|CS|TAMS 0x000000070e000000, 0x000000070e000000| Complete 
| 100|0x000000070e200000, 0x000000070e400000, 0x000000070e400000|100%| E|CS|TAMS 0x000000070e200000, 0x000000070e200000| Complete 
| 127|0x0000000711800000, 0x0000000711a00000, 0x0000000711a00000|100%| E|CS|TAMS 0x0000000711800000, 0x0000000711800000| Complete 

Card table byte_map: [0x00000229f8970000,0x00000229f9170000] _byte_map_base: 0x00000229f5163000

Marking Bits (Prev, Next): (CMBitMap*) 0x00000229e16957a0, (CMBitMap*) 0x00000229e1695760
 Prev Bits: [0x0000022980000000, 0x0000022983f98000)
 Next Bits: [0x00000229f9970000, 0x00000229fd908000)

Polling page: 0x00000229df4a0000

Metaspace:

Usage:
  Non-class:     23.53 MB used.
      Class:      3.60 MB used.
       Both:     27.14 MB used.

Virtual space:
  Non-class space:       64.00 MB reserved,      23.75 MB ( 37%) committed,  1 nodes.
      Class space:        1.00 GB reserved,       3.81 MB ( <1%) committed,  1 nodes.
             Both:        1.06 GB reserved,      27.56 MB (  3%) committed. 

Chunk freelists:
   Non-Class:  8.02 MB
       Class:  12.09 MB
        Both:  20.11 MB

MaxMetaspaceSize: unlimited
CompressedClassSpaceSize: 1.00 GB
Initial GC threshold: 21.00 MB
Current GC threshold: 35.12 MB
CDS: on
MetaspaceReclaimPolicy: balanced
 - commit_granule_bytes: 65536.
 - commit_granule_words: 8192.
 - virtual_space_node_default_size: 8388608.
 - enlarge_chunks_in_place: 1.
 - new_chunks_are_fully_committed: 0.
 - uncommit_free_chunks: 1.
 - use_allocation_guard: 0.
 - handle_deallocations: 1.


Internal statistics:

num_allocs_failed_limit: 3.
num_arena_births: 500.
num_arena_deaths: 0.
num_vsnodes_births: 2.
num_vsnodes_deaths: 0.
num_space_committed: 441.
num_space_uncommitted: 0.
num_chunks_returned_to_freelist: 3.
num_chunks_taken_from_freelist: 1527.
num_chunk_merges: 3.
num_chunk_splits: 1044.
num_chunks_enlarged: 779.
num_inconsistent_stats: 0.

CodeHeap 'non-profiled nmethods': size=120000Kb used=1686Kb max_used=1686Kb free=118313Kb
 bounds [0x00000229f0c40000, 0x00000229f0eb0000, 0x00000229f8170000]
CodeHeap 'profiled nmethods': size=120000Kb used=7904Kb max_used=7904Kb free=112095Kb
 bounds [0x00000229e9170000, 0x00000229e9930000, 0x00000229f06a0000]
CodeHeap 'non-nmethods': size=5760Kb used=1221Kb max_used=1275Kb free=4538Kb
 bounds [0x00000229f06a0000, 0x00000229f0910000, 0x00000229f0c40000]
 total_blobs=4188 nmethods=3664 adapters=436
 compilation: enabled
              stopped_count=0, restarted_count=0
 full_count=0

Compilation events (20 events):
Event: 4.724 Thread 0x00000229c902df70 3671       3       org.springframework.util.ReflectionUtils::isObjectMethod (40 bytes)
Event: 4.724 Thread 0x00000229c902df70 nmethod 3671 0x00000229e9923390 code [0x00000229e99235a0, 0x00000229e9923be8]
Event: 4.724 Thread 0x00000229c902df70 3673       3       java.util.concurrent.ConcurrentHashMap$KeySetView::add (36 bytes)
Event: 4.724 Thread 0x00000229c902df70 nmethod 3673 0x00000229e9923e10 code [0x00000229e9923fc0, 0x00000229e9924278]
Event: 4.725 Thread 0x00000229c902df70 3675       3       org.springframework.core.annotation.TypeMappedAnnotations::isPresent (39 bytes)
Event: 4.725 Thread 0x00000229c902df70 nmethod 3675 0x00000229e9924390 code [0x00000229e9924580, 0x00000229e9924b68]
Event: 4.726 Thread 0x00000229c902df70 3677       3       org.springframework.beans.BeanMetadataAttribute::<init> (21 bytes)
Event: 4.726 Thread 0x00000229c902df70 nmethod 3677 0x00000229e9924d10 code [0x00000229e9924ee0, 0x00000229e9925288]
Event: 4.726 Thread 0x00000229c902df70 3679       3       org.springframework.beans.factory.annotation.AutowiredAnnotationBeanPostProcessor$$Lambda$646/0x00000229853912c8::doWith (13 bytes)
Event: 4.726 Thread 0x00000229c902df70 nmethod 3679 0x00000229e9925410 code [0x00000229e99255c0, 0x00000229e9925728]
Event: 4.726 Thread 0x00000229c902df70 3678       3       org.springframework.core.AttributeAccessorSupport::setAttribute (32 bytes)
Event: 4.727 Thread 0x00000229c902df70 nmethod 3678 0x00000229e9925810 code [0x00000229e9925a40, 0x00000229e9926318]
Event: 4.729 Thread 0x00000229c902df70 3680       3       org.springframework.boot.context.properties.source.SpringIterableConfigurationPropertySource::ancestorOfCheck (57 bytes)
Event: 4.730 Thread 0x00000229c902df70 nmethod 3680 0x00000229e9926590 code [0x00000229e9926760, 0x00000229e9926af8]
Event: 4.730 Thread 0x00000229c902df70 3681       3       java.util.Optional::isPresent (13 bytes)
Event: 4.730 Thread 0x00000229c902df70 nmethod 3681 0x00000229e9926c90 code [0x00000229e9926e20, 0x00000229e9926f98]
Event: 4.731 Thread 0x00000229c902df70 3682   !   3       org.springframework.core.annotation.AnnotationsScanner::processElement (40 bytes)
Event: 4.731 Thread 0x00000229c902df70 nmethod 3682 0x00000229e9927010 code [0x00000229e9927200, 0x00000229e99275f8]
Event: 4.737 Thread 0x00000229c902df70 3683       3       java.util.concurrent.ConcurrentHashMap::<init> (73 bytes)
Event: 4.737 Thread 0x00000229c902df70 nmethod 3683 0x00000229e9927790 code [0x00000229e99279a0, 0x00000229e9927ef8]

GC Heap History (9 events):
Event: 0.880 GC heap before
{Heap before GC invocations=0 (full 0):
 garbage-first heap   total 262144K, used 12288K [0x0000000701a00000, 0x0000000800000000)
  region size 2048K, 6 young (12288K), 0 survivors (0K)
 Metaspace       used 2391K, committed 2560K, reserved 1114112K
  class space    used 230K, committed 320K, reserved 1048576K
}
Event: 0.888 GC heap after
{Heap after GC invocations=1 (full 0):
 garbage-first heap   total 262144K, used 6192K [0x0000000701a00000, 0x0000000800000000)
  region size 2048K, 1 young (2048K), 1 survivors (2048K)
 Metaspace       used 2391K, committed 2560K, reserved 1114112K
  class space    used 230K, committed 320K, reserved 1048576K
}
Event: 1.349 GC heap before
{Heap before GC invocations=1 (full 0):
 garbage-first heap   total 262144K, used 16432K [0x0000000701a00000, 0x0000000800000000)
  region size 2048K, 6 young (12288K), 1 survivors (2048K)
 Metaspace       used 5881K, committed 6080K, reserved 1114112K
  class space    used 693K, committed 768K, reserved 1048576K
}
Event: 1.353 GC heap after
{Heap after GC invocations=2 (full 0):
 garbage-first heap   total 262144K, used 7105K [0x0000000701a00000, 0x0000000800000000)
  region size 2048K, 1 young (2048K), 1 survivors (2048K)
 Metaspace       used 5881K, committed 6080K, reserved 1114112K
  class space    used 693K, committed 768K, reserved 1048576K
}
Event: 2.079 GC heap before
{Heap before GC invocations=2 (full 0):
 garbage-first heap   total 262144K, used 27585K [0x0000000701a00000, 0x0000000800000000)
  region size 2048K, 12 young (24576K), 1 survivors (2048K)
 Metaspace       used 11053K, committed 11328K, reserved 1114112K
  class space    used 1437K, committed 1536K, reserved 1048576K
}
Event: 2.083 GC heap after
{Heap after GC invocations=3 (full 0):
 garbage-first heap   total 262144K, used 8628K [0x0000000701a00000, 0x0000000800000000)
  region size 2048K, 2 young (4096K), 2 survivors (4096K)
 Metaspace       used 11053K, committed 11328K, reserved 1114112K
  class space    used 1437K, committed 1536K, reserved 1048576K
}
Event: 3.162 GC heap before
{Heap before GC invocations=3 (full 0):
 garbage-first heap   total 262144K, used 57780K [0x0000000701a00000, 0x0000000800000000)
  region size 2048K, 27 young (55296K), 2 survivors (4096K)
 Metaspace       used 21174K, committed 21504K, reserved 1114112K
  class space    used 2719K, committed 2880K, reserved 1048576K
}
Event: 3.172 GC heap after
{Heap after GC invocations=4 (full 0):
 garbage-first heap   total 262144K, used 13829K [0x0000000701a00000, 0x0000000800000000)
  region size 2048K, 4 young (8192K), 4 survivors (8192K)
 Metaspace       used 21174K, committed 21504K, reserved 1114112K
  class space    used 2719K, committed 2880K, reserved 1048576K
}
Event: 4.738 GC heap before
{Heap before GC invocations=5 (full 0):
 garbage-first heap   total 55296K, used 54789K [0x0000000701a00000, 0x0000000800000000)
  region size 2048K, 24 young (49152K), 4 survivors (8192K)
 Metaspace       used 27787K, committed 28224K, reserved 1114112K
  class space    used 3690K, committed 3904K, reserved 1048576K
}

Dll operation events (10 events):
Event: 0.017 Loaded shared library C:\Users\Admin\.jdks\ms-17.0.15\bin\java.dll
Event: 0.057 Loaded shared library C:\Users\Admin\.jdks\ms-17.0.15\bin\jsvml.dll
Event: 0.355 Loaded shared library C:\Users\Admin\.jdks\ms-17.0.15\bin\zip.dll
Event: 0.360 Loaded shared library C:\Users\Admin\.jdks\ms-17.0.15\bin\instrument.dll
Event: 0.393 Loaded shared library C:\Users\Admin\.jdks\ms-17.0.15\bin\net.dll
Event: 0.413 Loaded shared library C:\Users\Admin\.jdks\ms-17.0.15\bin\nio.dll
Event: 0.418 Loaded shared library C:\Users\Admin\.jdks\ms-17.0.15\bin\zip.dll
Event: 0.607 Loaded shared library C:\Users\Admin\.jdks\ms-17.0.15\bin\extnet.dll
Event: 0.673 Loaded shared library C:\Users\Admin\.jdks\ms-17.0.15\bin\jimage.dll
Event: 3.020 Loaded shared library C:\Users\Admin\.jdks\ms-17.0.15\bin\sunmscapi.dll

Deoptimization events (20 events):
Event: 4.267 Thread 0x00000229e162baf0 DEOPT PACKING pc=0x00000229f0db0314 sp=0x000000cf696fec80
Event: 4.267 Thread 0x00000229e162baf0 DEOPT UNPACKING pc=0x00000229f06f69a3 sp=0x000000cf696feb68 mode 2
Event: 4.350 Thread 0x00000229e162baf0 Uncommon trap: trap_request=0xffffff45 fr.pc=0x00000229f0d81520 relative=0x00000000000006c0
Event: 4.350 Thread 0x00000229e162baf0 Uncommon trap: reason=unstable_if action=reinterpret pc=0x00000229f0d81520 method=org.springframework.beans.factory.support.DefaultSingletonBeanRegistry.getSingleton(Ljava/lang/String;Z)Ljava/lang/Object; @ 20 c2
Event: 4.350 Thread 0x00000229e162baf0 DEOPT PACKING pc=0x00000229f0d81520 sp=0x000000cf696fdad0
Event: 4.350 Thread 0x00000229e162baf0 DEOPT UNPACKING pc=0x00000229f06f69a3 sp=0x000000cf696fda70 mode 2
Event: 4.382 Thread 0x00000229e162baf0 Uncommon trap: trap_request=0xffffff45 fr.pc=0x00000229f0db91b8 relative=0x00000000000014d8
Event: 4.382 Thread 0x00000229e162baf0 Uncommon trap: reason=unstable_if action=reinterpret pc=0x00000229f0db91b8 method=org.springframework.beans.factory.support.AbstractAutowireCapableBeanFactory.predictBeanType(Ljava/lang/String;Lorg/springframework/beans/factory/support/RootBeanDefinition;
Event: 4.382 Thread 0x00000229e162baf0 DEOPT PACKING pc=0x00000229f0db91b8 sp=0x000000cf696fd4c0
Event: 4.382 Thread 0x00000229e162baf0 DEOPT UNPACKING pc=0x00000229f06f69a3 sp=0x000000cf696fd4b8 mode 2
Event: 4.479 Thread 0x00000229e162baf0 Uncommon trap: trap_request=0xffffff45 fr.pc=0x00000229f0d54224 relative=0x0000000000000844
Event: 4.479 Thread 0x00000229e162baf0 Uncommon trap: reason=unstable_if action=reinterpret pc=0x00000229f0d54224 method=org.springframework.util.ConcurrentReferenceHashMap$Segment.findInChain(Lorg/springframework/util/ConcurrentReferenceHashMap$Reference;Ljava/lang/Object;I)Lorg/springframewo
Event: 4.479 Thread 0x00000229e162baf0 DEOPT PACKING pc=0x00000229f0d54224 sp=0x000000cf696fcf30
Event: 4.479 Thread 0x00000229e162baf0 DEOPT UNPACKING pc=0x00000229f06f69a3 sp=0x000000cf696fcde0 mode 2
Event: 4.479 Thread 0x00000229e162baf0 Uncommon trap: trap_request=0xffffff45 fr.pc=0x00000229f0d5576c relative=0x000000000000070c
Event: 4.479 Thread 0x00000229e162baf0 Uncommon trap: reason=unstable_if action=reinterpret pc=0x00000229f0d5576c method=org.springframework.util.ConcurrentReferenceHashMap$Segment.findInChain(Lorg/springframework/util/ConcurrentReferenceHashMap$Reference;Ljava/lang/Object;I)Lorg/springframewo
Event: 4.479 Thread 0x00000229e162baf0 DEOPT PACKING pc=0x00000229f0d5576c sp=0x000000cf696fce90
Event: 4.479 Thread 0x00000229e162baf0 DEOPT UNPACKING pc=0x00000229f06f69a3 sp=0x000000cf696fcdd8 mode 2
Event: 4.737 Thread 0x00000229e162baf0 DEOPT PACKING pc=0x00000229e96822c7 sp=0x000000cf696fa660
Event: 4.737 Thread 0x00000229e162baf0 DEOPT UNPACKING pc=0x00000229f06f7143 sp=0x000000cf696f9b48 mode 0

Classes loaded (20 events):
Event: 4.565 Loading class javax/management/NotificationBroadcaster done
Event: 4.565 Loading class javax/management/NotificationEmitter done
Event: 4.640 Loading class java/security/KeyStoreException
Event: 4.640 Loading class java/security/KeyStoreException done
Event: 4.640 Loading class java/security/UnrecoverableKeyException
Event: 4.640 Loading class java/security/UnrecoverableEntryException
Event: 4.640 Loading class java/security/UnrecoverableEntryException done
Event: 4.640 Loading class java/security/UnrecoverableKeyException done
Event: 4.654 Loading class java/util/function/ObjIntConsumer
Event: 4.654 Loading class java/util/function/ObjIntConsumer done
Event: 4.689 Loading class javax/management/MBeanRegistrationException
Event: 4.689 Loading class javax/management/MBeanException
Event: 4.689 Loading class javax/management/JMException
Event: 4.689 Loading class javax/management/JMException done
Event: 4.689 Loading class javax/management/MBeanException done
Event: 4.689 Loading class javax/management/MBeanRegistrationException done
Event: 4.689 Loading class javax/management/InstanceNotFoundException
Event: 4.689 Loading class javax/management/OperationsException
Event: 4.689 Loading class javax/management/OperationsException done
Event: 4.689 Loading class javax/management/InstanceNotFoundException done

Classes unloaded (0 events):
No events

Classes redefined (0 events):
No events

Internal exceptions (20 events):
Event: 4.183 Thread 0x00000229e162baf0 Exception <a 'java/lang/NoSuchMethodError'{0x0000000702f9ade0}: 'java.lang.Object java.lang.invoke.DelegatingMethodHandle$Holder.delegate(java.lang.Object, int, java.lang.Object, java.lang.Object)'> (0x0000000702f9ade0) 
thrown [s\src\hotspot\share\interpreter\linkResolver.cpp, line 759]
Event: 4.186 Thread 0x00000229e162baf0 Exception <a 'java/lang/NoSuchMethodError'{0x0000000702fabc48}: 'int java.lang.invoke.Invokers$Holder.linkToTargetMethod(java.lang.Object, java.lang.Object, java.lang.Object)'> (0x0000000702fabc48) 
thrown [s\src\hotspot\share\interpreter\linkResolver.cpp, line 759]
Event: 4.246 Thread 0x00000229e162baf0 Exception <a 'java/lang/NoSuchMethodError'{0x0000000702ccec00}: 'java.lang.Object java.lang.invoke.DirectMethodHandle$Holder.newInvokeSpecial(java.lang.Object, java.lang.Object, java.lang.Object, java.lang.Object, java.lang.Object, java.lang.Object)'> (0x0000000702ccec00) 
thrown [s\src\hotspot\share\interpreter\linkResolver.cpp, line 759]
Event: 4.265 Thread 0x00000229e162baf0 Exception <a 'java/lang/NoClassDefFoundError'{0x0000000702d66700}: org/flywaydb/core/Flyway> (0x0000000702d66700) 
thrown [s\src\hotspot\share\classfile\systemDictionary.cpp, line 245]
Event: 4.265 Thread 0x00000229e162baf0 Exception <a 'java/lang/NoClassDefFoundError'{0x0000000702d67b88}: liquibase/integration/spring/SpringLiquibase> (0x0000000702d67b88) 
thrown [s\src\hotspot\share\classfile\systemDictionary.cpp, line 245]
Event: 4.275 Thread 0x00000229e162baf0 Exception <a 'java/lang/NoClassDefFoundError'{0x0000000702da7ba8}: org/jooq/DSLContext> (0x0000000702da7ba8) 
thrown [s\src\hotspot\share\classfile\systemDictionary.cpp, line 245]
Event: 4.328 Thread 0x00000229e162baf0 Exception <a 'java/lang/NoClassDefFoundError'{0x0000000702b77c78}: org/springframework/batch/core/repository/JobRepository> (0x0000000702b77c78) 
thrown [s\src\hotspot\share\classfile\systemDictionary.cpp, line 245]
Event: 4.328 Thread 0x00000229e162baf0 Exception <a 'java/lang/NoClassDefFoundError'{0x0000000702b78e70}: org/quartz/Scheduler> (0x0000000702b78e70) 
thrown [s\src\hotspot\share\classfile\systemDictionary.cpp, line 245]
Event: 4.328 Thread 0x00000229e162baf0 Exception <a 'java/lang/NoClassDefFoundError'{0x0000000702b7a468}: org/springframework/session/jdbc/JdbcIndexedSessionRepository> (0x0000000702b7a468) 
thrown [s\src\hotspot\share\classfile\systemDictionary.cpp, line 245]
Event: 4.358 Thread 0x00000229e162baf0 Exception <a 'java/lang/NoSuchMethodError'{0x0000000702829b40}: 'void java.lang.invoke.DirectMethodHandle$Holder.invokeSpecial(java.lang.Object, java.lang.Object, java.lang.Object, java.lang.Object, java.lang.Object, java.lang.Object)'> (0x0000000702829b40) 
thrown [s\src\hotspot\share\interpreter\linkResolver.cpp, line 759]
Event: 4.397 Thread 0x00000229e162baf0 Exception <a 'java/lang/IncompatibleClassChangeError'{0x000000070292dfe8}: Found class java.lang.Object, but interface was expected> (0x000000070292dfe8) 
thrown [s\src\hotspot\share\interpreter\linkResolver.cpp, line 826]
Event: 4.669 Thread 0x00000229e162baf0 Exception <a 'java/lang/NoSuchMethodError'{0x00000007023f05f8}: 'void java.lang.invoke.DirectMethodHandle$Holder.invokeInterface(java.lang.Object, java.lang.Object, int)'> (0x00000007023f05f8) 
thrown [s\src\hotspot\share\interpreter\linkResolver.cpp, line 759]
Event: 4.676 Thread 0x00000229e162baf0 Exception <a 'java/lang/IncompatibleClassChangeError'{0x00000007020405e8}: Found class java.lang.Object, but interface was expected> (0x00000007020405e8) 
thrown [s\src\hotspot\share\interpreter\linkResolver.cpp, line 826]
Event: 4.680 Thread 0x00000229e162baf0 Exception <a 'java/lang/NoSuchMethodError'{0x0000000702051cc0}: 'int java.lang.invoke.DirectMethodHandle$Holder.invokeSpecialIFC(java.lang.Object, java.lang.Object, java.lang.Object)'> (0x0000000702051cc0) 
thrown [s\src\hotspot\share\interpreter\linkResolver.cpp, line 759]
Event: 4.683 Thread 0x00000229e162baf0 Exception <a 'java/lang/NoSuchMethodError'{0x000000070206a4e8}: 'void java.lang.invoke.DirectMethodHandle$Holder.invokeStatic(java.lang.Object, int, java.lang.Object)'> (0x000000070206a4e8) 
thrown [s\src\hotspot\share\interpreter\linkResolver.cpp, line 759]
Event: 4.690 Thread 0x00000229e162baf0 Exception <a 'java/lang/NoSuchMethodError'{0x00000007020a6af0}: 'void java.lang.invoke.DirectMethodHandle$Holder.invokeVirtual(java.lang.Object, java.lang.Object, int)'> (0x00000007020a6af0) 
thrown [s\src\hotspot\share\interpreter\linkResolver.cpp, line 759]
Event: 4.691 Thread 0x00000229e162baf0 Exception <a 'java/lang/NoSuchMethodError'{0x00000007020acd28}: 'void java.lang.invoke.DirectMethodHandle$Holder.invokeStatic(java.lang.Object, java.lang.Object, java.lang.Object, int, java.lang.Object)'> (0x00000007020acd28) 
thrown [s\src\hotspot\share\interpreter\linkResolver.cpp, line 759]
Event: 4.691 Thread 0x00000229e162baf0 Exception <a 'java/lang/NoSuchMethodError'{0x00000007020b4230}: 'java.lang.Object java.lang.invoke.DirectMethodHandle$Holder.newInvokeSpecial(java.lang.Object, java.lang.Object, java.lang.Object, int)'> (0x00000007020b4230) 
thrown [s\src\hotspot\share\interpreter\linkResolver.cpp, line 759]
Event: 4.692 Thread 0x00000229e162baf0 Exception <a 'java/lang/NoSuchMethodError'{0x00000007020b8518}: 'java.lang.Object java.lang.invoke.DirectMethodHandle$Holder.invokeSpecial(java.lang.Object, java.lang.Object, java.lang.Object, java.lang.Object, int)'> (0x00000007020b8518) 
thrown [s\src\hotspot\share\interpreter\linkResolver.cpp, line 759]
Event: 4.692 Thread 0x00000229e162baf0 Exception <a 'java/lang/NoSuchMethodError'{0x00000007020bc0e0}: 'java.lang.Object java.lang.invoke.Invokers$Holder.linkToTargetMethod(java.lang.Object, java.lang.Object, int, java.lang.Object)'> (0x00000007020bc0e0) 
thrown [s\src\hotspot\share\interpreter\linkResolver.cpp, line 759]

VM Operations (20 events):
Event: 3.783 Executing VM operation: HandshakeAllThreads done
Event: 3.783 Executing VM operation: HandshakeAllThreads
Event: 3.783 Executing VM operation: HandshakeAllThreads done
Event: 3.791 Executing VM operation: HandshakeAllThreads
Event: 3.791 Executing VM operation: HandshakeAllThreads done
Event: 3.792 Executing VM operation: HandshakeAllThreads
Event: 3.792 Executing VM operation: HandshakeAllThreads done
Event: 3.889 Executing VM operation: HandshakeAllThreads
Event: 3.889 Executing VM operation: HandshakeAllThreads done
Event: 3.940 Executing VM operation: HandshakeAllThreads
Event: 3.940 Executing VM operation: HandshakeAllThreads done
Event: 4.157 Executing VM operation: ICBufferFull
Event: 4.157 Executing VM operation: ICBufferFull done
Event: 4.163 Executing VM operation: HandshakeAllThreads
Event: 4.164 Executing VM operation: HandshakeAllThreads done
Event: 4.237 Executing VM operation: HandshakeAllThreads
Event: 4.237 Executing VM operation: HandshakeAllThreads done
Event: 4.441 Executing VM operation: HandshakeAllThreads
Event: 4.441 Executing VM operation: HandshakeAllThreads done
Event: 4.738 Executing VM operation: G1CollectForAllocation

Memory protections (0 events):
No events

Nmethod flushes (0 events):
No events

Events (20 events):
Event: 0.058 Thread 0x00000229e162baf0 Thread added: 0x00000229e162baf0
Event: 0.062 Thread 0x00000229e162baf0 Thread added: 0x00000229ffe18130
Event: 0.063 Thread 0x00000229e162baf0 Thread added: 0x00000229ffe18fb0
Event: 0.079 Thread 0x00000229e162baf0 Thread added: 0x00000229ffe29b70
Event: 0.079 Thread 0x00000229e162baf0 Thread added: 0x00000229ffe2a730
Event: 0.079 Thread 0x00000229e162baf0 Thread added: 0x00000229ffe2f8e0
Event: 0.079 Thread 0x00000229e162baf0 Thread added: 0x00000229ffe38a60
Event: 0.079 Thread 0x00000229e162baf0 Thread added: 0x00000229c9008090
Event: 0.079 Thread 0x00000229e162baf0 Thread added: 0x00000229c902df70
Event: 0.080 Thread 0x00000229e162baf0 Thread added: 0x00000229c903a940
Event: 0.246 Thread 0x00000229e162baf0 Thread added: 0x00000229c9037190
Event: 0.586 Thread 0x00000229e162baf0 Thread added: 0x00000229c9039f20
Event: 0.586 Thread 0x00000229e162baf0 Thread added: 0x00000229c90376a0
Event: 0.925 Thread 0x00000229c9008090 Thread added: 0x00000229c9545260
Event: 1.873 Thread 0x00000229e162baf0 Thread added: 0x00000229c9038ff0
Event: 2.577 Thread 0x00000229e162baf0 Thread added: 0x00000229c90380c0
Event: 2.638 Thread 0x00000229c90380c0 Thread exited: 0x00000229c90380c0
Event: 2.684 Thread 0x00000229e162baf0 Thread added: 0x00000229c9039500
Event: 2.711 Thread 0x00000229c9039500 Thread exited: 0x00000229c9039500
Event: 3.034 Thread 0x00000229c9038ff0 Thread exited: 0x00000229c9038ff0


Dynamic libraries:
0x00007ff674e50000 - 0x00007ff674e5e000 	C:\Users\Admin\.jdks\ms-17.0.15\bin\java.exe
0x00007ffee8cb0000 - 0x00007ffee8ea8000 	C:\Windows\SYSTEM32\ntdll.dll
0x00007ffee85c0000 - 0x00007ffee8682000 	C:\Windows\System32\KERNEL32.DLL
0x00007ffee64d0000 - 0x00007ffee67c6000 	C:\Windows\System32\KERNELBASE.dll
0x00007ffee63d0000 - 0x00007ffee64d0000 	C:\Windows\System32\ucrtbase.dll
0x00007ffeda550000 - 0x00007ffeda56d000 	C:\Users\Admin\.jdks\ms-17.0.15\bin\VCRUNTIME140.dll
0x00007ffedac10000 - 0x00007ffedac27000 	C:\Users\Admin\.jdks\ms-17.0.15\bin\jli.dll
0x00007ffee72f0000 - 0x00007ffee748d000 	C:\Windows\System32\USER32.dll
0x00007ffee6bf0000 - 0x00007ffee6c12000 	C:\Windows\System32\win32u.dll
0x00007ffee6da0000 - 0x00007ffee6dcb000 	C:\Windows\System32\GDI32.dll
0x00007ffee6ad0000 - 0x00007ffee6be9000 	C:\Windows\System32\gdi32full.dll
0x00007ffee6850000 - 0x00007ffee68ed000 	C:\Windows\System32\msvcp_win.dll
0x00007ffedd420000 - 0x00007ffedd6ba000 	C:\Windows\WinSxS\amd64_microsoft.windows.common-controls_6595b64144ccf1df_6.0.19041.5915_none_60b4b9d171f9c7c7\COMCTL32.dll
0x00007ffee7170000 - 0x00007ffee720e000 	C:\Windows\System32\msvcrt.dll
0x00007ffee7cf0000 - 0x00007ffee7d1f000 	C:\Windows\System32\IMM32.DLL
0x00007ffee09d0000 - 0x00007ffee09dc000 	C:\Users\Admin\.jdks\ms-17.0.15\bin\vcruntime140_1.dll
0x00007ffec3ff0000 - 0x00007ffec407d000 	C:\Users\Admin\.jdks\ms-17.0.15\bin\msvcp140.dll
0x00007ffe95f50000 - 0x00007ffe96bc2000 	C:\Users\Admin\.jdks\ms-17.0.15\bin\server\jvm.dll
0x00007ffee6cd0000 - 0x00007ffee6d81000 	C:\Windows\System32\ADVAPI32.dll
0x00007ffee7d20000 - 0x00007ffee7dbf000 	C:\Windows\System32\sechost.dll
0x00007ffee8b20000 - 0x00007ffee8c43000 	C:\Windows\System32\RPCRT4.dll
0x00007ffee6940000 - 0x00007ffee6967000 	C:\Windows\System32\bcrypt.dll
0x00007ffee7b10000 - 0x00007ffee7b7b000 	C:\Windows\System32\WS2_32.dll
0x00007ffee5890000 - 0x00007ffee58db000 	C:\Windows\SYSTEM32\POWRPROF.dll
0x00007ffed65e0000 - 0x00007ffed6607000 	C:\Windows\SYSTEM32\WINMM.dll
0x00007ffedfa20000 - 0x00007ffedfa2a000 	C:\Windows\SYSTEM32\VERSION.dll
0x00007ffee5700000 - 0x00007ffee5712000 	C:\Windows\SYSTEM32\UMPDC.dll
0x00007ffee4210000 - 0x00007ffee4222000 	C:\Windows\SYSTEM32\kernel.appcore.dll
0x00007ffee04f0000 - 0x00007ffee04fa000 	C:\Users\Admin\.jdks\ms-17.0.15\bin\jimage.dll
0x00007ffee3680000 - 0x00007ffee3881000 	C:\Windows\SYSTEM32\DBGHELP.DLL
0x00007ffede690000 - 0x00007ffede6c4000 	C:\Windows\SYSTEM32\dbgcore.DLL
0x00007ffee6340000 - 0x00007ffee63c2000 	C:\Windows\System32\bcryptPrimitives.dll
0x00007ffedfe00000 - 0x00007ffedfe0e000 	C:\Users\Admin\.jdks\ms-17.0.15\bin\instrument.dll
0x00007ffed59a0000 - 0x00007ffed59c5000 	C:\Users\Admin\.jdks\ms-17.0.15\bin\java.dll
0x00007ffebb7b0000 - 0x00007ffebb886000 	C:\Users\Admin\.jdks\ms-17.0.15\bin\jsvml.dll
0x00007ffee7dc0000 - 0x00007ffee852e000 	C:\Windows\System32\SHELL32.dll
0x00007ffee4380000 - 0x00007ffee4b24000 	C:\Windows\SYSTEM32\windows.storage.dll
0x00007ffee87c0000 - 0x00007ffee8b13000 	C:\Windows\System32\combase.dll
0x00007ffee5c90000 - 0x00007ffee5cbb000 	C:\Windows\SYSTEM32\Wldp.dll
0x00007ffee6e90000 - 0x00007ffee6f5d000 	C:\Windows\System32\OLEAUT32.dll
0x00007ffee6dd0000 - 0x00007ffee6e7d000 	C:\Windows\System32\SHCORE.dll
0x00007ffee7c90000 - 0x00007ffee7ceb000 	C:\Windows\System32\shlwapi.dll
0x00007ffee6270000 - 0x00007ffee6294000 	C:\Windows\SYSTEM32\profapi.dll
0x00007ffed5ad0000 - 0x00007ffed5ae8000 	C:\Users\Admin\.jdks\ms-17.0.15\bin\zip.dll
0x00007ffed5980000 - 0x00007ffed599a000 	C:\Users\Admin\.jdks\ms-17.0.15\bin\net.dll
0x00007ffedde70000 - 0x00007ffeddf7a000 	C:\Windows\SYSTEM32\WINHTTP.dll
0x00007ffee5a70000 - 0x00007ffee5ada000 	C:\Windows\system32\mswsock.dll
0x00007ffecf810000 - 0x00007ffecf826000 	C:\Users\Admin\.jdks\ms-17.0.15\bin\nio.dll
0x00007ffedfa60000 - 0x00007ffedfa69000 	C:\Users\Admin\.jdks\ms-17.0.15\bin\extnet.dll
0x00007ffedae50000 - 0x00007ffedae5e000 	C:\Users\Admin\.jdks\ms-17.0.15\bin\sunmscapi.dll
0x00007ffee6970000 - 0x00007ffee6acd000 	C:\Windows\System32\CRYPT32.dll
0x00007ffee5de0000 - 0x00007ffee5e07000 	C:\Windows\SYSTEM32\ncrypt.dll
0x00007ffee5da0000 - 0x00007ffee5ddb000 	C:\Windows\SYSTEM32\NTASN1.dll

dbghelp: loaded successfully - version: 4.0.5 - missing functions: none
symbol engine: initialized successfully - sym options: 0x614 - pdb path: .;C:\Users\Admin\.jdks\ms-17.0.15\bin;C:\Windows\SYSTEM32;C:\Windows\WinSxS\amd64_microsoft.windows.common-controls_6595b64144ccf1df_6.0.19041.5915_none_60b4b9d171f9c7c7;C:\Users\Admin\.jdks\ms-17.0.15\bin\server

VM Arguments:
jvm_args: -javaagent:C:\Program Files\JetBrains\IntelliJ IDEA Community Edition 2025.1.1.1\lib\idea_rt.jar=56047 -Dfile.encoding=UTF-8 
java_command: com.primeproperties.prime_properties.PrimePropertiesApplication
java_class_path (initial): E:\prime-properties\target\classes;C:\Users\Admin\.m2\repository\org\springframework\boot\spring-boot-starter-data-jpa\3.5.0\spring-boot-starter-data-jpa-3.5.0.jar;C:\Users\Admin\.m2\repository\org\springframework\boot\spring-boot-starter\3.5.0\spring-boot-starter-3.5.0.jar;C:\Users\Admin\.m2\repository\org\springframework\boot\spring-boot\3.5.0\spring-boot-3.5.0.jar;C:\Users\Admin\.m2\repository\org\springframework\boot\spring-boot-autoconfigure\3.5.0\spring-boot-autoconfigure-3.5.0.jar;C:\Users\Admin\.m2\repository\org\springframework\boot\spring-boot-starter-logging\3.5.0\spring-boot-starter-logging-3.5.0.jar;C:\Users\Admin\.m2\repository\ch\qos\logback\logback-classic\1.5.18\logback-classic-1.5.18.jar;C:\Users\Admin\.m2\repository\ch\qos\logback\logback-core\1.5.18\logback-core-1.5.18.jar;C:\Users\Admin\.m2\repository\org\apache\logging\log4j\log4j-to-slf4j\2.24.3\log4j-to-slf4j-2.24.3.jar;C:\Users\Admin\.m2\repository\org\apache\logging\log4j\log4j-api\2.24.3\log4j-api-2.24.3.jar;C:\Users\Admin\.m2\repository\org\slf4j\jul-to-slf4j\2.0.17\jul-to-slf4j-2.0.17.jar;C:\Users\Admin\.m2\repository\jakarta\annotation\jakarta.annotation-api\2.1.1\jakarta.annotation-api-2.1.1.jar;C:\Users\Admin\.m2\repository\org\yaml\snakeyaml\2.4\snakeyaml-2.4.jar;C:\Users\Admin\.m2\repository\org\springframework\boot\spring-boot-starter-jdbc\3.5.0\spring-boot-starter-jdbc-3.5.0.jar;C:\Users\Admin\.m2\repository\com\zaxxer\HikariCP\6.3.0\HikariCP-6.3.0.jar;C:\Users\Admin\.m2\repository\org\springframework\spring-jdbc\6.2.7\spring-jdbc-6.2.7.jar;C:\Users\Admin\.m2\repository\org\hibernate\orm\hibernate-core\6.6.15.Final\hibernate-core-6.6.15.Final.jar;C:\Users\Admin\.m2\repository\jakarta\persistence\jakarta.persistence-api\3.1.0\jakarta.persistence-api-3.1.0.jar;C:\Users\Admin\.m2\repository\jakarta\transaction\jakarta.transaction-api\2.0.1\jakarta.transaction-api-2.0.1.jar;C:\Users\Admin\.m2\repository\org\jboss\logging\jboss-logging\3.6.1.Final\jboss-log
Launcher Type: SUN_STANDARD

[Global flags]
     intx CICompilerCount                          = 3                                         {product} {ergonomic}
     uint ConcGCThreads                            = 1                                         {product} {ergonomic}
     uint G1ConcRefinementThreads                  = 4                                         {product} {ergonomic}
   size_t G1HeapRegionSize                         = 2097152                                   {product} {ergonomic}
    uintx GCDrainStackTargetSize                   = 64                                        {product} {ergonomic}
   size_t InitialHeapSize                          = 268435456                                 {product} {ergonomic}
   size_t MarkStackSize                            = 4194304                                   {product} {ergonomic}
   size_t MaxHeapSize                              = 4267704320                                {product} {ergonomic}
   size_t MaxNewSize                               = 2560622592                                {product} {ergonomic}
   size_t MinHeapDeltaBytes                        = 2097152                                   {product} {ergonomic}
   size_t MinHeapSize                              = 8388608                                   {product} {ergonomic}
    uintx NonNMethodCodeHeapSize                   = 5832780                                {pd product} {ergonomic}
    uintx NonProfiledCodeHeapSize                  = 122912730                              {pd product} {ergonomic}
    uintx ProfiledCodeHeapSize                     = 122912730                              {pd product} {ergonomic}
    uintx ReservedCodeCacheSize                    = 251658240                              {pd product} {ergonomic}
     bool SegmentedCodeCache                       = true                                      {product} {ergonomic}
   size_t SoftMaxHeapSize                          = 4267704320                             {manageable} {ergonomic}
     bool UseCompressedClassPointers               = true                           {product lp64_product} {ergonomic}
     bool UseCompressedOops                        = true                           {product lp64_product} {ergonomic}
     bool UseG1GC                                  = true                                      {product} {ergonomic}
     bool UseLargePagesIndividualAllocation        = false                                  {pd product} {ergonomic}

Logging:
Log output configuration:
 #0: stdout all=warning uptime,level,tags
 #1: stderr all=off uptime,level,tags

Environment Variables:
JAVA_HOME=C:\Program Files\Java\jdk-17
PATH=C:\Program Files\Common Files\Oracle\Java\javapath;C:\Windows\system32;C:\Windows;C:\Windows\System32\Wbem;C:\Windows\System32\WindowsPowerShell\v1.0\;C:\Windows\System32\OpenSSH\;C:\Program Files\Java\jdk-17\bin;C:\Program Files\MySQL\MySQL Server 8.0\bin;C:\Program Files\Git\cmd;D:\maven-mvnd-1.0.2-windows-amd64\bin;C:\Program Files\apache-maven-3.8.6\bin;C:\Program Files\maven-mvnd-1.0.2-windows-amd64\bin;;C:\Program Files\Docker\Docker\resources\bin;C:\Program Files\MySQL\MySQL Shell 8.0\bin\;C:\Users\Admin\AppData\Local\Microsoft\WindowsApps;C:\Users\Admin\AppData\Local\Programs\Microsoft VS Code\bin;C:\Program Files\JetBrains\IntelliJ IDEA Community Edition 2025.1.1.1\bin;C:\Program Files\maven-mvnd-1.0.2-windows-amd64\mvn\bin;C:\Program Files\Java\jdk-17\bin;;C:\Users\Admin\.fly\bin
USERNAME=Admin
OS=Windows_NT
PROCESSOR_IDENTIFIER=Intel64 Family 6 Model 61 Stepping 4, GenuineIntel
TMP=C:\Users\Admin\AppData\Local\Temp
TEMP=C:\Users\Admin\AppData\Local\Temp



Periodic native trim disabled


---------------  S Y S T E M  ---------------

OS:
 Windows 10 , 64 bit Build 19041 (10.0.19041.5915)
OS uptime: 3 days 0:37 hours
Hyper-V role detected

CPU: total 4 (initial active 4) (2 cores per cpu, 2 threads per core) family 6 model 61 stepping 4 microcode 0x2d, cx8, cmov, fxsr, ht, mmx, 3dnowpref, sse, sse2, sse3, ssse3, sse4.1, sse4.2, popcnt, lzcnt, tsc, tscinvbit, avx, avx2, aes, erms, clmul, bmi1, bmi2, rtm, adx, fma, vzeroupper, clflush, hv
Processor Information for the first 4 processors :
  Max Mhz: 2601, Current Mhz: 2601, Mhz Limit: 2601

Memory: 4k page, system-wide physical 16272M (8696M free)
TotalPageFile size 18704M (AvailPageFile size 10281M)
current process WorkingSet (physical memory assigned to process): 185M, peak: 185M
current process commit charge ("private bytes"): 218M, peak: 396M

vm_info: OpenJDK 64-Bit Server VM (17.0.15+6-LTS) for windows-amd64 JRE (17.0.15+6-LTS), built on Apr  9 2025 22:27:25 by "MicrosoftCorporation" with unknown MS VC++:1939

END.
