#
# A fatal error has been detected by the Java Runtime Environment:
#
#  EXCEPTION_ACCESS_VIOLATION (0xc0000005) at pc=0x00007ffe966c01f2, pid=16168, tid=13952
#
# JRE version: OpenJDK Runtime Environment Microsoft-11369865 (17.0.15+6) (build 17.0.15+6-LTS)
# Java VM: OpenJDK 64-Bit Server VM Microsoft-11369865 (17.0.15+6-LTS, mixed mode, sharing, tiered, compressed oops, compressed class ptrs, g1 gc, windows-amd64)
# Problematic frame:
# V  [jvm.dll+0x7701f2]
#
# No core dump will be written. Minidumps are not enabled by default on client versions of Windows
#
# If you would like to submit a bug report, please visit:
#   https://github.com/microsoft/openjdk/issues
#

---------------  S U M M A R Y ------------

Command Line: -javaagent:C:\Program Files\JetBrains\IntelliJ IDEA Community Edition 2025.1.1.1\lib\idea_rt.jar=56422 -Dfile.encoding=UTF-8 com.primeproperties.prime_properties.PrimePropertiesApplication

Host: Intel(R) Core(TM) i7-5600U CPU @ 2.60GHz, 4 cores, 15G,  Windows 10 , 64 bit Build 19041 (10.0.19041.5915)
Time: Mon Jul 28 16:35:59 2025 India Standard Time elapsed time: 8.605432 seconds (0d 0h 0m 8s)

---------------  T H R E A D  ---------------

Current thread (0x00000208f8889730):  JavaThread "C2 CompilerThread1" daemon [_thread_in_native, id=13952, stack(0x0000009e4ee00000,0x0000009e4ef00000)]


Current CompileTask:
C2:   8605 5034       4       java.net.URLStreamHandler::parseURL (1201 bytes)

Stack: [0x0000009e4ee00000,0x0000009e4ef00000],  sp=0x0000009e4eefce30,  free space=1011k
Native frames: (J=compiled Java code, j=interpreted, Vv=VM code, C=native code)
V  [jvm.dll+0x7701f2]
V  [jvm.dll+0x76f226]
V  [jvm.dll+0x223003]
V  [jvm.dll+0x2199e7]
V  [jvm.dll+0x1a55f6]
V  [jvm.dll+0x22a39a]
V  [jvm.dll+0x2284db]
V  [jvm.dll+0x7f4e28]
V  [jvm.dll+0x7ef2dc]
V  [jvm.dll+0x687687]
C  [ucrtbase.dll+0x21bb2]
C  [KERNEL32.DLL+0x17374]
C  [ntdll.dll+0x4cc91]


siginfo: EXCEPTION_ACCESS_VIOLATION (0xc0000005), reading address 0x0000000300002658


Registers:
RAX=0x0000000300002658, RBX=0x00000000000000b6, RCX=0x00000000000000b6, RDX=0x00000208f8a48d60
RSP=0x0000009e4eefce30, RBP=0x0000009e4eefce70, RSI=0x00000208f8862f10, RDI=0x00000208f8862f10
R8 =0x0000000000000001, R9 =0x00000000000000e0, R10=0x00007ffee2e30000, R11=0x00007ffee2e41901
R12=0x0000009e4eefcfc0, R13=0x0000009e4eefced0, R14=0x00000208fa514aa0, R15=0x0000000000000018
RIP=0x00007ffe966c01f2, EFLAGS=0x0000000000010297

XMM[0]=0x0000000000000000 0x0000000000000000
XMM[1]=0x0000080010000004 0x0040040000004000
XMM[2]=0x0004000000000000 0x0000080000001000
XMM[3]=0x0000000000010000 0x0000000000002000
XMM[4]=0x0000000000000000 0x0000000000000000
XMM[5]=0x0000000000000000 0x0000000000000000
XMM[6]=0x0000000000000000 0x0000000000000000
XMM[7]=0x0000000000000000 0x0000000000000000
XMM[8]=0x0000000000000000 0x0000000000000000
XMM[9]=0x0000000000000000 0x0000000000000000
XMM[10]=0x0000000000000000 0x0000000000000000
XMM[11]=0x0000000000000000 0x0000000000000000
XMM[12]=0x0000000000000000 0x0000000000000000
XMM[13]=0x0000000000000000 0x0000000000000000
XMM[14]=0x0000000000000000 0x0000000000000000
XMM[15]=0x0000000000000000 0x0000000000000000
  MXCSR=0x00001fa0


Register to memory mapping:

RIP=0x00007ffe966c01f2 jvm.dll
RAX=0x0000000300002658 is an unknown value
RBX=0x00000000000000b6 is an unknown value
RCX=0x00000000000000b6 is an unknown value
RDX=0x00000208f8a48d60 points into unknown readable memory: 0x00000040c0000029 | 29 00 00 c0 40 00 00 00
RSP=0x0000009e4eefce30 is pointing into the stack for thread: 0x00000208f8889730
RBP=0x0000009e4eefce70 is pointing into the stack for thread: 0x00000208f8889730
RSI=0x00000208f8862f10 points into unknown readable memory: 0x0000000000000000 | 00 00 00 00 00 00 00 00
RDI=0x00000208f8862f10 points into unknown readable memory: 0x0000000000000000 | 00 00 00 00 00 00 00 00
R8 =0x0000000000000001 is an unknown value
R9 =0x00000000000000e0 is an unknown value
R10=0x00007ffee2e30000 VCRUNTIME140.dll
R11=0x00007ffee2e41901 VCRUNTIME140.dll
R12=0x0000009e4eefcfc0 is pointing into the stack for thread: 0x00000208f8889730
R13=0x0000009e4eefced0 is pointing into the stack for thread: 0x00000208f8889730
R14=0x00000208fa514aa0 points into unknown readable memory: 0x00007ffe96872e38 | 38 2e 87 96 fe 7f 00 00
R15=0x0000000000000018 is an unknown value


Top of Stack: (sp=0x0000009e4eefce30)
0x0000009e4eefce30:   0000000000000100 00000208fac810b0
0x0000009e4eefce40:   0000000000000000 0000000000000001
0x0000009e4eefce50:   00000208f87b7620 00007ffe00000100
0x0000009e4eefce60:   00000208f8a48560 00000208000000b6
0x0000009e4eefce70:   0000000000000000 00000208f8a4bd58
0x0000009e4eefce80:   0000000000028310 0000000000028310
0x0000009e4eefce90:   00000208f8a47610 00007ffe966bf226
0x0000009e4eefcea0:   0000000000000002 0000009e4eefcf50
0x0000009e4eefceb0:   00000208f8039220 00007ffe95ffd3cf
0x0000009e4eefcec0:   00000208f8a47610 00000208fa72b320
0x0000009e4eefced0:   00000208f87b7620 0000009e00000004
0x0000009e4eefcee0:   00000208f8a47620 0000000500000001
0x0000009e4eefcef0:   0000000000000001 00000208f8a4bd58
0x0000009e4eefcf00:   0000000000028310 0000000000028310
0x0000009e4eefcf10:   00000208f87b7620 00000208f8a475d0
0x0000009e4eefcf20:   0000009e4eefe4e0 00007ffe96173003
0x0000009e4eefcf30:   0000009e4eefcf50 00000208f8a475d0
0x0000009e4eefcf40:   00000208f8a43d70 00000208f87b7620
0x0000009e4eefcf50:   000000000000000b 0000009e4eefe4e0
0x0000009e4eefcf60:   0000009e4eefda70 00000208f87b7620
0x0000009e4eefcf70:   0000020800000004 00000208f8a475d0
0x0000009e4eefcf80:   0000000000000000 0000020800000002
0x0000009e4eefcf90:   00000208f8a475f0 0000020800000002
0x0000009e4eefcfa0:   00000208f87b7620 0000009e00000000
0x0000009e4eefcfb0:   000002080000000f 00000208f95af480
0x0000009e4eefcfc0:   0000000000000200 00000208f8a48d60
0x0000009e4eefcfd0:   0000020800000200 00000208f87b7620
0x0000009e4eefcfe0:   0000000000000001 00000208fb1247d0
0x0000009e4eefcff0:   00000208fb0ab840 0000009e4eefda70
0x0000009e4eefd000:   0000000000000000 00007ffe96752da6
0x0000009e4eefd010:   0000000000000000 00000208fb1247d0
0x0000009e4eefd020:   00000208f9029858 00007ffe965b581d 

Instructions: (pc=0x00007ffe966c01f2)
0x00007ffe966c00f2:   81 d0 02 00 00 8b cf 48 8b 40 08 48 8b 34 c8 48
0x00007ffe966c0102:   85 f6 74 63 44 8b 76 28 41 8b de c1 eb 05 41 3b
0x00007ffe966c0112:   1c 24 72 0a 8b d3 49 8b cc e8 30 92 0b 00 49 8b
0x00007ffe966c0122:   44 24 08 41 83 e6 1f 48 8d 14 98 41 0f b6 ce 41
0x00007ffe966c0132:   b8 01 00 00 00 41 d3 e0 8b 0a 41 8b c0 0b c1 89
0x00007ffe966c0142:   02 44 85 c1 75 21 8b 5d f8 8d 43 01 89 45 f8 3b
0x00007ffe966c0152:   5d e8 72 0b 8b d3 48 8d 4d e0 e8 df 56 ef ff 48
0x00007ffe966c0162:   8b 45 f0 48 89 34 d8 49 8b 4f 08 ff c7 48 8b 81
0x00007ffe966c0172:   d0 02 00 00 3b 78 1c 0f 82 71 ff ff ff 83 7d f8
0x00007ffe966c0182:   00 0f 86 8e 01 00 00 0f 1f 80 00 00 00 00 8b 45
0x00007ffe966c0192:   f8 ff c8 89 45 f8 8b c8 48 8b 45 f0 48 8b 3c c8
0x00007ffe966c01a2:   8b 47 2c 83 e0 1f 3c 1f 75 42 48 8b 87 88 00 00
0x00007ffe966c01b2:   00 48 85 c0 74 36 8b 48 54 81 f9 48 01 00 00 74
0x00007ffe966c01c2:   08 81 f9 4f 01 00 00 75 23 41 8b 5d 18 8d 43 01
0x00007ffe966c01d2:   41 89 45 18 41 3b 5d 08 72 0a 8b d3 49 8b cd e8
0x00007ffe966c01e2:   5a 56 ef ff 49 8b 45 10 48 89 3c d8 48 8b 47 08
0x00007ffe966c01f2:   48 8b 08 48 85 c9 74 67 8b 71 28 8b de c1 eb 05
0x00007ffe966c0202:   41 3b 1c 24 72 0a 8b d3 49 8b cc e8 3e 91 0b 00
0x00007ffe966c0212:   49 8b 44 24 08 83 e6 1f 48 8d 14 98 40 0f b6 ce
0x00007ffe966c0222:   41 b8 01 00 00 00 41 d3 e0 8b 0a 8b c1 41 0b c0
0x00007ffe966c0232:   89 02 41 85 c8 75 28 48 8b 47 08 8b 5d f8 48 8b
0x00007ffe966c0242:   30 8d 43 01 89 45 f8 3b 5d e8 72 0b 8b d3 48 8d
0x00007ffe966c0252:   4d e0 e8 e7 55 ef ff 48 8b 45 f0 48 89 34 d8 8b
0x00007ffe966c0262:   47 2c 24 3f 3c 20 0f 85 9f 00 00 00 be 01 00 00
0x00007ffe966c0272:   00 39 77 1c 0f 86 91 00 00 00 0f 1f 40 00 8b c6
0x00007ffe966c0282:   4c 8d 3c c5 00 00 00 00 48 8b 47 08 49 8b 0c 07
0x00007ffe966c0292:   48 85 c9 74 6b 44 8b 71 28 41 8b de c1 eb 05 41
0x00007ffe966c02a2:   3b 1c 24 72 0a 8b d3 49 8b cc e8 9f 90 0b 00 49
0x00007ffe966c02b2:   8b 44 24 08 41 83 e6 1f 48 8d 14 98 41 0f b6 ce
0x00007ffe966c02c2:   41 b8 01 00 00 00 41 d3 e0 8b 0a 8b c1 41 0b c0
0x00007ffe966c02d2:   89 02 41 85 c8 75 29 48 8b 47 08 8b 5d f8 4d 8b
0x00007ffe966c02e2:   34 07 8d 43 01 89 45 f8 3b 5d e8 72 0b 8b d3 48 


Stack slot to memory mapping:
stack at sp + 0 slots: 0x0000000000000100 is an unknown value
stack at sp + 1 slots: 0x00000208fac810b0 points into unknown readable memory: 0x00007ffe96910bd8 | d8 0b 91 96 fe 7f 00 00
stack at sp + 2 slots: 0x0 is NULL
stack at sp + 3 slots: 0x0000000000000001 is an unknown value
stack at sp + 4 slots: 0x00000208f87b7620 points into unknown readable memory: 0x0000000000000006 | 06 00 00 00 00 00 00 00
stack at sp + 5 slots: 0x00007ffe00000100 is an unknown value
stack at sp + 6 slots: 0x00000208f8a48560 points into unknown readable memory: 0x00000208f8723238 | 38 32 72 f8 08 02 00 00
stack at sp + 7 slots: 0x00000208000000b6 is an unknown value


---------------  P R O C E S S  ---------------

Threads class SMR info:
_java_thread_list=0x00000208fb193a00, length=20, elements={
0x00000208d1586240, 0x00000208f3d184b0, 0x00000208f3d1bae0, 0x00000208f3d2bf50,
0x00000208f3d2ca20, 0x00000208f3d2fb90, 0x00000208f3d30550, 0x00000208f3d38a40,
0x00000208f3d368c0, 0x00000208f3d3ea90, 0x00000208f3cffa60, 0x00000208f83fe2b0,
0x00000208f83fe790, 0x00000208f8889730, 0x00000208f9944580, 0x00000208f99459c0,
0x00000208f9944070, 0x00000208f9944fa0, 0x00000208f9944a90, 0x00000208f8d3f820
}

Java Threads: ( => current thread )
  0x00000208d1586240 JavaThread "main" [_thread_in_vm, id=6072, stack(0x0000009e4d700000,0x0000009e4d800000)]
  0x00000208f3d184b0 JavaThread "Reference Handler" daemon [_thread_blocked, id=7560, stack(0x0000009e4de00000,0x0000009e4df00000)]
  0x00000208f3d1bae0 JavaThread "Finalizer" daemon [_thread_blocked, id=4232, stack(0x0000009e4df00000,0x0000009e4e000000)]
  0x00000208f3d2bf50 JavaThread "Signal Dispatcher" daemon [_thread_blocked, id=15972, stack(0x0000009e4e000000,0x0000009e4e100000)]
  0x00000208f3d2ca20 JavaThread "Attach Listener" daemon [_thread_blocked, id=7628, stack(0x0000009e4e100000,0x0000009e4e200000)]
  0x00000208f3d2fb90 JavaThread "Service Thread" daemon [_thread_blocked, id=3720, stack(0x0000009e4e200000,0x0000009e4e300000)]
  0x00000208f3d30550 JavaThread "Monitor Deflation Thread" daemon [_thread_blocked, id=2472, stack(0x0000009e4e300000,0x0000009e4e400000)]
  0x00000208f3d38a40 JavaThread "C2 CompilerThread0" daemon [_thread_blocked, id=10316, stack(0x0000009e4e400000,0x0000009e4e500000)]
  0x00000208f3d368c0 JavaThread "C1 CompilerThread0" daemon [_thread_blocked, id=11844, stack(0x0000009e4e500000,0x0000009e4e600000)]
  0x00000208f3d3ea90 JavaThread "Sweeper thread" daemon [_thread_blocked, id=4240, stack(0x0000009e4e600000,0x0000009e4e700000)]
  0x00000208f3cffa60 JavaThread "Common-Cleaner" daemon [_thread_blocked, id=2980, stack(0x0000009e4e700000,0x0000009e4e800000)]
  0x00000208f83fe2b0 JavaThread "Monitor Ctrl-Break" daemon [_thread_in_native, id=14796, stack(0x0000009e4e800000,0x0000009e4e900000)]
  0x00000208f83fe790 JavaThread "Notification Thread" daemon [_thread_blocked, id=13064, stack(0x0000009e4e900000,0x0000009e4ea00000)]
=>0x00000208f8889730 JavaThread "C2 CompilerThread1" daemon [_thread_in_native, id=13952, stack(0x0000009e4ee00000,0x0000009e4ef00000)]
  0x00000208f9944580 JavaThread "Catalina-utility-1" [_thread_blocked, id=13968, stack(0x0000009e4ef00000,0x0000009e4f000000)]
  0x00000208f99459c0 JavaThread "Catalina-utility-2" [_thread_blocked, id=10800, stack(0x0000009e4f000000,0x0000009e4f100000)]
  0x00000208f9944070 JavaThread "container-0" [_thread_blocked, id=5472, stack(0x0000009e4f100000,0x0000009e4f200000)]
  0x00000208f9944fa0 JavaThread "mysql-cj-abandoned-connection-cleanup" daemon [_thread_blocked, id=4496, stack(0x0000009e4f200000,0x0000009e4f300000)]
  0x00000208f9944a90 JavaThread "HikariPool-1:housekeeper" daemon [_thread_blocked, id=8600, stack(0x0000009e4f500000,0x0000009e4f600000)]
  0x00000208f8d3f820 JavaThread "HikariPool-1:connection-adder" daemon [_thread_blocked, id=1824, stack(0x0000009e4f600000,0x0000009e4f700000)]

Other Threads:
  0x00000208f3d119b0 VMThread "VM Thread" [stack: 0x0000009e4dd00000,0x0000009e4de00000] [id=10216]
  0x00000208f83fec70 WatcherThread [stack: 0x0000009e4ea00000,0x0000009e4eb00000] [id=14868]
  0x00000208d15ef890 GCTaskThread "GC Thread#0" [stack: 0x0000009e4d800000,0x0000009e4d900000] [id=13588]
  0x00000208f8551330 GCTaskThread "GC Thread#1" [stack: 0x0000009e4eb00000,0x0000009e4ec00000] [id=13020]
  0x00000208f85515f0 GCTaskThread "GC Thread#2" [stack: 0x0000009e4ec00000,0x0000009e4ed00000] [id=5300]
  0x00000208f85518b0 GCTaskThread "GC Thread#3" [stack: 0x0000009e4ed00000,0x0000009e4ee00000] [id=16364]
  0x00000208d1600630 ConcurrentGCThread "G1 Main Marker" [stack: 0x0000009e4d900000,0x0000009e4da00000] [id=13384]
  0x00000208d1602060 ConcurrentGCThread "G1 Conc#0" [stack: 0x0000009e4da00000,0x0000009e4db00000] [id=7620]
  0x00000208d163d860 ConcurrentGCThread "G1 Refine#0" [stack: 0x0000009e4db00000,0x0000009e4dc00000] [id=7692]
  0x00000208f8afc7a0 ConcurrentGCThread "G1 Refine#1" [stack: 0x0000009e4f300000,0x0000009e4f400000] [id=12736]
  0x00000208d163e290 ConcurrentGCThread "G1 Service" [stack: 0x0000009e4dc00000,0x0000009e4dd00000] [id=11260]

Threads with active compile tasks:
C1 CompilerThread0     8691 5040       3       java.lang.invoke.MethodHandle::asType (28 bytes)
C2 CompilerThread1     8691 5034       4       java.net.URLStreamHandler::parseURL (1201 bytes)

VM state: not at safepoint (normal execution)

VM Mutex/Monitor currently owned by a thread: None

Heap address: 0x0000000701a00000, size: 4070 MB, Compressed Oops mode: Zero based, Oop shift amount: 3

CDS archive(s) mapped at: [0x0000020880000000-0x0000020880bb0000-0x0000020880bb0000), size 12255232, SharedBaseAddress: 0x0000020880000000, ArchiveRelocationMode: 1.
Compressed class space mapped at: 0x0000020881000000-0x00000208c1000000, reserved size: 1073741824
Narrow klass base: 0x0000020880000000, Narrow klass shift: 0, Narrow klass range: 0x100000000

GC Precious Log:
 CPUs: 4 total, 4 available
 Memory: 16272M
 Large Page Support: Disabled
 NUMA Support: Disabled
 Compressed Oops: Enabled (Zero based)
 Heap Region Size: 2M
 Heap Min Capacity: 8M
 Heap Initial Capacity: 256M
 Heap Max Capacity: 4070M
 Pre-touch: Disabled
 Parallel Workers: 4
 Concurrent Workers: 1
 Concurrent Refinement Workers: 4
 Periodic GC: Disabled

Heap:
 garbage-first heap   total 65536K, used 33443K [0x0000000701a00000, 0x0000000800000000)
  region size 2048K, 7 young (14336K), 1 survivors (2048K)
 Metaspace       used 55229K, committed 55744K, reserved 1114112K
  class space    used 7387K, committed 7616K, reserved 1048576K

Heap Regions: E=young(eden), S=young(survivor), O=old, HS=humongous(starts), HC=humongous(continues), CS=collection set, F=free, OA=open archive, CA=closed archive, TAMS=top-at-mark-start (previous, next)
|   0|0x0000000701a00000, 0x0000000701c00000, 0x0000000701c00000|100%| O|  |TAMS 0x0000000701c00000, 0x0000000701a00000| Untracked 
|   1|0x0000000701c00000, 0x0000000701e00000, 0x0000000701e00000|100%| O|  |TAMS 0x0000000701e00000, 0x0000000701c00000| Untracked 
|   2|0x0000000701e00000, 0x0000000702000000, 0x0000000702000000|100%| O|  |TAMS 0x0000000702000000, 0x0000000701e00000| Untracked 
|   3|0x0000000702000000, 0x0000000702200000, 0x0000000702200000|100%| O|  |TAMS 0x0000000702200000, 0x0000000702000000| Untracked 
|   4|0x0000000702200000, 0x0000000702400000, 0x0000000702400000|100%| O|  |TAMS 0x0000000702400000, 0x0000000702200000| Untracked 
|   5|0x0000000702400000, 0x0000000702600000, 0x0000000702600000|100%| O|  |TAMS 0x0000000702600000, 0x0000000702400000| Untracked 
|   6|0x0000000702600000, 0x0000000702800000, 0x0000000702800000|100%| O|  |TAMS 0x0000000702800000, 0x0000000702600000| Untracked 
|   7|0x0000000702800000, 0x0000000702a00000, 0x0000000702a00000|100%| O|  |TAMS 0x0000000702a00000, 0x0000000702800000| Untracked 
|   8|0x0000000702a00000, 0x0000000702c00000, 0x0000000702c00000|100%| O|  |TAMS 0x0000000702c00000, 0x0000000702a00000| Untracked 
|   9|0x0000000702c00000, 0x0000000702e00000, 0x0000000702e00000|100%| O|  |TAMS 0x0000000702c56600, 0x0000000702c00000| Untracked 
|  10|0x0000000702e00000, 0x0000000702f14c00, 0x0000000703000000| 54%| O|  |TAMS 0x0000000702e00000, 0x0000000702e00000| Untracked 
|  11|0x0000000703000000, 0x0000000703000000, 0x0000000703200000|  0%| F|  |TAMS 0x0000000703000000, 0x0000000703000000| Untracked 
|  12|0x0000000703200000, 0x0000000703200000, 0x0000000703400000|  0%| F|  |TAMS 0x0000000703200000, 0x0000000703200000| Untracked 
|  13|0x0000000703400000, 0x0000000703400000, 0x0000000703600000|  0%| F|  |TAMS 0x0000000703400000, 0x0000000703400000| Untracked 
|  14|0x0000000703600000, 0x0000000703600000, 0x0000000703800000|  0%| F|  |TAMS 0x0000000703600000, 0x0000000703600000| Untracked 
|  15|0x0000000703800000, 0x0000000703800000, 0x0000000703a00000|  0%| F|  |TAMS 0x0000000703800000, 0x0000000703800000| Untracked 
|  16|0x0000000703a00000, 0x0000000703a00000, 0x0000000703c00000|  0%| F|  |TAMS 0x0000000703a00000, 0x0000000703a00000| Untracked 
|  17|0x0000000703c00000, 0x0000000703c00000, 0x0000000703e00000|  0%| F|  |TAMS 0x0000000703c00000, 0x0000000703c00000| Untracked 
|  18|0x0000000703e00000, 0x0000000703e00000, 0x0000000704000000|  0%| F|  |TAMS 0x0000000703e00000, 0x0000000703e00000| Untracked 
|  19|0x0000000704000000, 0x0000000704194168, 0x0000000704200000| 78%| S|CS|TAMS 0x0000000704000000, 0x0000000704000000| Complete 
|  20|0x0000000704200000, 0x0000000704200000, 0x0000000704400000|  0%| F|  |TAMS 0x0000000704200000, 0x0000000704200000| Untracked 
|  21|0x0000000704400000, 0x0000000704400000, 0x0000000704600000|  0%| F|  |TAMS 0x0000000704400000, 0x0000000704400000| Untracked 
|  22|0x0000000704600000, 0x0000000704600000, 0x0000000704800000|  0%| F|  |TAMS 0x0000000704600000, 0x0000000704600000| Untracked 
|  23|0x0000000704800000, 0x0000000704800000, 0x0000000704a00000|  0%| F|  |TAMS 0x0000000704800000, 0x0000000704800000| Untracked 
|  24|0x0000000704a00000, 0x0000000704a00000, 0x0000000704c00000|  0%| F|  |TAMS 0x0000000704a00000, 0x0000000704a00000| Untracked 
|  25|0x0000000704c00000, 0x0000000704c00000, 0x0000000704e00000|  0%| F|  |TAMS 0x0000000704c00000, 0x0000000704c00000| Untracked 
|  26|0x0000000704e00000, 0x0000000705000000, 0x0000000705000000|100%| E|  |TAMS 0x0000000704e00000, 0x0000000704e00000| Complete 
|  97|0x000000070dc00000, 0x000000070de00000, 0x000000070de00000|100%| E|CS|TAMS 0x000000070dc00000, 0x000000070dc00000| Complete 
|  98|0x000000070de00000, 0x000000070e000000, 0x000000070e000000|100%| E|CS|TAMS 0x000000070de00000, 0x000000070de00000| Complete 
|  99|0x000000070e000000, 0x000000070e200000, 0x000000070e200000|100%| E|CS|TAMS 0x000000070e000000, 0x000000070e000000| Complete 
| 100|0x000000070e200000, 0x000000070e400000, 0x000000070e400000|100%| E|CS|TAMS 0x000000070e200000, 0x000000070e200000| Complete 
| 127|0x0000000711800000, 0x0000000711a00000, 0x0000000711a00000|100%| E|CS|TAMS 0x0000000711800000, 0x0000000711800000| Complete 

Card table byte_map: [0x00000208e88d0000,0x00000208e90d0000] _byte_map_base: 0x00000208e50c3000

Marking Bits (Prev, Next): (CMBitMap*) 0x00000208d15efef0, (CMBitMap*) 0x00000208d15efeb0
 Prev Bits: [0x00000208ed870000, 0x00000208f1808000)
 Next Bits: [0x00000208e98d0000, 0x00000208ed868000)

Polling page: 0x00000208d0d40000

Metaspace:

Usage:
  Non-class:     46.73 MB used.
      Class:      7.22 MB used.
       Both:     53.94 MB used.

Virtual space:
  Non-class space:       64.00 MB reserved,      47.00 MB ( 73%) committed,  1 nodes.
      Class space:        1.00 GB reserved,       7.44 MB ( <1%) committed,  1 nodes.
             Both:        1.06 GB reserved,      54.44 MB (  5%) committed. 

Chunk freelists:
   Non-Class:  624.00 KB
       Class:  8.36 MB
        Both:  8.97 MB

MaxMetaspaceSize: unlimited
CompressedClassSpaceSize: 1.00 GB
Initial GC threshold: 21.00 MB
Current GC threshold: 75.12 MB
CDS: on
MetaspaceReclaimPolicy: balanced
 - commit_granule_bytes: 65536.
 - commit_granule_words: 8192.
 - virtual_space_node_default_size: 8388608.
 - enlarge_chunks_in_place: 1.
 - new_chunks_are_fully_committed: 0.
 - uncommit_free_chunks: 1.
 - use_allocation_guard: 0.
 - handle_deallocations: 1.


Internal statistics:

num_allocs_failed_limit: 9.
num_arena_births: 654.
num_arena_deaths: 0.
num_vsnodes_births: 2.
num_vsnodes_deaths: 0.
num_space_committed: 872.
num_space_uncommitted: 0.
num_chunks_returned_to_freelist: 9.
num_chunks_taken_from_freelist: 2506.
num_chunk_merges: 9.
num_chunk_splits: 1844.
num_chunks_enlarged: 1458.
num_inconsistent_stats: 0.

CodeHeap 'non-profiled nmethods': size=120000Kb used=2976Kb max_used=2976Kb free=117024Kb
 bounds [0x00000208e0ba0000, 0x00000208e0e90000, 0x00000208e80d0000]
CodeHeap 'profiled nmethods': size=120000Kb used=10589Kb max_used=10589Kb free=109411Kb
 bounds [0x00000208d90d0000, 0x00000208d9b30000, 0x00000208e0600000]
CodeHeap 'non-nmethods': size=5760Kb used=1305Kb max_used=1340Kb free=4454Kb
 bounds [0x00000208e0600000, 0x00000208e0870000, 0x00000208e0ba0000]
 total_blobs=5664 nmethods=5033 adapters=542
 compilation: enabled
              stopped_count=0, restarted_count=0
 full_count=0

Compilation events (20 events):
Event: 8.406 Thread 0x00000208f3d368c0 nmethod 5027 0x00000208e0e6fc90 code [0x00000208e0e6fe20, 0x00000208e0e6fef8]
Event: 8.409 Thread 0x00000208f3d368c0 5028       1       java.util.Formatter$FormatSpecifier::index (5 bytes)
Event: 8.409 Thread 0x00000208f3d368c0 nmethod 5028 0x00000208e0e6ff90 code [0x00000208e0e70120, 0x00000208e0e701f8]
Event: 8.415 Thread 0x00000208f3d368c0 5030       1       org.hibernate.type.AbstractStandardBasicType::getJavaTypeDescriptor (5 bytes)
Event: 8.415 Thread 0x00000208f3d368c0 nmethod 5030 0x00000208e0e70290 code [0x00000208e0e70420, 0x00000208e0e704f8]
Event: 8.437 Thread 0x00000208f3d38a40 nmethod 4978 0x00000208e0e70890 code [0x00000208e0e70c40, 0x00000208e0e751f8]
Event: 8.437 Thread 0x00000208f3d38a40 5029       4       java.util.jar.Attributes::getValue (9 bytes)
Event: 8.444 Thread 0x00000208f3d38a40 nmethod 5029 0x00000208e0e78590 code [0x00000208e0e78740, 0x00000208e0e78a88]
Event: 8.444 Thread 0x00000208f3d38a40 5014       4       java.io.WinNTFileSystem::prefixLength (91 bytes)
Event: 8.449 Thread 0x00000208f3d38a40 nmethod 5014 0x00000208e0e78e10 code [0x00000208e0e78fc0, 0x00000208e0e793c8]
Event: 8.449 Thread 0x00000208f3d38a40 4996       4       jdk.internal.ref.PhantomCleanable::<init> (49 bytes)
Event: 8.463 Thread 0x00000208f3d38a40 nmethod 4996 0x00000208e0e79810 code [0x00000208e0e799a0, 0x00000208e0e7a3d8]
Event: 8.464 Thread 0x00000208f3d38a40 4985       4       jdk.internal.loader.URLClassPath$JarLoader$2::getInputStream (15 bytes)
Event: 8.464 Thread 0x00000208f3d38a40 nmethod 4985 0x00000208e0e7a710 code [0x00000208e0e7a8a0, 0x00000208e0e7a968]
Event: 8.475 Thread 0x00000208f3d38a40 5032       4       java.lang.StringBuilder::toString (35 bytes)
Event: 8.475 Thread 0x00000208f3d368c0 5033       3       org.hibernate.internal.util.collections.CaseInsensitiveDictionary::trueKey (8 bytes)
Event: 8.476 Thread 0x00000208f3d368c0 nmethod 5033 0x00000208d9b25f10 code [0x00000208d9b260e0, 0x00000208d9b263f8]
Event: 8.481 Thread 0x00000208f3d38a40 nmethod 5032 0x00000208e0e7aa90 code [0x00000208e0e7ac20, 0x00000208e0e7b0a8]
Event: 8.540 Thread 0x00000208f8889730 nmethod 4884 0x00000208e0e7b290 code [0x00000208e0e7b920, 0x00000208e0e81a88]
Event: 8.590 Thread 0x00000208f8889730 5034       4       java.net.URLStreamHandler::parseURL (1201 bytes)

GC Heap History (18 events):
Event: 0.530 GC heap before
{Heap before GC invocations=0 (full 0):
 garbage-first heap   total 262144K, used 12288K [0x0000000701a00000, 0x0000000800000000)
  region size 2048K, 6 young (12288K), 0 survivors (0K)
 Metaspace       used 2390K, committed 2560K, reserved 1114112K
  class space    used 230K, committed 320K, reserved 1048576K
}
Event: 0.535 GC heap after
{Heap after GC invocations=1 (full 0):
 garbage-first heap   total 262144K, used 6117K [0x0000000701a00000, 0x0000000800000000)
  region size 2048K, 1 young (2048K), 1 survivors (2048K)
 Metaspace       used 2390K, committed 2560K, reserved 1114112K
  class space    used 230K, committed 320K, reserved 1048576K
}
Event: 1.046 GC heap before
{Heap before GC invocations=1 (full 0):
 garbage-first heap   total 262144K, used 16357K [0x0000000701a00000, 0x0000000800000000)
  region size 2048K, 6 young (12288K), 1 survivors (2048K)
 Metaspace       used 5877K, committed 6080K, reserved 1114112K
  class space    used 693K, committed 768K, reserved 1048576K
}
Event: 1.050 GC heap after
{Heap after GC invocations=2 (full 0):
 garbage-first heap   total 262144K, used 7092K [0x0000000701a00000, 0x0000000800000000)
  region size 2048K, 1 young (2048K), 1 survivors (2048K)
 Metaspace       used 5877K, committed 6080K, reserved 1114112K
  class space    used 693K, committed 768K, reserved 1048576K
}
Event: 1.996 GC heap before
{Heap before GC invocations=2 (full 0):
 garbage-first heap   total 262144K, used 29620K [0x0000000701a00000, 0x0000000800000000)
  region size 2048K, 12 young (24576K), 1 survivors (2048K)
 Metaspace       used 11046K, committed 11264K, reserved 1114112K
  class space    used 1435K, committed 1536K, reserved 1048576K
}
Event: 2.001 GC heap after
{Heap after GC invocations=3 (full 0):
 garbage-first heap   total 262144K, used 8655K [0x0000000701a00000, 0x0000000800000000)
  region size 2048K, 2 young (4096K), 2 survivors (4096K)
 Metaspace       used 11046K, committed 11264K, reserved 1114112K
  class space    used 1435K, committed 1536K, reserved 1048576K
}
Event: 3.181 GC heap before
{Heap before GC invocations=3 (full 0):
 garbage-first heap   total 262144K, used 57807K [0x0000000701a00000, 0x0000000800000000)
  region size 2048K, 27 young (55296K), 2 survivors (4096K)
 Metaspace       used 21156K, committed 21504K, reserved 1114112K
  class space    used 2720K, committed 2880K, reserved 1048576K
}
Event: 3.194 GC heap after
{Heap after GC invocations=4 (full 0):
 garbage-first heap   total 262144K, used 13827K [0x0000000701a00000, 0x0000000800000000)
  region size 2048K, 4 young (8192K), 4 survivors (8192K)
 Metaspace       used 21156K, committed 21504K, reserved 1114112K
  class space    used 2720K, committed 2880K, reserved 1048576K
}
Event: 5.098 GC heap before
{Heap before GC invocations=5 (full 0):
 garbage-first heap   total 55296K, used 54787K [0x0000000701a00000, 0x0000000800000000)
  region size 2048K, 24 young (49152K), 4 survivors (8192K)
 Metaspace       used 27776K, committed 28224K, reserved 1114112K
  class space    used 3690K, committed 3904K, reserved 1048576K
}
Event: 5.114 GC heap after
{Heap after GC invocations=6 (full 0):
 garbage-first heap   total 65536K, used 16384K [0x0000000701a00000, 0x0000000800000000)
  region size 2048K, 5 young (10240K), 5 survivors (10240K)
 Metaspace       used 27776K, committed 28224K, reserved 1114112K
  class space    used 3690K, committed 3904K, reserved 1048576K
}
Event: 6.114 GC heap before
{Heap before GC invocations=6 (full 0):
 garbage-first heap   total 65536K, used 40960K [0x0000000701a00000, 0x0000000800000000)
  region size 2048K, 18 young (36864K), 5 survivors (10240K)
 Metaspace       used 33894K, committed 34368K, reserved 1114112K
  class space    used 4466K, committed 4672K, reserved 1048576K
}
Event: 6.127 GC heap after
{Heap after GC invocations=7 (full 0):
 garbage-first heap   total 65536K, used 18992K [0x0000000701a00000, 0x0000000800000000)
  region size 2048K, 2 young (4096K), 2 survivors (4096K)
 Metaspace       used 33894K, committed 34368K, reserved 1114112K
  class space    used 4466K, committed 4672K, reserved 1048576K
}
Event: 6.358 GC heap before
{Heap before GC invocations=7 (full 0):
 garbage-first heap   total 65536K, used 23088K [0x0000000701a00000, 0x0000000800000000)
  region size 2048K, 6 young (12288K), 2 survivors (4096K)
 Metaspace       used 35552K, committed 35968K, reserved 1114112K
  class space    used 4726K, committed 4928K, reserved 1048576K
}
Event: 6.362 GC heap after
{Heap after GC invocations=8 (full 0):
 garbage-first heap   total 65536K, used 19559K [0x0000000701a00000, 0x0000000800000000)
  region size 2048K, 1 young (2048K), 1 survivors (2048K)
 Metaspace       used 35552K, committed 35968K, reserved 1114112K
  class space    used 4726K, committed 4928K, reserved 1048576K
}
Event: 7.432 GC heap before
{Heap before GC invocations=9 (full 0):
 garbage-first heap   total 65536K, used 44135K [0x0000000701a00000, 0x0000000800000000)
  region size 2048K, 13 young (26624K), 1 survivors (2048K)
 Metaspace       used 45386K, committed 45824K, reserved 1114112K
  class space    used 6046K, committed 6208K, reserved 1048576K
}
Event: 7.437 GC heap after
{Heap after GC invocations=10 (full 0):
 garbage-first heap   total 65536K, used 21599K [0x0000000701a00000, 0x0000000800000000)
  region size 2048K, 2 young (4096K), 2 survivors (4096K)
 Metaspace       used 45386K, committed 45824K, reserved 1114112K
  class space    used 6046K, committed 6208K, reserved 1048576K
}
Event: 8.274 GC heap before
{Heap before GC invocations=11 (full 0):
 garbage-first heap   total 65536K, used 46175K [0x0000000701a00000, 0x0000000800000000)
  region size 2048K, 14 young (28672K), 2 survivors (4096K)
 Metaspace       used 50794K, committed 51328K, reserved 1114112K
  class space    used 6743K, committed 6976K, reserved 1048576K
}
Event: 8.279 GC heap after
{Heap after GC invocations=12 (full 0):
 garbage-first heap   total 65536K, used 23203K [0x0000000701a00000, 0x0000000800000000)
  region size 2048K, 1 young (2048K), 1 survivors (2048K)
 Metaspace       used 50794K, committed 51328K, reserved 1114112K
  class space    used 6743K, committed 6976K, reserved 1048576K
}

Dll operation events (13 events):
Event: 0.011 Loaded shared library C:\Users\Admin\.jdks\ms-17.0.15\bin\java.dll
Event: 0.037 Loaded shared library C:\Users\Admin\.jdks\ms-17.0.15\bin\jsvml.dll
Event: 0.173 Loaded shared library C:\Users\Admin\.jdks\ms-17.0.15\bin\zip.dll
Event: 0.181 Loaded shared library C:\Users\Admin\.jdks\ms-17.0.15\bin\instrument.dll
Event: 0.193 Loaded shared library C:\Users\Admin\.jdks\ms-17.0.15\bin\net.dll
Event: 0.196 Loaded shared library C:\Users\Admin\.jdks\ms-17.0.15\bin\nio.dll
Event: 0.199 Loaded shared library C:\Users\Admin\.jdks\ms-17.0.15\bin\zip.dll
Event: 0.327 Loaded shared library C:\Users\Admin\.jdks\ms-17.0.15\bin\extnet.dll
Event: 0.380 Loaded shared library C:\Users\Admin\.jdks\ms-17.0.15\bin\jimage.dll
Event: 3.043 Loaded shared library C:\Users\Admin\.jdks\ms-17.0.15\bin\sunmscapi.dll
Event: 5.499 Loaded shared library C:\Users\Admin\.jdks\ms-17.0.15\bin\management.dll
Event: 5.502 Loaded shared library C:\Users\Admin\.jdks\ms-17.0.15\bin\management_ext.dll
Event: 6.433 Loaded shared library C:\Users\Admin\.jdks\ms-17.0.15\bin\verify.dll

Deoptimization events (20 events):
Event: 7.890 Thread 0x00000208f8d3f820 DEOPT PACKING pc=0x00000208e0e489b0 sp=0x0000009e4f6fe470
Event: 7.890 Thread 0x00000208f8d3f820 DEOPT UNPACKING pc=0x00000208e06569a3 sp=0x0000009e4f6fe408 mode 2
Event: 7.891 Thread 0x00000208f8d3f820 Uncommon trap: trap_request=0xffffffbe fr.pc=0x00000208e0e489b0 relative=0x0000000000000390
Event: 7.891 Thread 0x00000208f8d3f820 Uncommon trap: reason=profile_predicate action=maybe_recompile pc=0x00000208e0e489b0 method=java.util.Arrays$ArrayList.indexOf(Ljava/lang/Object;)I @ 39 c2
Event: 7.891 Thread 0x00000208f8d3f820 DEOPT PACKING pc=0x00000208e0e489b0 sp=0x0000009e4f6fde70
Event: 7.891 Thread 0x00000208f8d3f820 DEOPT UNPACKING pc=0x00000208e06569a3 sp=0x0000009e4f6fde08 mode 2
Event: 7.891 Thread 0x00000208f8d3f820 Uncommon trap: trap_request=0xffffffbe fr.pc=0x00000208e0e489b0 relative=0x0000000000000390
Event: 7.891 Thread 0x00000208f8d3f820 Uncommon trap: reason=profile_predicate action=maybe_recompile pc=0x00000208e0e489b0 method=java.util.Arrays$ArrayList.indexOf(Ljava/lang/Object;)I @ 39 c2
Event: 7.891 Thread 0x00000208f8d3f820 DEOPT PACKING pc=0x00000208e0e489b0 sp=0x0000009e4f6fde20
Event: 7.891 Thread 0x00000208f8d3f820 DEOPT UNPACKING pc=0x00000208e06569a3 sp=0x0000009e4f6fddb8 mode 2
Event: 7.908 Thread 0x00000208f8d3f820 Uncommon trap: trap_request=0xffffffcc fr.pc=0x00000208e0e4f4d8 relative=0x0000000000000338
Event: 7.908 Thread 0x00000208f8d3f820 Uncommon trap: reason=intrinsic_or_type_checked_inlining action=make_not_entrant pc=0x00000208e0e4f4d8 method=java.util.Arrays.copyOf([Ljava/lang/Object;ILjava/lang/Class;)[Ljava/lang/Object; @ 35 c2
Event: 7.908 Thread 0x00000208f8d3f820 DEOPT PACKING pc=0x00000208e0e4f4d8 sp=0x0000009e4f6fe0d0
Event: 7.908 Thread 0x00000208f8d3f820 DEOPT UNPACKING pc=0x00000208e06569a3 sp=0x0000009e4f6fe060 mode 2
Event: 7.970 Thread 0x00000208f8d3f820 DEOPT PACKING pc=0x00000208d99f17b7 sp=0x0000009e4f6fdd50
Event: 7.970 Thread 0x00000208f8d3f820 DEOPT UNPACKING pc=0x00000208e0657143 sp=0x0000009e4f6fd1d8 mode 0
Event: 7.975 Thread 0x00000208f8d3f820 DEOPT PACKING pc=0x00000208d99f17b7 sp=0x0000009e4f6fd7f0
Event: 7.975 Thread 0x00000208f8d3f820 DEOPT UNPACKING pc=0x00000208e0657143 sp=0x0000009e4f6fcc78 mode 0
Event: 8.140 Thread 0x00000208f8d3f820 DEOPT PACKING pc=0x00000208d99eee39 sp=0x0000009e4f6fe960
Event: 8.140 Thread 0x00000208f8d3f820 DEOPT UNPACKING pc=0x00000208e0657143 sp=0x0000009e4f6fddf8 mode 0

Classes loaded (20 events):
Event: 8.213 Loading class javax/naming/RefAddr
Event: 8.213 Loading class javax/naming/RefAddr done
Event: 8.213 Loading class javax/naming/StringRefAddr
Event: 8.213 Loading class javax/naming/StringRefAddr done
Event: 8.250 Loading class jdk/internal/reflect/UnsafeQualifiedStaticObjectFieldAccessorImpl
Event: 8.250 Loading class jdk/internal/reflect/UnsafeQualifiedStaticObjectFieldAccessorImpl done
Event: 8.258 Loading class java/util/concurrent/CompletableFuture$AltResult
Event: 8.259 Loading class java/util/concurrent/CompletableFuture$AltResult done
Event: 8.259 Loading class java/util/concurrent/CompletableFuture$Completion
Event: 8.259 Loading class java/util/concurrent/CompletableFuture$AsynchronousCompletionTask
Event: 8.259 Loading class java/util/concurrent/CompletableFuture$AsynchronousCompletionTask done
Event: 8.259 Loading class java/util/concurrent/CompletableFuture$Completion done
Event: 8.320 Loading class java/util/WeakHashMap$EntrySet
Event: 8.320 Loading class java/util/WeakHashMap$EntrySet done
Event: 8.320 Loading class java/util/WeakHashMap$EntryIterator
Event: 8.320 Loading class java/util/WeakHashMap$HashIterator
Event: 8.321 Loading class java/util/WeakHashMap$HashIterator done
Event: 8.321 Loading class java/util/WeakHashMap$EntryIterator done
Event: 8.395 Loading class java/util/concurrent/CancellationException
Event: 8.395 Loading class java/util/concurrent/CancellationException done

Classes unloaded (0 events):
No events

Classes redefined (0 events):
No events

Internal exceptions (20 events):
Event: 5.075 Thread 0x00000208d1586240 Exception <a 'java/lang/NoSuchMethodError'{0x0000000702116960}: 'java.lang.Object java.lang.invoke.DirectMethodHandle$Holder.invokeSpecial(java.lang.Object, java.lang.Object, java.lang.Object, java.lang.Object, int)'> (0x0000000702116960) 
thrown [s\src\hotspot\share\interpreter\linkResolver.cpp, line 759]
Event: 5.075 Thread 0x00000208d1586240 Exception <a 'java/lang/NoSuchMethodError'{0x000000070211a528}: 'java.lang.Object java.lang.invoke.Invokers$Holder.linkToTargetMethod(java.lang.Object, java.lang.Object, int, java.lang.Object)'> (0x000000070211a528) 
thrown [s\src\hotspot\share\interpreter\linkResolver.cpp, line 759]
Event: 5.214 Thread 0x00000208d1586240 Exception <a 'java/lang/NoSuchMethodError'{0x000000070e2c9440}: 'java.lang.Object java.lang.invoke.DirectMethodHandle$Holder.invokeStaticInit(java.lang.Object, int, int, int, int)'> (0x000000070e2c9440) 
thrown [s\src\hotspot\share\interpreter\linkResolver.cpp, line 759]
Event: 5.312 Thread 0x00000208d1586240 Exception <a 'java/lang/NoSuchMethodError'{0x000000070e337018}: 'java.lang.Object java.lang.invoke.DirectMethodHandle$Holder.invokeStaticInit(java.lang.Object, java.lang.Object, int, int, int, int)'> (0x000000070e337018) 
thrown [s\src\hotspot\share\interpreter\linkResolver.cpp, line 759]
Event: 5.520 Thread 0x00000208d1586240 Exception <a 'java/io/FileNotFoundException'{0x000000070dc78b50}> (0x000000070dc78b50) 
thrown [s\src\hotspot\share\prims\jni.cpp, line 516]
Event: 5.603 Thread 0x00000208d1586240 Exception <a 'java/lang/NoSuchMethodError'{0x0000000704501a28}: 'int java.lang.invoke.DirectMethodHandle$Holder.invokeInterface(java.lang.Object, java.lang.Object, java.lang.Object, java.lang.Object)'> (0x0000000704501a28) 
thrown [s\src\hotspot\share\interpreter\linkResolver.cpp, line 759]
Event: 5.676 Thread 0x00000208d1586240 Exception <a 'java/lang/NoSuchMethodError'{0x00000007042fd010}: 'long java.lang.invoke.DirectMethodHandle$Holder.invokeVirtual(java.lang.Object, java.lang.Object)'> (0x00000007042fd010) 
thrown [s\src\hotspot\share\interpreter\linkResolver.cpp, line 759]
Event: 5.725 Thread 0x00000208d1586240 Exception <a 'java/lang/NoSuchMethodError'{0x0000000704087020}: 'void java.lang.invoke.DirectMethodHandle$Holder.invokeVirtual(java.lang.Object, java.lang.Object, long)'> (0x0000000704087020) 
thrown [s\src\hotspot\share\interpreter\linkResolver.cpp, line 759]
Event: 5.843 Thread 0x00000208d1586240 Implicit null exception at 0x00000208e0d239ef to 0x00000208e0d23ebc
Event: 6.807 Thread 0x00000208d1586240 Exception <a 'java/lang/NoSuchMethodError'{0x0000000704a74488}: 'int java.lang.invoke.DirectMethodHandle$Holder.invokeStatic(java.lang.Object)'> (0x0000000704a74488) 
thrown [s\src\hotspot\share\interpreter\linkResolver.cpp, line 759]
Event: 6.823 Thread 0x00000208d1586240 Implicit null exception at 0x00000208e0dace85 to 0x00000208e0dad474
Event: 7.130 Thread 0x00000208d1586240 Exception <a 'sun/nio/fs/WindowsException'{0x00000007042bf688}> (0x00000007042bf688) 
thrown [s\src\hotspot\share\prims\jni.cpp, line 516]
Event: 7.142 Thread 0x00000208d1586240 Exception <a 'java/lang/NoSuchMethodError'{0x00000007042dffa8}: 'int java.lang.invoke.DirectMethodHandle$Holder.invokeStaticInit(java.lang.Object, java.lang.Object, java.lang.Object, java.lang.Object)'> (0x00000007042dffa8) 
thrown [s\src\hotspot\share\interpreter\linkResolver.cpp, line 759]
Event: 7.632 Thread 0x00000208d1586240 Exception <a 'java/lang/NoSuchMethodError'{0x000000070e0cf4f8}: 'java.lang.Object java.lang.invoke.DirectMethodHandle$Holder.invokeStaticInit(java.lang.Object, java.lang.Object, java.lang.Object, java.lang.Object)'> (0x000000070e0cf4f8) 
thrown [s\src\hotspot\share\interpreter\linkResolver.cpp, line 759]
Event: 7.649 Thread 0x00000208d1586240 Exception <a 'java/lang/NoSuchMethodError'{0x000000070e18a688}: 'java.lang.Object java.lang.invoke.DirectMethodHandle$Holder.invokeSpecial(java.lang.Object, java.lang.Object, long, java.lang.Object, java.lang.Object, java.lang.Object, java.lang.Object, java.lang.Object, java.lang.Object, java.lang.Object)'> (0x000000070e18a688) 
thrown [s\src\hotspot\share\interpreter\linkResolver.cpp, line 759]
Event: 7.651 Thread 0x00000208d1586240 Exception <a 'java/lang/NoSuchMethodError'{0x000000070e18f440}: 'java.lang.Object java.lang.invoke.DelegatingMethodHandle$Holder.reinvoke_L(java.lang.Object, long, java.lang.Object, java.lang.Object, java.lang.Object, java.lang.Object, java.lang.Object, java.lang.Object, java.lang.Object)'> (0x000000070e18f440) 
thrown [s\src\hotspot\share\interpreter\linkResolver.cpp, line 759]
Event: 7.653 Thread 0x00000208d1586240 Exception <a 'java/lang/NoSuchMethodError'{0x000000070e1a6a10}: 'java.lang.Object java.lang.invoke.Invokers$Holder.linkToTargetMethod(java.lang.Object, java.lang.Object, java.lang.Object, java.lang.Object, java.lang.Object, java.lang.Object, java.lang.Object, java.lang.Object)'> (0x000000070e1a6a10) 
thrown [s\src\hotspot\share\interpreter\linkResolver.cpp, line 759]
Event: 8.407 Thread 0x00000208d1586240 Exception <a 'java/lang/IncompatibleClassChangeError'{0x000000070e3c5328}: Found class java.lang.Object, but interface was expected> (0x000000070e3c5328) 
thrown [s\src\hotspot\share\interpreter\linkResolver.cpp, line 826]
Event: 8.430 Thread 0x00000208d1586240 Exception <a 'java/lang/NoSuchMethodError'{0x000000070e0857d8}: 'java.lang.Object java.lang.invoke.DirectMethodHandle$Holder.invokeStatic(java.lang.Object, java.lang.Object, int, java.lang.Object)'> (0x000000070e0857d8) 
thrown [s\src\hotspot\share\interpreter\linkResolver.cpp, line 759]
Event: 8.430 Thread 0x00000208d1586240 Exception <a 'java/lang/NoSuchMethodError'{0x000000070e089270}: 'java.lang.Object java.lang.invoke.DirectMethodHandle$Holder.invokeStaticInit(java.lang.Object, java.lang.Object, int, java.lang.Object)'> (0x000000070e089270) 
thrown [s\src\hotspot\share\interpreter\linkResolver.cpp, line 759]

VM Operations (20 events):
Event: 6.397 Executing VM operation: CollectForMetadataAllocation
Event: 6.397 Executing VM operation: CollectForMetadataAllocation done
Event: 6.409 Executing VM operation: G1PauseRemark
Event: 6.413 Executing VM operation: G1PauseRemark done
Event: 6.434 Executing VM operation: G1PauseCleanup
Event: 6.434 Executing VM operation: G1PauseCleanup done
Event: 7.078 Executing VM operation: HandshakeAllThreads
Event: 7.078 Executing VM operation: HandshakeAllThreads done
Event: 7.136 Executing VM operation: HandshakeAllThreads
Event: 7.137 Executing VM operation: HandshakeAllThreads done
Event: 7.339 Executing VM operation: HandshakeAllThreads
Event: 7.339 Executing VM operation: HandshakeAllThreads done
Event: 7.432 Executing VM operation: G1CollectForAllocation
Event: 7.437 Executing VM operation: G1CollectForAllocation done
Event: 7.494 Executing VM operation: G1PauseRemark
Event: 7.497 Executing VM operation: G1PauseRemark done
Event: 7.516 Executing VM operation: G1PauseCleanup
Event: 7.516 Executing VM operation: G1PauseCleanup done
Event: 8.274 Executing VM operation: G1CollectForAllocation
Event: 8.279 Executing VM operation: G1CollectForAllocation done

Memory protections (0 events):
No events

Nmethod flushes (0 events):
No events

Events (20 events):
Event: 0.054 Thread 0x00000208d1586240 Thread added: 0x00000208f3d30550
Event: 0.055 Thread 0x00000208d1586240 Thread added: 0x00000208f3d38a40
Event: 0.055 Thread 0x00000208d1586240 Thread added: 0x00000208f3d368c0
Event: 0.055 Thread 0x00000208d1586240 Thread added: 0x00000208f3d3ea90
Event: 0.145 Thread 0x00000208d1586240 Thread added: 0x00000208f3cffa60
Event: 0.311 Thread 0x00000208d1586240 Thread added: 0x00000208f83fe2b0
Event: 0.311 Thread 0x00000208d1586240 Thread added: 0x00000208f83fe790
Event: 0.551 Thread 0x00000208f3d368c0 Thread added: 0x00000208f8889730
Event: 1.680 Thread 0x00000208d1586240 Thread added: 0x00000208fa563010
Event: 2.543 Thread 0x00000208d1586240 Thread added: 0x00000208f9944fa0
Event: 2.603 Thread 0x00000208f9944fa0 Thread exited: 0x00000208f9944fa0
Event: 2.682 Thread 0x00000208d1586240 Thread added: 0x00000208f9944a90
Event: 2.711 Thread 0x00000208f9944a90 Thread exited: 0x00000208f9944a90
Event: 3.057 Thread 0x00000208fa563010 Thread exited: 0x00000208fa563010
Event: 5.700 Thread 0x00000208d1586240 Thread added: 0x00000208f9944580
Event: 5.701 Thread 0x00000208f9944580 Thread added: 0x00000208f99459c0
Event: 5.706 Thread 0x00000208d1586240 Thread added: 0x00000208f9944070
Event: 5.766 Thread 0x00000208d1586240 Thread added: 0x00000208f9944fa0
Event: 7.432 Thread 0x00000208d1586240 Thread added: 0x00000208f9944a90
Event: 7.542 Thread 0x00000208f9944a90 Thread added: 0x00000208f8d3f820


Dynamic libraries:
0x00007ff674e50000 - 0x00007ff674e5e000 	C:\Users\Admin\.jdks\ms-17.0.15\bin\java.exe
0x00007ffee8cb0000 - 0x00007ffee8ea8000 	C:\Windows\SYSTEM32\ntdll.dll
0x00007ffee85c0000 - 0x00007ffee8682000 	C:\Windows\System32\KERNEL32.DLL
0x00007ffee64d0000 - 0x00007ffee67c6000 	C:\Windows\System32\KERNELBASE.dll
0x00007ffee63d0000 - 0x00007ffee64d0000 	C:\Windows\System32\ucrtbase.dll
0x00007ffee2e30000 - 0x00007ffee2e4d000 	C:\Users\Admin\.jdks\ms-17.0.15\bin\VCRUNTIME140.dll
0x00007ffedc210000 - 0x00007ffedc227000 	C:\Users\Admin\.jdks\ms-17.0.15\bin\jli.dll
0x00007ffee72f0000 - 0x00007ffee748d000 	C:\Windows\System32\USER32.dll
0x00007ffee6bf0000 - 0x00007ffee6c12000 	C:\Windows\System32\win32u.dll
0x00007ffee6da0000 - 0x00007ffee6dcb000 	C:\Windows\System32\GDI32.dll
0x00007ffee6ad0000 - 0x00007ffee6be9000 	C:\Windows\System32\gdi32full.dll
0x00007ffee6850000 - 0x00007ffee68ed000 	C:\Windows\System32\msvcp_win.dll
0x00007ffedd420000 - 0x00007ffedd6ba000 	C:\Windows\WinSxS\amd64_microsoft.windows.common-controls_6595b64144ccf1df_6.0.19041.5915_none_60b4b9d171f9c7c7\COMCTL32.dll
0x00007ffee7170000 - 0x00007ffee720e000 	C:\Windows\System32\msvcrt.dll
0x00007ffee7cf0000 - 0x00007ffee7d1f000 	C:\Windows\System32\IMM32.DLL
0x00007ffee09d0000 - 0x00007ffee09dc000 	C:\Users\Admin\.jdks\ms-17.0.15\bin\vcruntime140_1.dll
0x00007ffec3ff0000 - 0x00007ffec407d000 	C:\Users\Admin\.jdks\ms-17.0.15\bin\msvcp140.dll
0x00007ffe95f50000 - 0x00007ffe96bc2000 	C:\Users\Admin\.jdks\ms-17.0.15\bin\server\jvm.dll
0x00007ffee6cd0000 - 0x00007ffee6d81000 	C:\Windows\System32\ADVAPI32.dll
0x00007ffee7d20000 - 0x00007ffee7dbf000 	C:\Windows\System32\sechost.dll
0x00007ffee8b20000 - 0x00007ffee8c43000 	C:\Windows\System32\RPCRT4.dll
0x00007ffee6940000 - 0x00007ffee6967000 	C:\Windows\System32\bcrypt.dll
0x00007ffee7b10000 - 0x00007ffee7b7b000 	C:\Windows\System32\WS2_32.dll
0x00007ffee5890000 - 0x00007ffee58db000 	C:\Windows\SYSTEM32\POWRPROF.dll
0x00007ffedfa20000 - 0x00007ffedfa2a000 	C:\Windows\SYSTEM32\VERSION.dll
0x00007ffed65e0000 - 0x00007ffed6607000 	C:\Windows\SYSTEM32\WINMM.dll
0x00007ffee5700000 - 0x00007ffee5712000 	C:\Windows\SYSTEM32\UMPDC.dll
0x00007ffee4210000 - 0x00007ffee4222000 	C:\Windows\SYSTEM32\kernel.appcore.dll
0x00007ffee04f0000 - 0x00007ffee04fa000 	C:\Users\Admin\.jdks\ms-17.0.15\bin\jimage.dll
0x00007ffee3680000 - 0x00007ffee3881000 	C:\Windows\SYSTEM32\DBGHELP.DLL
0x00007ffede690000 - 0x00007ffede6c4000 	C:\Windows\SYSTEM32\dbgcore.DLL
0x00007ffee6340000 - 0x00007ffee63c2000 	C:\Windows\System32\bcryptPrimitives.dll
0x00007ffedfe00000 - 0x00007ffedfe0e000 	C:\Users\Admin\.jdks\ms-17.0.15\bin\instrument.dll
0x00007ffedac00000 - 0x00007ffedac25000 	C:\Users\Admin\.jdks\ms-17.0.15\bin\java.dll
0x00007ffebb7b0000 - 0x00007ffebb886000 	C:\Users\Admin\.jdks\ms-17.0.15\bin\jsvml.dll
0x00007ffee7dc0000 - 0x00007ffee852e000 	C:\Windows\System32\SHELL32.dll
0x00007ffee4380000 - 0x00007ffee4b24000 	C:\Windows\SYSTEM32\windows.storage.dll
0x00007ffee87c0000 - 0x00007ffee8b13000 	C:\Windows\System32\combase.dll
0x00007ffee5c90000 - 0x00007ffee5cbb000 	C:\Windows\SYSTEM32\Wldp.dll
0x00007ffee6e90000 - 0x00007ffee6f5d000 	C:\Windows\System32\OLEAUT32.dll
0x00007ffee6dd0000 - 0x00007ffee6e7d000 	C:\Windows\System32\SHCORE.dll
0x00007ffee7c90000 - 0x00007ffee7ceb000 	C:\Windows\System32\shlwapi.dll
0x00007ffee6270000 - 0x00007ffee6294000 	C:\Windows\SYSTEM32\profapi.dll
0x00007ffedc1f0000 - 0x00007ffedc208000 	C:\Users\Admin\.jdks\ms-17.0.15\bin\zip.dll
0x00007ffeda550000 - 0x00007ffeda56a000 	C:\Users\Admin\.jdks\ms-17.0.15\bin\net.dll
0x00007ffedde70000 - 0x00007ffeddf7a000 	C:\Windows\SYSTEM32\WINHTTP.dll
0x00007ffee5a70000 - 0x00007ffee5ada000 	C:\Windows\system32\mswsock.dll
0x00007ffed5ad0000 - 0x00007ffed5ae6000 	C:\Users\Admin\.jdks\ms-17.0.15\bin\nio.dll
0x00007ffedfa60000 - 0x00007ffedfa69000 	C:\Users\Admin\.jdks\ms-17.0.15\bin\extnet.dll
0x00007ffedae50000 - 0x00007ffedae5e000 	C:\Users\Admin\.jdks\ms-17.0.15\bin\sunmscapi.dll
0x00007ffee6970000 - 0x00007ffee6acd000 	C:\Windows\System32\CRYPT32.dll
0x00007ffee5de0000 - 0x00007ffee5e07000 	C:\Windows\SYSTEM32\ncrypt.dll
0x00007ffee5da0000 - 0x00007ffee5ddb000 	C:\Windows\SYSTEM32\NTASN1.dll
0x00007ffee5cd0000 - 0x00007ffee5ce8000 	C:\Windows\SYSTEM32\CRYPTSP.dll
0x00007ffee5340000 - 0x00007ffee5378000 	C:\Windows\system32\rsaenh.dll
0x00007ffee6230000 - 0x00007ffee625e000 	C:\Windows\SYSTEM32\USERENV.dll
0x00007ffee5c00000 - 0x00007ffee5c0c000 	C:\Windows\SYSTEM32\CRYPTBASE.dll
0x00007ffee5720000 - 0x00007ffee575b000 	C:\Windows\SYSTEM32\IPHLPAPI.DLL
0x00007ffee6e80000 - 0x00007ffee6e88000 	C:\Windows\System32\NSI.dll
0x00007ffedcd60000 - 0x00007ffedcd77000 	C:\Windows\SYSTEM32\dhcpcsvc6.DLL
0x00007ffedde50000 - 0x00007ffedde6d000 	C:\Windows\SYSTEM32\dhcpcsvc.DLL
0x00007ffee5770000 - 0x00007ffee583a000 	C:\Windows\SYSTEM32\DNSAPI.dll
0x00007ffed59c0000 - 0x00007ffed59ca000 	C:\Users\Admin\.jdks\ms-17.0.15\bin\management.dll
0x00007ffed59b0000 - 0x00007ffed59bb000 	C:\Users\Admin\.jdks\ms-17.0.15\bin\management_ext.dll
0x00007ffee8690000 - 0x00007ffee8698000 	C:\Windows\System32\PSAPI.DLL
0x00007ffed59a0000 - 0x00007ffed59b0000 	C:\Users\Admin\.jdks\ms-17.0.15\bin\verify.dll
0x00007ffed4e60000 - 0x00007ffed4e6a000 	C:\Windows\System32\rasadhlp.dll
0x00007ffed5400000 - 0x00007ffed5480000 	C:\Windows\System32\fwpuclnt.dll

dbghelp: loaded successfully - version: 4.0.5 - missing functions: none
symbol engine: initialized successfully - sym options: 0x614 - pdb path: .;C:\Users\Admin\.jdks\ms-17.0.15\bin;C:\Windows\SYSTEM32;C:\Windows\WinSxS\amd64_microsoft.windows.common-controls_6595b64144ccf1df_6.0.19041.5915_none_60b4b9d171f9c7c7;C:\Users\Admin\.jdks\ms-17.0.15\bin\server

VM Arguments:
jvm_args: -javaagent:C:\Program Files\JetBrains\IntelliJ IDEA Community Edition 2025.1.1.1\lib\idea_rt.jar=56422 -Dfile.encoding=UTF-8 
java_command: com.primeproperties.prime_properties.PrimePropertiesApplication
java_class_path (initial): E:\prime-properties\target\classes;C:\Users\Admin\.m2\repository\org\springframework\boot\spring-boot-starter-data-jpa\3.5.0\spring-boot-starter-data-jpa-3.5.0.jar;C:\Users\Admin\.m2\repository\org\springframework\boot\spring-boot-starter\3.5.0\spring-boot-starter-3.5.0.jar;C:\Users\Admin\.m2\repository\org\springframework\boot\spring-boot\3.5.0\spring-boot-3.5.0.jar;C:\Users\Admin\.m2\repository\org\springframework\boot\spring-boot-autoconfigure\3.5.0\spring-boot-autoconfigure-3.5.0.jar;C:\Users\Admin\.m2\repository\org\springframework\boot\spring-boot-starter-logging\3.5.0\spring-boot-starter-logging-3.5.0.jar;C:\Users\Admin\.m2\repository\ch\qos\logback\logback-classic\1.5.18\logback-classic-1.5.18.jar;C:\Users\Admin\.m2\repository\ch\qos\logback\logback-core\1.5.18\logback-core-1.5.18.jar;C:\Users\Admin\.m2\repository\org\apache\logging\log4j\log4j-to-slf4j\2.24.3\log4j-to-slf4j-2.24.3.jar;C:\Users\Admin\.m2\repository\org\apache\logging\log4j\log4j-api\2.24.3\log4j-api-2.24.3.jar;C:\Users\Admin\.m2\repository\org\slf4j\jul-to-slf4j\2.0.17\jul-to-slf4j-2.0.17.jar;C:\Users\Admin\.m2\repository\jakarta\annotation\jakarta.annotation-api\2.1.1\jakarta.annotation-api-2.1.1.jar;C:\Users\Admin\.m2\repository\org\yaml\snakeyaml\2.4\snakeyaml-2.4.jar;C:\Users\Admin\.m2\repository\org\springframework\boot\spring-boot-starter-jdbc\3.5.0\spring-boot-starter-jdbc-3.5.0.jar;C:\Users\Admin\.m2\repository\com\zaxxer\HikariCP\6.3.0\HikariCP-6.3.0.jar;C:\Users\Admin\.m2\repository\org\springframework\spring-jdbc\6.2.7\spring-jdbc-6.2.7.jar;C:\Users\Admin\.m2\repository\org\hibernate\orm\hibernate-core\6.6.15.Final\hibernate-core-6.6.15.Final.jar;C:\Users\Admin\.m2\repository\jakarta\persistence\jakarta.persistence-api\3.1.0\jakarta.persistence-api-3.1.0.jar;C:\Users\Admin\.m2\repository\jakarta\transaction\jakarta.transaction-api\2.0.1\jakarta.transaction-api-2.0.1.jar;C:\Users\Admin\.m2\repository\org\jboss\logging\jboss-logging\3.6.1.Final\jboss-log
Launcher Type: SUN_STANDARD

[Global flags]
     intx CICompilerCount                          = 3                                         {product} {ergonomic}
     uint ConcGCThreads                            = 1                                         {product} {ergonomic}
     uint G1ConcRefinementThreads                  = 4                                         {product} {ergonomic}
   size_t G1HeapRegionSize                         = 2097152                                   {product} {ergonomic}
    uintx GCDrainStackTargetSize                   = 64                                        {product} {ergonomic}
   size_t InitialHeapSize                          = 268435456                                 {product} {ergonomic}
   size_t MarkStackSize                            = 4194304                                   {product} {ergonomic}
   size_t MaxHeapSize                              = 4267704320                                {product} {ergonomic}
   size_t MaxNewSize                               = 2560622592                                {product} {ergonomic}
   size_t MinHeapDeltaBytes                        = 2097152                                   {product} {ergonomic}
   size_t MinHeapSize                              = 8388608                                   {product} {ergonomic}
    uintx NonNMethodCodeHeapSize                   = 5832780                                {pd product} {ergonomic}
    uintx NonProfiledCodeHeapSize                  = 122912730                              {pd product} {ergonomic}
    uintx ProfiledCodeHeapSize                     = 122912730                              {pd product} {ergonomic}
    uintx ReservedCodeCacheSize                    = 251658240                              {pd product} {ergonomic}
     bool SegmentedCodeCache                       = true                                      {product} {ergonomic}
   size_t SoftMaxHeapSize                          = 4267704320                             {manageable} {ergonomic}
     bool UseCompressedClassPointers               = true                           {product lp64_product} {ergonomic}
     bool UseCompressedOops                        = true                           {product lp64_product} {ergonomic}
     bool UseG1GC                                  = true                                      {product} {ergonomic}
     bool UseLargePagesIndividualAllocation        = false                                  {pd product} {ergonomic}

Logging:
Log output configuration:
 #0: stdout all=warning uptime,level,tags
 #1: stderr all=off uptime,level,tags

Environment Variables:
JAVA_HOME=C:\Program Files\Java\jdk-17
PATH=C:\Program Files\Common Files\Oracle\Java\javapath;C:\Windows\system32;C:\Windows;C:\Windows\System32\Wbem;C:\Windows\System32\WindowsPowerShell\v1.0\;C:\Windows\System32\OpenSSH\;C:\Program Files\Java\jdk-17\bin;C:\Program Files\MySQL\MySQL Server 8.0\bin;C:\Program Files\Git\cmd;D:\maven-mvnd-1.0.2-windows-amd64\bin;C:\Program Files\apache-maven-3.8.6\bin;C:\Program Files\maven-mvnd-1.0.2-windows-amd64\bin;;C:\Program Files\Docker\Docker\resources\bin;C:\Program Files\MySQL\MySQL Shell 8.0\bin\;C:\Users\Admin\AppData\Local\Microsoft\WindowsApps;C:\Users\Admin\AppData\Local\Programs\Microsoft VS Code\bin;C:\Program Files\JetBrains\IntelliJ IDEA Community Edition 2025.1.1.1\bin;C:\Program Files\maven-mvnd-1.0.2-windows-amd64\mvn\bin;C:\Program Files\Java\jdk-17\bin;;C:\Users\Admin\.fly\bin
USERNAME=Admin
OS=Windows_NT
PROCESSOR_IDENTIFIER=Intel64 Family 6 Model 61 Stepping 4, GenuineIntel
TMP=C:\Users\Admin\AppData\Local\Temp
TEMP=C:\Users\Admin\AppData\Local\Temp



Periodic native trim disabled


---------------  S Y S T E M  ---------------

OS:
 Windows 10 , 64 bit Build 19041 (10.0.19041.5915)
OS uptime: 3 days 1:16 hours
Hyper-V role detected

CPU: total 4 (initial active 4) (2 cores per cpu, 2 threads per core) family 6 model 61 stepping 4 microcode 0x2d, cx8, cmov, fxsr, ht, mmx, 3dnowpref, sse, sse2, sse3, ssse3, sse4.1, sse4.2, popcnt, lzcnt, tsc, tscinvbit, avx, avx2, aes, erms, clmul, bmi1, bmi2, rtm, adx, fma, vzeroupper, clflush, hv
Processor Information for the first 4 processors :
  Max Mhz: 2601, Current Mhz: 2601, Mhz Limit: 2601

Memory: 4k page, system-wide physical 16272M (8703M free)
TotalPageFile size 18704M (AvailPageFile size 9950M)
current process WorkingSet (physical memory assigned to process): 227M, peak: 232M
current process commit charge ("private bytes"): 255M, peak: 401M

vm_info: OpenJDK 64-Bit Server VM (17.0.15+6-LTS) for windows-amd64 JRE (17.0.15+6-LTS), built on Apr  9 2025 22:27:25 by "MicrosoftCorporation" with unknown MS VC++:1939

END.
