#
# A fatal error has been detected by the Java Runtime Environment:
#
#  EXCEPTION_ACCESS_VIOLATION (0xc0000005) at pc=0x00007ffe965ebea6, pid=10964, tid=8224
#
# JRE version: OpenJDK Runtime Environment Microsoft-11369865 (17.0.15+6) (build 17.0.15+6-LTS)
# Java VM: OpenJDK 64-Bit Server VM Microsoft-11369865 (17.0.15+6-LTS, mixed mode, sharing, tiered, compressed oops, compressed class ptrs, g1 gc, windows-amd64)
# Problematic frame:
# V  [jvm.dll+0x69bea6]
#
# No core dump will be written. Minidumps are not enabled by default on client versions of Windows
#
# If you would like to submit a bug report, please visit:
#   https://github.com/microsoft/openjdk/issues
#

---------------  S U M M A R Y ------------

Command Line: -javaagent:C:\Program Files\JetBrains\IntelliJ IDEA Community Edition 2025.1.1.1\lib\idea_rt.jar=55961 -Dfile.encoding=UTF-8 com.primeproperties.prime_properties.PrimePropertiesApplication

Host: Intel(R) Core(TM) i7-5600U CPU @ 2.60GHz, 4 cores, 15G,  Windows 10 , 64 bit Build 19041 (10.0.19041.5915)
Time: Mon Jul 28 15:50:39 2025 India Standard Time elapsed time: 1.240511 seconds (0d 0h 0m 1s)

---------------  T H R E A D  ---------------

Current thread (0x000002d07f0fc5b0):  JavaThread "C2 CompilerThread0" daemon [_thread_in_native, id=8224, stack(0x000000da98200000,0x000000da98300000)]


Current CompileTask:
C2:   1240 1502       4       org.springframework.boot.context.config.ConfigDataEnvironmentContributor$ContributorIterator::hasNext (13 bytes)

Stack: [0x000000da98200000,0x000000da98300000],  sp=0x000000da982fc4b8,  free space=1009k
Native frames: (J=compiled Java code, j=interpreted, Vv=VM code, C=native code)
V  [jvm.dll+0x69bea6]


siginfo: EXCEPTION_ACCESS_VIOLATION (0xc0000005), reading address 0x0000000000000000


Registers:
RAX=0x0000000000000001, RBX=0x000000000000007b, RCX=0x0000000000000000, RDX=0x000002d05e18a7e0
RSP=0x000000da982fc4b8, RBP=0x0000000000000004, RSI=0x0000000000000058, RDI=0x000000da982fc7c0
R8 =0x000002d05ee9fca8, R9 =0x000002d05ee9ff80, R10=0x0000000000000002, R11=0x000000000000007b
R12=0x000002d07f0cc0a8, R13=0x0000000000000050, R14=0x000002d05f0150b0, R15=0x00007ffe95f50000
RIP=0x00007ffe965ebea6, EFLAGS=0x0000000000010297

XMM[0]=0x0000000000000000 0x0000000000000000
XMM[1]=0x000002d05f0149b0 0x000002d05f014738
XMM[2]=0x000002d05f0873d0 0x000002d05efa7458
XMM[3]=0x0000000000000000 0x0000000000000000
XMM[4]=0x0000000000000000 0x0000000000000000
XMM[5]=0x000002d05f00e7e8 0x000002d05effef10
XMM[6]=0x0000000000000000 0x0000000000000000
XMM[7]=0x0000000000000000 0x0000000000000000
XMM[8]=0x0000000000000000 0x0000000000000000
XMM[9]=0x0000000000000000 0x0000000000000000
XMM[10]=0x0000000000000000 0x0000000000000000
XMM[11]=0x0000000000000000 0x0000000000000000
XMM[12]=0x0000000000000000 0x0000000000000000
XMM[13]=0x0000000000000000 0x0000000000000000
XMM[14]=0x0000000000000000 0x0000000000000000
XMM[15]=0x0000000000000000 0x0000000000000000
  MXCSR=0x00001fa0


Register to memory mapping:

RIP=0x00007ffe965ebea6 jvm.dll
RAX=0x0000000000000001 is an unknown value
RBX=0x000000000000007b is an unknown value
RCX=0x0 is NULL
RDX=0x000002d05e18a7e0 points into unknown readable memory: 0x0000005b00000007 | 07 00 00 00 5b 00 00 00
RSP=0x000000da982fc4b8 is pointing into the stack for thread: 0x000002d07f0fc5b0
RBP=0x0000000000000004 is an unknown value
RSI=0x0000000000000058 is an unknown value
RDI=0x000000da982fc7c0 is pointing into the stack for thread: 0x000002d07f0fc5b0
R8 =0x000002d05ee9fca8 points into unknown readable memory: 0x000002d05ee9ff80 | 80 ff e9 5e d0 02 00 00
R9 =0x000002d05ee9ff80 points into unknown readable memory: 0x0000000000000000 | 00 00 00 00 00 00 00 00
R10=0x0000000000000002 is an unknown value
R11=0x000000000000007b is an unknown value
R12=0x000002d07f0cc0a8 points into unknown readable memory: 0x000002d07ef9e900 | 00 e9 f9 7e d0 02 00 00
R13=0x0000000000000050 is an unknown value
R14=0x000002d05f0150b0 points into unknown readable memory: 0x00007ffe96876318 | 18 63 87 96 fe 7f 00 00
R15=0x00007ffe95f50000 jvm.dll


Top of Stack: (sp=0x000000da982fc4b8)
0x000000da982fc4b8:   00007ffe965ed656 000002d07f0cc0a8
0x000000da982fc4c8:   00007ffe9675327b 0000000000000000
0x000000da982fc4d8:   00007ffe966ecd1a 000002d05f0150b0
0x000000da982fc4e8:   00007ffe965fe6ed 000002d00000007b
0x000000da982fc4f8:   000000da982fc7c0 000002d05f0150b0
0x000000da982fc508:   00007ffe966ecca4 0000000000000000
0x000000da982fc518:   0000000000000000 0000000000000000
0x000000da982fc528:   0000000000000000 00007ffe95f50000
0x000000da982fc538:   000000da982fc7c0 0000000000000050
0x000000da982fc548:   000002d05ea16338 000002d05f015020
0x000000da982fc558:   000002d05f0150b0 0000000000000004
0x000000da982fc568:   00007ffe965f11db 0000000000000004
0x000000da982fc578:   000002d05f0150b0 000002d05f0150b0
0x000000da982fc588:   000000da982fe540 000002d05f014a08
0x000000da982fc598:   00007ffe965ec200 000000da982fc858
0x000000da982fc5a8:   000002d05f014d28 000002d05f00e7e8
0x000000da982fc5b8:   0000000000000005 00007ffe968bab28
0x000000da982fc5c8:   000000da00000001 000000da982fe540
0x000000da982fc5d8:   000000da982ff040 000000da982fdad0
0x000000da982fc5e8:   0000000000000000 0000000000000000
0x000000da982fc5f8:   0000000000000077 0000000000000050
0x000000da982fc608:   000002d0758b3c20 000002d05ee9fae0
0x000000da982fc618:   0000000000000000 000000da982fc7c0
0x000000da982fc628:   00007ffe965e91c3 000000da982fc7c0
0x000000da982fc638:   000000da982fc8c8 0000000000000000
0x000000da982fc648:   000002d05f014a08 0000000000000050
0x000000da982fc658:   000002d07f0cc0a8 000000da982fc7c0
0x000000da982fc668:   000002d05efbc0f0 000002d000000001
0x000000da982fc678:   000000da982fdad0 0000000000000000
0x000000da982fc688:   0000000000000006 000000da982fc7c0
0x000000da982fc698:   00007ffe965e8a50 00000000000001e0
0x000000da982fc6a8:   000002d05ee9fae0 0000000000000100 

Instructions: (pc=0x00007ffe965ebea6)
0x00007ffe965ebda6:   88 7c 24 28 45 33 c0 44 88 7c 24 20 ba 4c ff ff
0x00007ffe965ebdb6:   ff 49 8b ce e8 61 57 cb ff 48 8d 4c 24 70 e8 17
0x00007ffe965ebdc6:   89 ca ff 4c 8b bc 24 90 00 00 00 48 8b bc 24 98
0x00007ffe965ebdd6:   00 00 00 48 8b 9c 24 b8 00 00 00 48 81 c4 a0 00
0x00007ffe965ebde6:   00 00 41 5e c3 cc cc cc cc cc 48 89 5c 24 08 57
0x00007ffe965ebdf6:   48 83 ec 20 89 51 38 8b da 48 8b 51 10 48 8b ba
0x00007ffe965ebe06:   08 03 00 00 48 85 ff 74 33 80 3d 7e ce 48 00 00
0x00007ffe965ebe16:   75 06 83 79 68 01 7f 24 48 8b 0f 48 85 c9 74 1c
0x00007ffe965ebe26:   39 59 24 74 17 e8 f0 00 b1 ff 39 58 24 74 07 c7
0x00007ffe965ebe36:   40 28 ff ff ff ff 89 58 24 48 89 07 48 8b 5c 24
0x00007ffe965ebe46:   30 48 83 c4 20 5f c3 cc cc cc 48 8b 01 4c 8b 40
0x00007ffe965ebe56:   38 49 8b 40 10 48 8b 48 08 8b 41 50 03 c2 48 63
0x00007ffe965ebe66:   c8 49 8b 00 48 8b 0c c8 e9 5d 6d 16 00 cc cc cc
0x00007ffe965ebe76:   cc cc cc cc cc cc cc cc cc cc 48 63 41 40 44 8b
0x00007ffe965ebe86:   da 85 c0 7e 30 4c 8b 41 48 4c 8b d0 33 c0 0f 1f
0x00007ffe965ebe96:   40 00 0f 1f 84 00 00 00 00 00 4d 8b 08 49 8b 09
0x00007ffe965ebea6:   48 8b 11 44 39 5a 04 74 0f 48 ff c0 49 83 c0 08
0x00007ffe965ebeb6:   49 3b c2 7c e5 33 c0 c3 49 8b c1 c3 cc cc cc cc
0x00007ffe965ebec6:   cc cc cc cc cc cc cc cc cc cc 48 89 5c 24 08 48
0x00007ffe965ebed6:   89 6c 24 10 48 89 74 24 18 48 89 7c 24 20 41 56
0x00007ffe965ebee6:   48 81 ec 80 00 00 00 4c 8b f1 48 8b ea 48 8d 4c
0x00007ffe965ebef6:   24 20 e8 03 87 ca ff 49 8b 56 58 48 8d 4c 24 20
0x00007ffe965ebf06:   48 8b 52 38 e8 a1 37 cb ff 4d 8b 46 58 48 8b 7c
0x00007ffe965ebf16:   24 48 8b 15 9a 76 53 00 be 50 00 00 00 41 8b 40
0x00007ffe965ebf26:   24 89 44 24 58 41 8b 40 20 89 44 24 70 65 48 8b
0x00007ffe965ebf36:   04 25 58 00 00 00 4c 8b 4f 08 48 03 34 d0 48 8b
0x00007ffe965ebf46:   45 08 4d 8b 01 48 8b 18 4d 85 c0 74 28 49 8b 48
0x00007ffe965ebf56:   10 48 85 c9 74 1f 41 8b 40 20 48 8d 14 c1 48 39
0x00007ffe965ebf66:   7a f8 48 8d 52 f8 75 f6 ff c8 41 89 40 20 48 8b
0x00007ffe965ebf76:   0c c1 48 89 0a 49 89 19 48 85 db 74 25 48 83 7b
0x00007ffe965ebf86:   10 00 74 1e 8b 53 20 3b 53 24 75 08 48 8b cb e8
0x00007ffe965ebf96:   e6 a8 fc ff 8b 4b 20 48 8b 43 10 48 89 3c c8 ff 


Stack slot to memory mapping:
stack at sp + 0 slots: 0x00007ffe965ed656 jvm.dll
stack at sp + 1 slots: 0x000002d07f0cc0a8 points into unknown readable memory: 0x000002d07ef9e900 | 00 e9 f9 7e d0 02 00 00
stack at sp + 2 slots: 0x00007ffe9675327b jvm.dll
stack at sp + 3 slots: 0x0 is NULL
stack at sp + 4 slots: 0x00007ffe966ecd1a jvm.dll
stack at sp + 5 slots: 0x000002d05f0150b0 points into unknown readable memory: 0x00007ffe96876318 | 18 63 87 96 fe 7f 00 00
stack at sp + 6 slots: 0x00007ffe965fe6ed jvm.dll
stack at sp + 7 slots: 0x000002d00000007b is at entry_point+-357 in (nmethod*)0x000002d000000010
Compiled method (c1)    1284    1       3       java.lang.String::hashCode (60 bytes)
 total in heap  [0x000002d000000010,0x000002d0000005c0] = 1456
 relocation     [0x000002d000000168,0x000002d0000001c8] = 96
 main code      [0x000002d0000001e0,0x000002d0000004c0] = 736
 stub code      [0x000002d0000004c0,0x000002d000000518] = 88
 metadata       [0x000002d000000518,0x000002d000000528] = 16
 scopes data    [0x000002d000000528,0x000002d000000558] = 48
 scopes pcs     [0x000002d000000558,0x000002d0000005b8] = 96
 dependencies   [0x000002d0000005b8,0x000002d0000005c0] = 8


---------------  P R O C E S S  ---------------

Threads class SMR info:
_java_thread_list=0x000002d05e428e90, length=14, elements={
0x000002d07589bbe0, 0x000002d07f0ea530, 0x000002d07f0ebb50, 0x000002d07f0f7970,
0x000002d07f0f8530, 0x000002d07f0faf00, 0x000002d07f0fb8c0, 0x000002d07f0fc5b0,
0x000002d07f101810, 0x000002d07f10ea90, 0x000002d07f0d1d60, 0x000002d05e22e000,
0x000002d05e38e7b0, 0x000002d05e38ec90
}

Java Threads: ( => current thread )
  0x000002d07589bbe0 JavaThread "main" [_thread_in_Java, id=6504, stack(0x000000da97500000,0x000000da97600000)]
  0x000002d07f0ea530 JavaThread "Reference Handler" daemon [_thread_blocked, id=15008, stack(0x000000da97c00000,0x000000da97d00000)]
  0x000002d07f0ebb50 JavaThread "Finalizer" daemon [_thread_blocked, id=1368, stack(0x000000da97d00000,0x000000da97e00000)]
  0x000002d07f0f7970 JavaThread "Signal Dispatcher" daemon [_thread_blocked, id=9532, stack(0x000000da97e00000,0x000000da97f00000)]
  0x000002d07f0f8530 JavaThread "Attach Listener" daemon [_thread_blocked, id=13144, stack(0x000000da97f00000,0x000000da98000000)]
  0x000002d07f0faf00 JavaThread "Service Thread" daemon [_thread_blocked, id=12364, stack(0x000000da98000000,0x000000da98100000)]
  0x000002d07f0fb8c0 JavaThread "Monitor Deflation Thread" daemon [_thread_blocked, id=9072, stack(0x000000da98100000,0x000000da98200000)]
=>0x000002d07f0fc5b0 JavaThread "C2 CompilerThread0" daemon [_thread_in_native, id=8224, stack(0x000000da98200000,0x000000da98300000)]
  0x000002d07f101810 JavaThread "C1 CompilerThread0" daemon [_thread_blocked, id=13368, stack(0x000000da98300000,0x000000da98400000)]
  0x000002d07f10ea90 JavaThread "Sweeper thread" daemon [_thread_blocked, id=6840, stack(0x000000da98400000,0x000000da98500000)]
  0x000002d07f0d1d60 JavaThread "Common-Cleaner" daemon [_thread_blocked, id=1640, stack(0x000000da98500000,0x000000da98600000)]
  0x000002d05e22e000 JavaThread "C2 CompilerThread1" daemon [_thread_in_native, id=1804, stack(0x000000da98600000,0x000000da98700000)]
  0x000002d05e38e7b0 JavaThread "Monitor Ctrl-Break" daemon [_thread_in_native, id=15964, stack(0x000000da98700000,0x000000da98800000)]
  0x000002d05e38ec90 JavaThread "Notification Thread" daemon [_thread_blocked, id=7388, stack(0x000000da98800000,0x000000da98900000)]

Other Threads:
  0x000002d07f0e12d0 VMThread "VM Thread" [stack: 0x000000da97b00000,0x000000da97c00000] [id=10900]
  0x000002d05e38f980 WatcherThread [stack: 0x000000da98900000,0x000000da98a00000] [id=8940]
  0x000002d075905230 GCTaskThread "GC Thread#0" [stack: 0x000000da97600000,0x000000da97700000] [id=12704]
  0x000002d05ea7ee20 GCTaskThread "GC Thread#1" [stack: 0x000000da98a00000,0x000000da98b00000] [id=16080]
  0x000002d05e78d920 GCTaskThread "GC Thread#2" [stack: 0x000000da98b00000,0x000000da98c00000] [id=1600]
  0x000002d05e78dbe0 GCTaskThread "GC Thread#3" [stack: 0x000000da98c00000,0x000000da98d00000] [id=15920]
  0x000002d0735edf40 ConcurrentGCThread "G1 Main Marker" [stack: 0x000000da97700000,0x000000da97800000] [id=3820]
  0x000002d0735ee960 ConcurrentGCThread "G1 Conc#0" [stack: 0x000000da97800000,0x000000da97900000] [id=12076]
  0x000002d07594ea50 ConcurrentGCThread "G1 Refine#0" [stack: 0x000000da97900000,0x000000da97a00000] [id=14168]
  0x000002d07ef9c670 ConcurrentGCThread "G1 Service" [stack: 0x000000da97a00000,0x000000da97b00000] [id=2880]

Threads with active compile tasks:
C2 CompilerThread0     1285 1502       4       org.springframework.boot.context.config.ConfigDataEnvironmentContributor$ContributorIterator::hasNext (13 bytes)
C2 CompilerThread1     1285 1476       4       org.springframework.boot.context.config.ConfigDataEnvironmentContributor$ContributorIterator::fetchIfNecessary (153 bytes)

VM state: not at safepoint (normal execution)

VM Mutex/Monitor currently owned by a thread: None

Heap address: 0x0000000701a00000, size: 4070 MB, Compressed Oops mode: Zero based, Oop shift amount: 3

CDS archive(s) mapped at: [0x000002d019000000-0x000002d019bb0000-0x000002d019bb0000), size 12255232, SharedBaseAddress: 0x000002d019000000, ArchiveRelocationMode: 1.
Compressed class space mapped at: 0x000002d01a000000-0x000002d05a000000, reserved size: 1073741824
Narrow klass base: 0x000002d019000000, Narrow klass shift: 0, Narrow klass range: 0x100000000

GC Precious Log:
 CPUs: 4 total, 4 available
 Memory: 16272M
 Large Page Support: Disabled
 NUMA Support: Disabled
 Compressed Oops: Enabled (Zero based)
 Heap Region Size: 2M
 Heap Min Capacity: 8M
 Heap Initial Capacity: 256M
 Heap Max Capacity: 4070M
 Pre-touch: Disabled
 Parallel Workers: 4
 Concurrent Workers: 1
 Concurrent Refinement Workers: 4
 Periodic GC: Disabled

Heap:
 garbage-first heap   total 262144K, used 15406K [0x0000000701a00000, 0x0000000800000000)
  region size 2048K, 6 young (12288K), 1 survivors (2048K)
 Metaspace       used 7681K, committed 8000K, reserved 1114112K
  class space    used 943K, committed 1088K, reserved 1048576K

Heap Regions: E=young(eden), S=young(survivor), O=old, HS=humongous(starts), HC=humongous(continues), CS=collection set, F=free, OA=open archive, CA=closed archive, TAMS=top-at-mark-start (previous, next)
|   0|0x0000000701a00000, 0x0000000701c00000, 0x0000000701c00000|100%| O|  |TAMS 0x0000000701a00000, 0x0000000701a00000| Untracked 
|   1|0x0000000701c00000, 0x0000000701e00000, 0x0000000701e00000|100%| O|  |TAMS 0x0000000701c00000, 0x0000000701c00000| Untracked 
|   2|0x0000000701e00000, 0x0000000702000000, 0x0000000702000000|100%| O|  |TAMS 0x0000000701e00000, 0x0000000701e00000| Untracked 
|   3|0x0000000702000000, 0x000000070201fe00, 0x0000000702200000|  6%| O|  |TAMS 0x0000000702000000, 0x0000000702000000| Untracked 
|   4|0x0000000702200000, 0x0000000702200000, 0x0000000702400000|  0%| F|  |TAMS 0x0000000702200000, 0x0000000702200000| Untracked 
|   5|0x0000000702400000, 0x0000000702400000, 0x0000000702600000|  0%| F|  |TAMS 0x0000000702400000, 0x0000000702400000| Untracked 
|   6|0x0000000702600000, 0x0000000702600000, 0x0000000702800000|  0%| F|  |TAMS 0x0000000702600000, 0x0000000702600000| Untracked 
|   7|0x0000000702800000, 0x0000000702800000, 0x0000000702a00000|  0%| F|  |TAMS 0x0000000702800000, 0x0000000702800000| Untracked 
|   8|0x0000000702a00000, 0x0000000702a00000, 0x0000000702c00000|  0%| F|  |TAMS 0x0000000702a00000, 0x0000000702a00000| Untracked 
|   9|0x0000000702c00000, 0x0000000702c00000, 0x0000000702e00000|  0%| F|  |TAMS 0x0000000702c00000, 0x0000000702c00000| Untracked 
|  10|0x0000000702e00000, 0x0000000702e00000, 0x0000000703000000|  0%| F|  |TAMS 0x0000000702e00000, 0x0000000702e00000| Untracked 
|  11|0x0000000703000000, 0x0000000703000000, 0x0000000703200000|  0%| F|  |TAMS 0x0000000703000000, 0x0000000703000000| Untracked 
|  12|0x0000000703200000, 0x0000000703200000, 0x0000000703400000|  0%| F|  |TAMS 0x0000000703200000, 0x0000000703200000| Untracked 
|  13|0x0000000703400000, 0x0000000703400000, 0x0000000703600000|  0%| F|  |TAMS 0x0000000703400000, 0x0000000703400000| Untracked 
|  14|0x0000000703600000, 0x0000000703600000, 0x0000000703800000|  0%| F|  |TAMS 0x0000000703600000, 0x0000000703600000| Untracked 
|  15|0x0000000703800000, 0x0000000703800000, 0x0000000703a00000|  0%| F|  |TAMS 0x0000000703800000, 0x0000000703800000| Untracked 
|  16|0x0000000703a00000, 0x0000000703a00000, 0x0000000703c00000|  0%| F|  |TAMS 0x0000000703a00000, 0x0000000703a00000| Untracked 
|  17|0x0000000703c00000, 0x0000000703c00000, 0x0000000703e00000|  0%| F|  |TAMS 0x0000000703c00000, 0x0000000703c00000| Untracked 
|  18|0x0000000703e00000, 0x0000000703e00000, 0x0000000704000000|  0%| F|  |TAMS 0x0000000703e00000, 0x0000000703e00000| Untracked 
|  19|0x0000000704000000, 0x0000000704000000, 0x0000000704200000|  0%| F|  |TAMS 0x0000000704000000, 0x0000000704000000| Untracked 
|  20|0x0000000704200000, 0x0000000704200000, 0x0000000704400000|  0%| F|  |TAMS 0x0000000704200000, 0x0000000704200000| Untracked 
|  21|0x0000000704400000, 0x0000000704400000, 0x0000000704600000|  0%| F|  |TAMS 0x0000000704400000, 0x0000000704400000| Untracked 
|  22|0x0000000704600000, 0x0000000704600000, 0x0000000704800000|  0%| F|  |TAMS 0x0000000704600000, 0x0000000704600000| Untracked 
|  23|0x0000000704800000, 0x0000000704800000, 0x0000000704a00000|  0%| F|  |TAMS 0x0000000704800000, 0x0000000704800000| Untracked 
|  24|0x0000000704a00000, 0x0000000704a00000, 0x0000000704c00000|  0%| F|  |TAMS 0x0000000704a00000, 0x0000000704a00000| Untracked 
|  25|0x0000000704c00000, 0x0000000704c00000, 0x0000000704e00000|  0%| F|  |TAMS 0x0000000704c00000, 0x0000000704c00000| Untracked 
|  26|0x0000000704e00000, 0x0000000704e00000, 0x0000000705000000|  0%| F|  |TAMS 0x0000000704e00000, 0x0000000704e00000| Untracked 
|  27|0x0000000705000000, 0x0000000705000000, 0x0000000705200000|  0%| F|  |TAMS 0x0000000705000000, 0x0000000705000000| Untracked 
|  28|0x0000000705200000, 0x0000000705200000, 0x0000000705400000|  0%| F|  |TAMS 0x0000000705200000, 0x0000000705200000| Untracked 
|  29|0x0000000705400000, 0x0000000705400000, 0x0000000705600000|  0%| F|  |TAMS 0x0000000705400000, 0x0000000705400000| Untracked 
|  30|0x0000000705600000, 0x0000000705600000, 0x0000000705800000|  0%| F|  |TAMS 0x0000000705600000, 0x0000000705600000| Untracked 
|  31|0x0000000705800000, 0x0000000705800000, 0x0000000705a00000|  0%| F|  |TAMS 0x0000000705800000, 0x0000000705800000| Untracked 
|  32|0x0000000705a00000, 0x0000000705a00000, 0x0000000705c00000|  0%| F|  |TAMS 0x0000000705a00000, 0x0000000705a00000| Untracked 
|  33|0x0000000705c00000, 0x0000000705c00000, 0x0000000705e00000|  0%| F|  |TAMS 0x0000000705c00000, 0x0000000705c00000| Untracked 
|  34|0x0000000705e00000, 0x0000000705e00000, 0x0000000706000000|  0%| F|  |TAMS 0x0000000705e00000, 0x0000000705e00000| Untracked 
|  35|0x0000000706000000, 0x0000000706000000, 0x0000000706200000|  0%| F|  |TAMS 0x0000000706000000, 0x0000000706000000| Untracked 
|  36|0x0000000706200000, 0x0000000706200000, 0x0000000706400000|  0%| F|  |TAMS 0x0000000706200000, 0x0000000706200000| Untracked 
|  37|0x0000000706400000, 0x0000000706400000, 0x0000000706600000|  0%| F|  |TAMS 0x0000000706400000, 0x0000000706400000| Untracked 
|  38|0x0000000706600000, 0x0000000706600000, 0x0000000706800000|  0%| F|  |TAMS 0x0000000706600000, 0x0000000706600000| Untracked 
|  39|0x0000000706800000, 0x0000000706800000, 0x0000000706a00000|  0%| F|  |TAMS 0x0000000706800000, 0x0000000706800000| Untracked 
|  40|0x0000000706a00000, 0x0000000706a00000, 0x0000000706c00000|  0%| F|  |TAMS 0x0000000706a00000, 0x0000000706a00000| Untracked 
|  41|0x0000000706c00000, 0x0000000706c00000, 0x0000000706e00000|  0%| F|  |TAMS 0x0000000706c00000, 0x0000000706c00000| Untracked 
|  42|0x0000000706e00000, 0x0000000706e00000, 0x0000000707000000|  0%| F|  |TAMS 0x0000000706e00000, 0x0000000706e00000| Untracked 
|  43|0x0000000707000000, 0x0000000707000000, 0x0000000707200000|  0%| F|  |TAMS 0x0000000707000000, 0x0000000707000000| Untracked 
|  44|0x0000000707200000, 0x0000000707200000, 0x0000000707400000|  0%| F|  |TAMS 0x0000000707200000, 0x0000000707200000| Untracked 
|  45|0x0000000707400000, 0x0000000707400000, 0x0000000707600000|  0%| F|  |TAMS 0x0000000707400000, 0x0000000707400000| Untracked 
|  46|0x0000000707600000, 0x0000000707600000, 0x0000000707800000|  0%| F|  |TAMS 0x0000000707600000, 0x0000000707600000| Untracked 
|  47|0x0000000707800000, 0x0000000707800000, 0x0000000707a00000|  0%| F|  |TAMS 0x0000000707800000, 0x0000000707800000| Untracked 
|  48|0x0000000707a00000, 0x0000000707a00000, 0x0000000707c00000|  0%| F|  |TAMS 0x0000000707a00000, 0x0000000707a00000| Untracked 
|  49|0x0000000707c00000, 0x0000000707c00000, 0x0000000707e00000|  0%| F|  |TAMS 0x0000000707c00000, 0x0000000707c00000| Untracked 
|  50|0x0000000707e00000, 0x0000000707e00000, 0x0000000708000000|  0%| F|  |TAMS 0x0000000707e00000, 0x0000000707e00000| Untracked 
|  51|0x0000000708000000, 0x0000000708000000, 0x0000000708200000|  0%| F|  |TAMS 0x0000000708000000, 0x0000000708000000| Untracked 
|  52|0x0000000708200000, 0x0000000708200000, 0x0000000708400000|  0%| F|  |TAMS 0x0000000708200000, 0x0000000708200000| Untracked 
|  53|0x0000000708400000, 0x0000000708400000, 0x0000000708600000|  0%| F|  |TAMS 0x0000000708400000, 0x0000000708400000| Untracked 
|  54|0x0000000708600000, 0x0000000708600000, 0x0000000708800000|  0%| F|  |TAMS 0x0000000708600000, 0x0000000708600000| Untracked 
|  55|0x0000000708800000, 0x0000000708800000, 0x0000000708a00000|  0%| F|  |TAMS 0x0000000708800000, 0x0000000708800000| Untracked 
|  56|0x0000000708a00000, 0x0000000708a00000, 0x0000000708c00000|  0%| F|  |TAMS 0x0000000708a00000, 0x0000000708a00000| Untracked 
|  57|0x0000000708c00000, 0x0000000708c00000, 0x0000000708e00000|  0%| F|  |TAMS 0x0000000708c00000, 0x0000000708c00000| Untracked 
|  58|0x0000000708e00000, 0x0000000708e00000, 0x0000000709000000|  0%| F|  |TAMS 0x0000000708e00000, 0x0000000708e00000| Untracked 
|  59|0x0000000709000000, 0x0000000709000000, 0x0000000709200000|  0%| F|  |TAMS 0x0000000709000000, 0x0000000709000000| Untracked 
|  60|0x0000000709200000, 0x0000000709200000, 0x0000000709400000|  0%| F|  |TAMS 0x0000000709200000, 0x0000000709200000| Untracked 
|  61|0x0000000709400000, 0x0000000709400000, 0x0000000709600000|  0%| F|  |TAMS 0x0000000709400000, 0x0000000709400000| Untracked 
|  62|0x0000000709600000, 0x0000000709600000, 0x0000000709800000|  0%| F|  |TAMS 0x0000000709600000, 0x0000000709600000| Untracked 
|  63|0x0000000709800000, 0x0000000709800000, 0x0000000709a00000|  0%| F|  |TAMS 0x0000000709800000, 0x0000000709800000| Untracked 
|  64|0x0000000709a00000, 0x0000000709a00000, 0x0000000709c00000|  0%| F|  |TAMS 0x0000000709a00000, 0x0000000709a00000| Untracked 
|  65|0x0000000709c00000, 0x0000000709c00000, 0x0000000709e00000|  0%| F|  |TAMS 0x0000000709c00000, 0x0000000709c00000| Untracked 
|  66|0x0000000709e00000, 0x0000000709e00000, 0x000000070a000000|  0%| F|  |TAMS 0x0000000709e00000, 0x0000000709e00000| Untracked 
|  67|0x000000070a000000, 0x000000070a000000, 0x000000070a200000|  0%| F|  |TAMS 0x000000070a000000, 0x000000070a000000| Untracked 
|  68|0x000000070a200000, 0x000000070a200000, 0x000000070a400000|  0%| F|  |TAMS 0x000000070a200000, 0x000000070a200000| Untracked 
|  69|0x000000070a400000, 0x000000070a400000, 0x000000070a600000|  0%| F|  |TAMS 0x000000070a400000, 0x000000070a400000| Untracked 
|  70|0x000000070a600000, 0x000000070a600000, 0x000000070a800000|  0%| F|  |TAMS 0x000000070a600000, 0x000000070a600000| Untracked 
|  71|0x000000070a800000, 0x000000070a800000, 0x000000070aa00000|  0%| F|  |TAMS 0x000000070a800000, 0x000000070a800000| Untracked 
|  72|0x000000070aa00000, 0x000000070aa00000, 0x000000070ac00000|  0%| F|  |TAMS 0x000000070aa00000, 0x000000070aa00000| Untracked 
|  73|0x000000070ac00000, 0x000000070ac00000, 0x000000070ae00000|  0%| F|  |TAMS 0x000000070ac00000, 0x000000070ac00000| Untracked 
|  74|0x000000070ae00000, 0x000000070ae00000, 0x000000070b000000|  0%| F|  |TAMS 0x000000070ae00000, 0x000000070ae00000| Untracked 
|  75|0x000000070b000000, 0x000000070b000000, 0x000000070b200000|  0%| F|  |TAMS 0x000000070b000000, 0x000000070b000000| Untracked 
|  76|0x000000070b200000, 0x000000070b200000, 0x000000070b400000|  0%| F|  |TAMS 0x000000070b200000, 0x000000070b200000| Untracked 
|  77|0x000000070b400000, 0x000000070b400000, 0x000000070b600000|  0%| F|  |TAMS 0x000000070b400000, 0x000000070b400000| Untracked 
|  78|0x000000070b600000, 0x000000070b600000, 0x000000070b800000|  0%| F|  |TAMS 0x000000070b600000, 0x000000070b600000| Untracked 
|  79|0x000000070b800000, 0x000000070b800000, 0x000000070ba00000|  0%| F|  |TAMS 0x000000070b800000, 0x000000070b800000| Untracked 
|  80|0x000000070ba00000, 0x000000070ba00000, 0x000000070bc00000|  0%| F|  |TAMS 0x000000070ba00000, 0x000000070ba00000| Untracked 
|  81|0x000000070bc00000, 0x000000070bc00000, 0x000000070be00000|  0%| F|  |TAMS 0x000000070bc00000, 0x000000070bc00000| Untracked 
|  82|0x000000070be00000, 0x000000070be00000, 0x000000070c000000|  0%| F|  |TAMS 0x000000070be00000, 0x000000070be00000| Untracked 
|  83|0x000000070c000000, 0x000000070c000000, 0x000000070c200000|  0%| F|  |TAMS 0x000000070c000000, 0x000000070c000000| Untracked 
|  84|0x000000070c200000, 0x000000070c200000, 0x000000070c400000|  0%| F|  |TAMS 0x000000070c200000, 0x000000070c200000| Untracked 
|  85|0x000000070c400000, 0x000000070c400000, 0x000000070c600000|  0%| F|  |TAMS 0x000000070c400000, 0x000000070c400000| Untracked 
|  86|0x000000070c600000, 0x000000070c600000, 0x000000070c800000|  0%| F|  |TAMS 0x000000070c600000, 0x000000070c600000| Untracked 
|  87|0x000000070c800000, 0x000000070c800000, 0x000000070ca00000|  0%| F|  |TAMS 0x000000070c800000, 0x000000070c800000| Untracked 
|  88|0x000000070ca00000, 0x000000070ca00000, 0x000000070cc00000|  0%| F|  |TAMS 0x000000070ca00000, 0x000000070ca00000| Untracked 
|  89|0x000000070cc00000, 0x000000070cc00000, 0x000000070ce00000|  0%| F|  |TAMS 0x000000070cc00000, 0x000000070cc00000| Untracked 
|  90|0x000000070ce00000, 0x000000070ce00000, 0x000000070d000000|  0%| F|  |TAMS 0x000000070ce00000, 0x000000070ce00000| Untracked 
|  91|0x000000070d000000, 0x000000070d000000, 0x000000070d200000|  0%| F|  |TAMS 0x000000070d000000, 0x000000070d000000| Untracked 
|  92|0x000000070d200000, 0x000000070d200000, 0x000000070d400000|  0%| F|  |TAMS 0x000000070d200000, 0x000000070d200000| Untracked 
|  93|0x000000070d400000, 0x000000070d400000, 0x000000070d600000|  0%| F|  |TAMS 0x000000070d400000, 0x000000070d400000| Untracked 
|  94|0x000000070d600000, 0x000000070d600000, 0x000000070d800000|  0%| F|  |TAMS 0x000000070d600000, 0x000000070d600000| Untracked 
|  95|0x000000070d800000, 0x000000070d800000, 0x000000070da00000|  0%| F|  |TAMS 0x000000070d800000, 0x000000070d800000| Untracked 
|  96|0x000000070da00000, 0x000000070da00000, 0x000000070dc00000|  0%| F|  |TAMS 0x000000070da00000, 0x000000070da00000| Untracked 
|  97|0x000000070dc00000, 0x000000070dc00000, 0x000000070de00000|  0%| F|  |TAMS 0x000000070dc00000, 0x000000070dc00000| Untracked 
|  98|0x000000070de00000, 0x000000070de00000, 0x000000070e000000|  0%| F|  |TAMS 0x000000070de00000, 0x000000070de00000| Untracked 
|  99|0x000000070e000000, 0x000000070e000000, 0x000000070e200000|  0%| F|  |TAMS 0x000000070e000000, 0x000000070e000000| Untracked 
| 100|0x000000070e200000, 0x000000070e200000, 0x000000070e400000|  0%| F|  |TAMS 0x000000070e200000, 0x000000070e200000| Untracked 
| 101|0x000000070e400000, 0x000000070e400000, 0x000000070e600000|  0%| F|  |TAMS 0x000000070e400000, 0x000000070e400000| Untracked 
| 102|0x000000070e600000, 0x000000070e600000, 0x000000070e800000|  0%| F|  |TAMS 0x000000070e600000, 0x000000070e600000| Untracked 
| 103|0x000000070e800000, 0x000000070e800000, 0x000000070ea00000|  0%| F|  |TAMS 0x000000070e800000, 0x000000070e800000| Untracked 
| 104|0x000000070ea00000, 0x000000070ea00000, 0x000000070ec00000|  0%| F|  |TAMS 0x000000070ea00000, 0x000000070ea00000| Untracked 
| 105|0x000000070ec00000, 0x000000070ec00000, 0x000000070ee00000|  0%| F|  |TAMS 0x000000070ec00000, 0x000000070ec00000| Untracked 
| 106|0x000000070ee00000, 0x000000070ee00000, 0x000000070f000000|  0%| F|  |TAMS 0x000000070ee00000, 0x000000070ee00000| Untracked 
| 107|0x000000070f000000, 0x000000070f000000, 0x000000070f200000|  0%| F|  |TAMS 0x000000070f000000, 0x000000070f000000| Untracked 
| 108|0x000000070f200000, 0x000000070f200000, 0x000000070f400000|  0%| F|  |TAMS 0x000000070f200000, 0x000000070f200000| Untracked 
| 109|0x000000070f400000, 0x000000070f400000, 0x000000070f600000|  0%| F|  |TAMS 0x000000070f400000, 0x000000070f400000| Untracked 
| 110|0x000000070f600000, 0x000000070f600000, 0x000000070f800000|  0%| F|  |TAMS 0x000000070f600000, 0x000000070f600000| Untracked 
| 111|0x000000070f800000, 0x000000070f800000, 0x000000070fa00000|  0%| F|  |TAMS 0x000000070f800000, 0x000000070f800000| Untracked 
| 112|0x000000070fa00000, 0x000000070fa00000, 0x000000070fc00000|  0%| F|  |TAMS 0x000000070fa00000, 0x000000070fa00000| Untracked 
| 113|0x000000070fc00000, 0x000000070fc00000, 0x000000070fe00000|  0%| F|  |TAMS 0x000000070fc00000, 0x000000070fc00000| Untracked 
| 114|0x000000070fe00000, 0x000000070fe00000, 0x0000000710000000|  0%| F|  |TAMS 0x000000070fe00000, 0x000000070fe00000| Untracked 
| 115|0x0000000710000000, 0x0000000710000000, 0x0000000710200000|  0%| F|  |TAMS 0x0000000710000000, 0x0000000710000000| Untracked 
| 116|0x0000000710200000, 0x0000000710200000, 0x0000000710400000|  0%| F|  |TAMS 0x0000000710200000, 0x0000000710200000| Untracked 
| 117|0x0000000710400000, 0x0000000710400000, 0x0000000710600000|  0%| F|  |TAMS 0x0000000710400000, 0x0000000710400000| Untracked 
| 118|0x0000000710600000, 0x0000000710600000, 0x0000000710800000|  0%| F|  |TAMS 0x0000000710600000, 0x0000000710600000| Untracked 
| 119|0x0000000710800000, 0x0000000710800000, 0x0000000710a00000|  0%| F|  |TAMS 0x0000000710800000, 0x0000000710800000| Untracked 
| 120|0x0000000710a00000, 0x0000000710a00000, 0x0000000710c00000|  0%| F|  |TAMS 0x0000000710a00000, 0x0000000710a00000| Untracked 
| 121|0x0000000710c00000, 0x0000000710c00000, 0x0000000710e00000|  0%| F|  |TAMS 0x0000000710c00000, 0x0000000710c00000| Untracked 
| 122|0x0000000710e00000, 0x0000000710eebb98, 0x0000000711000000| 46%| S|CS|TAMS 0x0000000710e00000, 0x0000000710e00000| Complete 
| 123|0x0000000711000000, 0x0000000711149488, 0x0000000711200000| 64%| E|  |TAMS 0x0000000711000000, 0x0000000711000000| Complete 
| 124|0x0000000711200000, 0x0000000711400000, 0x0000000711400000|100%| E|CS|TAMS 0x0000000711200000, 0x0000000711200000| Complete 
| 125|0x0000000711400000, 0x0000000711600000, 0x0000000711600000|100%| E|CS|TAMS 0x0000000711400000, 0x0000000711400000| Complete 
| 126|0x0000000711600000, 0x0000000711800000, 0x0000000711800000|100%| E|CS|TAMS 0x0000000711600000, 0x0000000711600000| Complete 
| 127|0x0000000711800000, 0x0000000711a00000, 0x0000000711a00000|100%| E|CS|TAMS 0x0000000711800000, 0x0000000711800000| Complete 

Card table byte_map: [0x000002d07dbe0000,0x000002d07e3e0000] _byte_map_base: 0x000002d07a3d3000

Marking Bits (Prev, Next): (CMBitMap*) 0x000002d075905850, (CMBitMap*) 0x000002d075905890
 Prev Bits: [0x000002d00f000000, 0x000002d012f98000)
 Next Bits: [0x000002d012fa0000, 0x000002d016f38000)

Polling page: 0x000002d0736e0000

Metaspace:

Usage:
  Non-class:      6.59 MB used.
      Class:    945.15 KB used.
       Both:      7.52 MB used.

Virtual space:
  Non-class space:       64.00 MB reserved,       6.75 MB ( 11%) committed,  1 nodes.
      Class space:        1.00 GB reserved,       1.06 MB ( <1%) committed,  1 nodes.
             Both:        1.06 GB reserved,       7.81 MB ( <1%) committed. 

Chunk freelists:
   Non-Class:  8.13 MB
       Class:  14.90 MB
        Both:  23.02 MB

MaxMetaspaceSize: unlimited
CompressedClassSpaceSize: 1.00 GB
Initial GC threshold: 21.00 MB
Current GC threshold: 21.00 MB
CDS: on
MetaspaceReclaimPolicy: balanced
 - commit_granule_bytes: 65536.
 - commit_granule_words: 8192.
 - virtual_space_node_default_size: 8388608.
 - enlarge_chunks_in_place: 1.
 - new_chunks_are_fully_committed: 0.
 - uncommit_free_chunks: 1.
 - use_allocation_guard: 0.
 - handle_deallocations: 1.


Internal statistics:

num_allocs_failed_limit: 0.
num_arena_births: 296.
num_arena_deaths: 0.
num_vsnodes_births: 2.
num_vsnodes_deaths: 0.
num_space_committed: 125.
num_space_uncommitted: 0.
num_chunks_returned_to_freelist: 0.
num_chunks_taken_from_freelist: 540.
num_chunk_merges: 0.
num_chunk_splits: 344.
num_chunks_enlarged: 240.
num_inconsistent_stats: 0.

CodeHeap 'non-profiled nmethods': size=120000Kb used=542Kb max_used=542Kb free=119457Kb
 bounds [0x000002d007ad0000, 0x000002d007d40000, 0x000002d00f000000]
CodeHeap 'profiled nmethods': size=120000Kb used=2841Kb max_used=2841Kb free=117158Kb
 bounds [0x000002d000000000, 0x000002d0002d0000, 0x000002d007530000]
CodeHeap 'non-nmethods': size=5760Kb used=1166Kb max_used=1184Kb free=4593Kb
 bounds [0x000002d007530000, 0x000002d0077a0000, 0x000002d007ad0000]
 total_blobs=2073 nmethods=1621 adapters=364
 compilation: enabled
              stopped_count=0, restarted_count=0
 full_count=0

Compilation events (20 events):
Event: 1.225 Thread 0x000002d07f101810 nmethod 1538 0x000002d00029e210 code [0x000002d00029e3c0, 0x000002d00029e678]
Event: 1.225 Thread 0x000002d07f101810 1540       3       java.util.ArrayDeque$DeqIterator::next (62 bytes)
Event: 1.225 Thread 0x000002d07f101810 nmethod 1540 0x000002d00029e790 code [0x000002d00029e960, 0x000002d00029edd8]
Event: 1.225 Thread 0x000002d07f101810 1541       3       java.util.ArrayDeque::nonNullElementAt (18 bytes)
Event: 1.225 Thread 0x000002d07f101810 nmethod 1541 0x000002d00029f010 code [0x000002d00029f1c0, 0x000002d00029f3e8]
Event: 1.225 Thread 0x000002d07f101810 1539       3       java.lang.Character::isLetterOrDigit (5 bytes)
Event: 1.226 Thread 0x000002d07f101810 nmethod 1539 0x000002d00029f510 code [0x000002d00029f6e0, 0x000002d00029f9f8]
Event: 1.226 Thread 0x000002d07f101810 1542       1       org.springframework.core.io.UrlResource::getURL (5 bytes)
Event: 1.226 Thread 0x000002d07f101810 nmethod 1542 0x000002d007b53e90 code [0x000002d007b54020, 0x000002d007b540f8]
Event: 1.227 Thread 0x000002d07f101810 1543       3       java.lang.Boolean::valueOf (14 bytes)
Event: 1.227 Thread 0x000002d07f101810 nmethod 1543 0x000002d00029fb10 code [0x000002d00029fca0, 0x000002d00029fe18]
Event: 1.227 Thread 0x000002d07f101810 1545       2       java.util.Collections::emptyList (4 bytes)
Event: 1.227 Thread 0x000002d07f101810 nmethod 1545 0x000002d00029fe90 code [0x000002d0002a0020, 0x000002d0002a0118]
Event: 1.227 Thread 0x000002d07f101810 1544       3       java.util.HashMap::<init> (8 bytes)
Event: 1.227 Thread 0x000002d07f101810 nmethod 1544 0x000002d0002a0190 code [0x000002d0002a0360, 0x000002d0002a04a8]
Event: 1.227 Thread 0x000002d07f101810 1546       1       org.springframework.boot.context.config.StandardConfigDataReference::getResourceLocation (5 bytes)
Event: 1.228 Thread 0x000002d07f101810 nmethod 1546 0x000002d007b54190 code [0x000002d007b54320, 0x000002d007b543f8]
Event: 1.228 Thread 0x000002d07f101810 1547       3       jdk.internal.loader.BuiltinClassLoader::hasClassPath (13 bytes)
Event: 1.228 Thread 0x000002d07f101810 nmethod 1547 0x000002d0002a0590 code [0x000002d0002a0720, 0x000002d0002a0898]
Event: 1.228 Thread 0x000002d07f101810 1548       3       org.springframework.util.StringUtils::cleanPath (346 bytes)

GC Heap History (4 events):
Event: 0.586 GC heap before
{Heap before GC invocations=0 (full 0):
 garbage-first heap   total 262144K, used 12288K [0x0000000701a00000, 0x0000000800000000)
  region size 2048K, 6 young (12288K), 0 survivors (0K)
 Metaspace       used 2376K, committed 2560K, reserved 1114112K
  class space    used 230K, committed 320K, reserved 1048576K
}
Event: 0.589 GC heap after
{Heap after GC invocations=1 (full 0):
 garbage-first heap   total 262144K, used 6601K [0x0000000701a00000, 0x0000000800000000)
  region size 2048K, 1 young (2048K), 1 survivors (2048K)
 Metaspace       used 2376K, committed 2560K, reserved 1114112K
  class space    used 230K, committed 320K, reserved 1048576K
}
Event: 0.965 GC heap before
{Heap before GC invocations=1 (full 0):
 garbage-first heap   total 262144K, used 16841K [0x0000000701a00000, 0x0000000800000000)
  region size 2048K, 6 young (12288K), 1 survivors (2048K)
 Metaspace       used 5841K, committed 6016K, reserved 1114112K
  class space    used 687K, committed 768K, reserved 1048576K
}
Event: 0.968 GC heap after
{Heap after GC invocations=2 (full 0):
 garbage-first heap   total 262144K, used 7214K [0x0000000701a00000, 0x0000000800000000)
  region size 2048K, 1 young (2048K), 1 survivors (2048K)
 Metaspace       used 5841K, committed 6016K, reserved 1114112K
  class space    used 687K, committed 768K, reserved 1048576K
}

Dll operation events (9 events):
Event: 0.010 Loaded shared library C:\Users\Admin\.jdks\ms-17.0.15\bin\java.dll
Event: 0.034 Loaded shared library C:\Users\Admin\.jdks\ms-17.0.15\bin\jsvml.dll
Event: 0.208 Loaded shared library C:\Users\Admin\.jdks\ms-17.0.15\bin\zip.dll
Event: 0.217 Loaded shared library C:\Users\Admin\.jdks\ms-17.0.15\bin\instrument.dll
Event: 0.229 Loaded shared library C:\Users\Admin\.jdks\ms-17.0.15\bin\net.dll
Event: 0.234 Loaded shared library C:\Users\Admin\.jdks\ms-17.0.15\bin\nio.dll
Event: 0.240 Loaded shared library C:\Users\Admin\.jdks\ms-17.0.15\bin\zip.dll
Event: 0.399 Loaded shared library C:\Users\Admin\.jdks\ms-17.0.15\bin\extnet.dll
Event: 0.443 Loaded shared library C:\Users\Admin\.jdks\ms-17.0.15\bin\jimage.dll

Deoptimization events (20 events):
Event: 1.035 Thread 0x000002d07589bbe0 Uncommon trap: trap_request=0xffffffde fr.pc=0x000002d007b3f3b4 relative=0x0000000000000114
Event: 1.035 Thread 0x000002d07589bbe0 Uncommon trap: reason=class_check action=maybe_recompile pc=0x000002d007b3f3b4 method=jdk.internal.misc.Unsafe.allocateUninitializedArray(Ljava/lang/Class;I)Ljava/lang/Object; @ 51 c2
Event: 1.035 Thread 0x000002d07589bbe0 DEOPT PACKING pc=0x000002d007b3f3b4 sp=0x000000da975fc240
Event: 1.035 Thread 0x000002d07589bbe0 DEOPT UNPACKING pc=0x000002d0075869a3 sp=0x000000da975fc1c8 mode 2
Event: 1.035 Thread 0x000002d07589bbe0 Uncommon trap: trap_request=0xffffffde fr.pc=0x000002d007b3f3b4 relative=0x0000000000000114
Event: 1.035 Thread 0x000002d07589bbe0 Uncommon trap: reason=class_check action=maybe_recompile pc=0x000002d007b3f3b4 method=jdk.internal.misc.Unsafe.allocateUninitializedArray(Ljava/lang/Class;I)Ljava/lang/Object; @ 51 c2
Event: 1.035 Thread 0x000002d07589bbe0 DEOPT PACKING pc=0x000002d007b3f3b4 sp=0x000000da975fc1d0
Event: 1.035 Thread 0x000002d07589bbe0 DEOPT UNPACKING pc=0x000002d0075869a3 sp=0x000000da975fc158 mode 2
Event: 1.035 Thread 0x000002d07589bbe0 Uncommon trap: trap_request=0xffffffde fr.pc=0x000002d007b3f3b4 relative=0x0000000000000114
Event: 1.035 Thread 0x000002d07589bbe0 Uncommon trap: reason=class_check action=maybe_recompile pc=0x000002d007b3f3b4 method=jdk.internal.misc.Unsafe.allocateUninitializedArray(Ljava/lang/Class;I)Ljava/lang/Object; @ 51 c2
Event: 1.035 Thread 0x000002d07589bbe0 DEOPT PACKING pc=0x000002d007b3f3b4 sp=0x000000da975fc180
Event: 1.035 Thread 0x000002d07589bbe0 DEOPT UNPACKING pc=0x000002d0075869a3 sp=0x000000da975fc108 mode 2
Event: 1.035 Thread 0x000002d07589bbe0 Uncommon trap: trap_request=0xffffffde fr.pc=0x000002d007b3f3b4 relative=0x0000000000000114
Event: 1.035 Thread 0x000002d07589bbe0 Uncommon trap: reason=class_check action=maybe_recompile pc=0x000002d007b3f3b4 method=jdk.internal.misc.Unsafe.allocateUninitializedArray(Ljava/lang/Class;I)Ljava/lang/Object; @ 51 c2
Event: 1.035 Thread 0x000002d07589bbe0 DEOPT PACKING pc=0x000002d007b3f3b4 sp=0x000000da975fbf60
Event: 1.035 Thread 0x000002d07589bbe0 DEOPT UNPACKING pc=0x000002d0075869a3 sp=0x000000da975fbee8 mode 2
Event: 1.083 Thread 0x000002d07589bbe0 Uncommon trap: trap_request=0xffffff45 fr.pc=0x000002d007b06ab8 relative=0x0000000000000298
Event: 1.083 Thread 0x000002d07589bbe0 Uncommon trap: reason=unstable_if action=reinterpret pc=0x000002d007b06ab8 method=java.lang.String.startsWith(Ljava/lang/String;I)Z @ 14 c2
Event: 1.083 Thread 0x000002d07589bbe0 DEOPT PACKING pc=0x000002d007b06ab8 sp=0x000000da975fdda0
Event: 1.083 Thread 0x000002d07589bbe0 DEOPT UNPACKING pc=0x000002d0075869a3 sp=0x000000da975fdd00 mode 2

Classes loaded (20 events):
Event: 1.142 Loading class java/lang/invoke/DirectMethodHandle$1
Event: 1.143 Loading class java/lang/invoke/DirectMethodHandle$1 done
Event: 1.146 Loading class java/util/RegularEnumSet$EnumSetIterator
Event: 1.146 Loading class java/util/RegularEnumSet$EnumSetIterator done
Event: 1.149 Loading class java/util/stream/MatchOps$1MatchSink
Event: 1.149 Loading class java/util/stream/MatchOps$1MatchSink done
Event: 1.159 Loading class sun/reflect/generics/scope/ConstructorScope
Event: 1.159 Loading class sun/reflect/generics/scope/ConstructorScope done
Event: 1.159 Loading class sun/reflect/generics/repository/ConstructorRepository
Event: 1.159 Loading class sun/reflect/generics/repository/ConstructorRepository done
Event: 1.159 Loading class sun/reflect/generics/tree/VoidDescriptor
Event: 1.159 Loading class sun/reflect/generics/tree/VoidDescriptor done
Event: 1.159 Loading class sun/reflect/generics/tree/MethodTypeSignature
Event: 1.159 Loading class sun/reflect/generics/tree/MethodTypeSignature done
Event: 1.171 Loading class java/util/stream/StreamSpliterators$WrappingSpliterator
Event: 1.171 Loading class java/util/stream/StreamSpliterators$AbstractWrappingSpliterator
Event: 1.171 Loading class java/util/stream/StreamSpliterators$AbstractWrappingSpliterator done
Event: 1.171 Loading class java/util/stream/StreamSpliterators$WrappingSpliterator done
Event: 1.171 Loading class java/util/stream/StreamSpliterators
Event: 1.171 Loading class java/util/stream/StreamSpliterators done

Classes unloaded (0 events):
No events

Classes redefined (0 events):
No events

Internal exceptions (20 events):
Event: 1.119 Thread 0x000002d07589bbe0 Exception <a 'java/lang/NoSuchMethodError'{0x00000007114511c0}: 'int java.lang.invoke.DirectMethodHandle$Holder.invokeVirtual(java.lang.Object, java.lang.Object)'> (0x00000007114511c0) 
thrown [s\src\hotspot\share\interpreter\linkResolver.cpp, line 759]
Event: 1.126 Thread 0x000002d07589bbe0 Exception <a 'java/lang/NoSuchMethodError'{0x000000071147f9b8}: 'java.lang.Object java.lang.invoke.DirectMethodHandle$Holder.invokeStaticInit(java.lang.Object, java.lang.Object, java.lang.Object, java.lang.Object, java.lang.Object, java.lang.Object, java.lang.Object)'> (0x000000071147f9b8) 
thrown [s\src\hotspot\share\interpreter\linkResolver.cpp, line 759]
Event: 1.127 Thread 0x000002d07589bbe0 Exception <a 'java/lang/NoSuchMethodError'{0x0000000711489150}: 'java.lang.Object java.lang.invoke.DirectMethodHandle$Holder.invokeSpecial(java.lang.Object, java.lang.Object, java.lang.Object, java.lang.Object, java.lang.Object, java.lang.Object, java.lang.Object, java.lang.Object, java.lang.Object, java.lang.Object)'> (0x0000000711489150) 
thrown [s\src\hotspot\share\interpreter\linkResolver.cpp, line 759]
Event: 1.127 Thread 0x000002d07589bbe0 Exception <a 'java/lang/NoSuchMethodError'{0x000000071148d738}: 'java.lang.Object java.lang.invoke.Invokers$Holder.invoke_MT(java.lang.Object, java.lang.Object, java.lang.Object, java.lang.Object, java.lang.Object, java.lang.Object, java.lang.Object, java.lang.Object, java.lang.Object, java.lang.Object)'> (0x000000071148d738) 
thrown [s\src\hotspot\share\interpreter\linkResolver.cpp, line 759]
Event: 1.129 Thread 0x000002d07589bbe0 Exception <a 'java/lang/NoSuchMethodError'{0x0000000711493c60}: 'java.lang.Object java.lang.invoke.DirectMethodHandle$Holder.invokeStatic(java.lang.Object, java.lang.Object, int)'> (0x0000000711493c60) 
thrown [s\src\hotspot\share\interpreter\linkResolver.cpp, line 759]
Event: 1.131 Thread 0x000002d07589bbe0 Exception <a 'java/lang/NoSuchMethodError'{0x00000007114a7340}: 'void java.lang.invoke.DelegatingMethodHandle$Holder.delegate(java.lang.Object, java.lang.Object, int, java.lang.Object)'> (0x00000007114a7340) 
thrown [s\src\hotspot\share\interpreter\linkResolver.cpp, line 759]
Event: 1.136 Thread 0x000002d07589bbe0 Exception <a 'java/lang/NoSuchMethodError'{0x00000007114c79b8}: 'int java.lang.invoke.DirectMethodHandle$Holder.invokeVirtual(java.lang.Object, java.lang.Object, java.lang.Object)'> (0x00000007114c79b8) 
thrown [s\src\hotspot\share\interpreter\linkResolver.cpp, line 759]
Event: 1.137 Thread 0x000002d07589bbe0 Exception <a 'java/lang/NoSuchMethodError'{0x00000007114cc178}: 'int java.lang.invoke.DirectMethodHandle$Holder.invokeStaticInit(java.lang.Object, int, int)'> (0x00000007114cc178) 
thrown [s\src\hotspot\share\interpreter\linkResolver.cpp, line 759]
Event: 1.138 Thread 0x000002d07589bbe0 Exception <a 'java/lang/NoSuchMethodError'{0x00000007114d6eb8}: 'int java.lang.invoke.DirectMethodHandle$Holder.invokeStaticInit(java.lang.Object, long, long)'> (0x00000007114d6eb8) 
thrown [s\src\hotspot\share\interpreter\linkResolver.cpp, line 759]
Event: 1.139 Thread 0x000002d07589bbe0 Exception <a 'java/lang/NoSuchMethodError'{0x00000007114de238}: 'int java.lang.invoke.DirectMethodHandle$Holder.invokeStaticInit(java.lang.Object, float, float)'> (0x00000007114de238) 
thrown [s\src\hotspot\share\interpreter\linkResolver.cpp, line 759]
Event: 1.140 Thread 0x000002d07589bbe0 Exception <a 'java/lang/NoSuchMethodError'{0x00000007114e5338}: 'int java.lang.invoke.DirectMethodHandle$Holder.invokeStaticInit(java.lang.Object, double, double)'> (0x00000007114e5338) 
thrown [s\src\hotspot\share\interpreter\linkResolver.cpp, line 759]
Event: 1.141 Thread 0x000002d07589bbe0 Exception <a 'java/lang/NoSuchMethodError'{0x00000007114e9bb0}: 'int java.lang.invoke.DirectMethodHandle$Holder.invokeStatic(java.lang.Object, long)'> (0x00000007114e9bb0) 
thrown [s\src\hotspot\share\interpreter\linkResolver.cpp, line 759]
Event: 1.145 Thread 0x000002d07589bbe0 Exception <a 'java/lang/NoSuchMethodError'{0x000000071150e1d8}: 'int java.lang.invoke.Invokers$Holder.linkToTargetMethod(java.lang.Object, java.lang.Object)'> (0x000000071150e1d8) 
thrown [s\src\hotspot\share\interpreter\linkResolver.cpp, line 759]
Event: 1.165 Thread 0x000002d07589bbe0 Exception <a 'java/lang/NoSuchMethodError'{0x000000071158b250}: 'java.lang.Object java.lang.invoke.DirectMethodHandle$Holder.invokeSpecial(java.lang.Object, java.lang.Object, java.lang.Object, int, java.lang.Object)'> (0x000000071158b250) 
thrown [s\src\hotspot\share\interpreter\linkResolver.cpp, line 759]
Event: 1.166 Thread 0x000002d07589bbe0 Exception <a 'java/lang/NoSuchMethodError'{0x00000007115937b8}: 'java.lang.Object java.lang.invoke.DirectMethodHandle$Holder.newInvokeSpecial(java.lang.Object, java.lang.Object, java.lang.Object, int, java.lang.Object)'> (0x00000007115937b8) 
thrown [s\src\hotspot\share\interpreter\linkResolver.cpp, line 759]
Event: 1.167 Thread 0x000002d07589bbe0 Exception <a 'java/lang/NoSuchMethodError'{0x000000071159b188}: 'java.lang.Object java.lang.invoke.Invokers$Holder.linkToTargetMethod(java.lang.Object, java.lang.Object, int, java.lang.Object, java.lang.Object)'> (0x000000071159b188) 
thrown [s\src\hotspot\share\interpreter\linkResolver.cpp, line 759]
Event: 1.169 Thread 0x000002d07589bbe0 Exception <a 'java/lang/NoSuchMethodError'{0x00000007115aa760}: 'java.lang.Object java.lang.invoke.DirectMethodHandle$Holder.newInvokeSpecial(java.lang.Object, int, java.lang.Object)'> (0x00000007115aa760) 
thrown [s\src\hotspot\share\interpreter\linkResolver.cpp, line 759]
Event: 1.169 Thread 0x000002d07589bbe0 Exception <a 'java/lang/NoSuchMethodError'{0x00000007115af230}: 'int java.lang.invoke.DirectMethodHandle$Holder.invokeSpecialIFC(java.lang.Object, java.lang.Object, java.lang.Object, java.lang.Object)'> (0x00000007115af230) 
thrown [s\src\hotspot\share\interpreter\linkResolver.cpp, line 759]
Event: 1.206 Thread 0x000002d07589bbe0 Exception <a 'java/lang/NoSuchMethodError'{0x00000007112b1418}: 'void java.lang.invoke.DirectMethodHandle$Holder.invokeInterface(java.lang.Object, java.lang.Object, java.lang.Object)'> (0x00000007112b1418) 
thrown [s\src\hotspot\share\interpreter\linkResolver.cpp, line 759]
Event: 1.222 Thread 0x000002d07589bbe0 Exception <a 'java/lang/NoSuchMethodError'{0x0000000711315e38}: 'void java.lang.invoke.DirectMethodHandle$Holder.invokeStatic(java.lang.Object, java.lang.Object, int)'> (0x0000000711315e38) 
thrown [s\src\hotspot\share\interpreter\linkResolver.cpp, line 759]

VM Operations (20 events):
Event: 0.385 Executing VM operation: HandshakeAllThreads
Event: 0.386 Executing VM operation: HandshakeAllThreads done
Event: 0.413 Executing VM operation: HandshakeAllThreads
Event: 0.414 Executing VM operation: HandshakeAllThreads done
Event: 0.439 Executing VM operation: HandshakeAllThreads
Event: 0.439 Executing VM operation: HandshakeAllThreads done
Event: 0.448 Executing VM operation: HandshakeAllThreads
Event: 0.448 Executing VM operation: HandshakeAllThreads done
Event: 0.585 Executing VM operation: G1CollectForAllocation
Event: 0.589 Executing VM operation: G1CollectForAllocation done
Event: 0.829 Executing VM operation: HandshakeAllThreads
Event: 0.829 Executing VM operation: HandshakeAllThreads done
Event: 0.965 Executing VM operation: G1CollectForAllocation
Event: 0.968 Executing VM operation: G1CollectForAllocation done
Event: 1.117 Executing VM operation: HandshakeAllThreads
Event: 1.117 Executing VM operation: HandshakeAllThreads done
Event: 1.128 Executing VM operation: HandshakeAllThreads
Event: 1.128 Executing VM operation: HandshakeAllThreads done
Event: 1.192 Executing VM operation: HandshakeAllThreads
Event: 1.192 Executing VM operation: HandshakeAllThreads done

Memory protections (0 events):
No events

Nmethod flushes (0 events):
No events

Events (14 events):
Event: 0.035 Thread 0x000002d07589bbe0 Thread added: 0x000002d07589bbe0
Event: 0.038 Thread 0x000002d07589bbe0 Thread added: 0x000002d07f0ea530
Event: 0.039 Thread 0x000002d07589bbe0 Thread added: 0x000002d07f0ebb50
Event: 0.054 Thread 0x000002d07589bbe0 Thread added: 0x000002d07f0f7970
Event: 0.054 Thread 0x000002d07589bbe0 Thread added: 0x000002d07f0f8530
Event: 0.054 Thread 0x000002d07589bbe0 Thread added: 0x000002d07f0faf00
Event: 0.054 Thread 0x000002d07589bbe0 Thread added: 0x000002d07f0fb8c0
Event: 0.054 Thread 0x000002d07589bbe0 Thread added: 0x000002d07f0fc5b0
Event: 0.054 Thread 0x000002d07589bbe0 Thread added: 0x000002d07f101810
Event: 0.054 Thread 0x000002d07589bbe0 Thread added: 0x000002d07f10ea90
Event: 0.146 Thread 0x000002d07589bbe0 Thread added: 0x000002d07f0d1d60
Event: 0.307 Thread 0x000002d07f101810 Thread added: 0x000002d05e22e000
Event: 0.378 Thread 0x000002d07589bbe0 Thread added: 0x000002d05e38e7b0
Event: 0.379 Thread 0x000002d07589bbe0 Thread added: 0x000002d05e38ec90


Dynamic libraries:
0x00007ff674e50000 - 0x00007ff674e5e000 	C:\Users\Admin\.jdks\ms-17.0.15\bin\java.exe
0x00007ffee8cb0000 - 0x00007ffee8ea8000 	C:\Windows\SYSTEM32\ntdll.dll
0x00007ffee85c0000 - 0x00007ffee8682000 	C:\Windows\System32\KERNEL32.DLL
0x00007ffee64d0000 - 0x00007ffee67c6000 	C:\Windows\System32\KERNELBASE.dll
0x00007ffee63d0000 - 0x00007ffee64d0000 	C:\Windows\System32\ucrtbase.dll
0x00007ffeda550000 - 0x00007ffeda56d000 	C:\Users\Admin\.jdks\ms-17.0.15\bin\VCRUNTIME140.dll
0x00007ffedac10000 - 0x00007ffedac27000 	C:\Users\Admin\.jdks\ms-17.0.15\bin\jli.dll
0x00007ffee72f0000 - 0x00007ffee748d000 	C:\Windows\System32\USER32.dll
0x00007ffedd420000 - 0x00007ffedd6ba000 	C:\Windows\WinSxS\amd64_microsoft.windows.common-controls_6595b64144ccf1df_6.0.19041.5915_none_60b4b9d171f9c7c7\COMCTL32.dll
0x00007ffee6bf0000 - 0x00007ffee6c12000 	C:\Windows\System32\win32u.dll
0x00007ffee6da0000 - 0x00007ffee6dcb000 	C:\Windows\System32\GDI32.dll
0x00007ffee6ad0000 - 0x00007ffee6be9000 	C:\Windows\System32\gdi32full.dll
0x00007ffee6850000 - 0x00007ffee68ed000 	C:\Windows\System32\msvcp_win.dll
0x00007ffee7170000 - 0x00007ffee720e000 	C:\Windows\System32\msvcrt.dll
0x00007ffee7cf0000 - 0x00007ffee7d1f000 	C:\Windows\System32\IMM32.DLL
0x00007ffee09d0000 - 0x00007ffee09dc000 	C:\Users\Admin\.jdks\ms-17.0.15\bin\vcruntime140_1.dll
0x00007ffec3ff0000 - 0x00007ffec407d000 	C:\Users\Admin\.jdks\ms-17.0.15\bin\msvcp140.dll
0x00007ffe95f50000 - 0x00007ffe96bc2000 	C:\Users\Admin\.jdks\ms-17.0.15\bin\server\jvm.dll
0x00007ffee6cd0000 - 0x00007ffee6d81000 	C:\Windows\System32\ADVAPI32.dll
0x00007ffee7d20000 - 0x00007ffee7dbf000 	C:\Windows\System32\sechost.dll
0x00007ffee8b20000 - 0x00007ffee8c43000 	C:\Windows\System32\RPCRT4.dll
0x00007ffee6940000 - 0x00007ffee6967000 	C:\Windows\System32\bcrypt.dll
0x00007ffee7b10000 - 0x00007ffee7b7b000 	C:\Windows\System32\WS2_32.dll
0x00007ffee5890000 - 0x00007ffee58db000 	C:\Windows\SYSTEM32\POWRPROF.dll
0x00007ffed65e0000 - 0x00007ffed6607000 	C:\Windows\SYSTEM32\WINMM.dll
0x00007ffedfa20000 - 0x00007ffedfa2a000 	C:\Windows\SYSTEM32\VERSION.dll
0x00007ffee5700000 - 0x00007ffee5712000 	C:\Windows\SYSTEM32\UMPDC.dll
0x00007ffee4210000 - 0x00007ffee4222000 	C:\Windows\SYSTEM32\kernel.appcore.dll
0x00007ffee04f0000 - 0x00007ffee04fa000 	C:\Users\Admin\.jdks\ms-17.0.15\bin\jimage.dll
0x00007ffee3680000 - 0x00007ffee3881000 	C:\Windows\SYSTEM32\DBGHELP.DLL
0x00007ffede690000 - 0x00007ffede6c4000 	C:\Windows\SYSTEM32\dbgcore.DLL
0x00007ffee6340000 - 0x00007ffee63c2000 	C:\Windows\System32\bcryptPrimitives.dll
0x00007ffedfe00000 - 0x00007ffedfe0e000 	C:\Users\Admin\.jdks\ms-17.0.15\bin\instrument.dll
0x00007ffed59a0000 - 0x00007ffed59c5000 	C:\Users\Admin\.jdks\ms-17.0.15\bin\java.dll
0x00007ffebb7b0000 - 0x00007ffebb886000 	C:\Users\Admin\.jdks\ms-17.0.15\bin\jsvml.dll
0x00007ffee7dc0000 - 0x00007ffee852e000 	C:\Windows\System32\SHELL32.dll
0x00007ffee4380000 - 0x00007ffee4b24000 	C:\Windows\SYSTEM32\windows.storage.dll
0x00007ffee87c0000 - 0x00007ffee8b13000 	C:\Windows\System32\combase.dll
0x00007ffee5c90000 - 0x00007ffee5cbb000 	C:\Windows\SYSTEM32\Wldp.dll
0x00007ffee6e90000 - 0x00007ffee6f5d000 	C:\Windows\System32\OLEAUT32.dll
0x00007ffee6dd0000 - 0x00007ffee6e7d000 	C:\Windows\System32\SHCORE.dll
0x00007ffee7c90000 - 0x00007ffee7ceb000 	C:\Windows\System32\shlwapi.dll
0x00007ffee6270000 - 0x00007ffee6294000 	C:\Windows\SYSTEM32\profapi.dll
0x00007ffed5ad0000 - 0x00007ffed5ae8000 	C:\Users\Admin\.jdks\ms-17.0.15\bin\zip.dll
0x00007ffed5980000 - 0x00007ffed599a000 	C:\Users\Admin\.jdks\ms-17.0.15\bin\net.dll
0x00007ffedde70000 - 0x00007ffeddf7a000 	C:\Windows\SYSTEM32\WINHTTP.dll
0x00007ffee5a70000 - 0x00007ffee5ada000 	C:\Windows\system32\mswsock.dll
0x00007ffecf810000 - 0x00007ffecf826000 	C:\Users\Admin\.jdks\ms-17.0.15\bin\nio.dll
0x00007ffedfa60000 - 0x00007ffedfa69000 	C:\Users\Admin\.jdks\ms-17.0.15\bin\extnet.dll

dbghelp: loaded successfully - version: 4.0.5 - missing functions: none
symbol engine: initialized successfully - sym options: 0x614 - pdb path: .;C:\Users\Admin\.jdks\ms-17.0.15\bin;C:\Windows\SYSTEM32;C:\Windows\WinSxS\amd64_microsoft.windows.common-controls_6595b64144ccf1df_6.0.19041.5915_none_60b4b9d171f9c7c7;C:\Users\Admin\.jdks\ms-17.0.15\bin\server

VM Arguments:
jvm_args: -javaagent:C:\Program Files\JetBrains\IntelliJ IDEA Community Edition 2025.1.1.1\lib\idea_rt.jar=55961 -Dfile.encoding=UTF-8 
java_command: com.primeproperties.prime_properties.PrimePropertiesApplication
java_class_path (initial): E:\prime-properties\target\classes;C:\Users\Admin\.m2\repository\org\springframework\boot\spring-boot-starter-data-jpa\3.5.0\spring-boot-starter-data-jpa-3.5.0.jar;C:\Users\Admin\.m2\repository\org\springframework\boot\spring-boot-starter\3.5.0\spring-boot-starter-3.5.0.jar;C:\Users\Admin\.m2\repository\org\springframework\boot\spring-boot\3.5.0\spring-boot-3.5.0.jar;C:\Users\Admin\.m2\repository\org\springframework\boot\spring-boot-autoconfigure\3.5.0\spring-boot-autoconfigure-3.5.0.jar;C:\Users\Admin\.m2\repository\org\springframework\boot\spring-boot-starter-logging\3.5.0\spring-boot-starter-logging-3.5.0.jar;C:\Users\Admin\.m2\repository\ch\qos\logback\logback-classic\1.5.18\logback-classic-1.5.18.jar;C:\Users\Admin\.m2\repository\ch\qos\logback\logback-core\1.5.18\logback-core-1.5.18.jar;C:\Users\Admin\.m2\repository\org\apache\logging\log4j\log4j-to-slf4j\2.24.3\log4j-to-slf4j-2.24.3.jar;C:\Users\Admin\.m2\repository\org\apache\logging\log4j\log4j-api\2.24.3\log4j-api-2.24.3.jar;C:\Users\Admin\.m2\repository\org\slf4j\jul-to-slf4j\2.0.17\jul-to-slf4j-2.0.17.jar;C:\Users\Admin\.m2\repository\jakarta\annotation\jakarta.annotation-api\2.1.1\jakarta.annotation-api-2.1.1.jar;C:\Users\Admin\.m2\repository\org\yaml\snakeyaml\2.4\snakeyaml-2.4.jar;C:\Users\Admin\.m2\repository\org\springframework\boot\spring-boot-starter-jdbc\3.5.0\spring-boot-starter-jdbc-3.5.0.jar;C:\Users\Admin\.m2\repository\com\zaxxer\HikariCP\6.3.0\HikariCP-6.3.0.jar;C:\Users\Admin\.m2\repository\org\springframework\spring-jdbc\6.2.7\spring-jdbc-6.2.7.jar;C:\Users\Admin\.m2\repository\org\hibernate\orm\hibernate-core\6.6.15.Final\hibernate-core-6.6.15.Final.jar;C:\Users\Admin\.m2\repository\jakarta\persistence\jakarta.persistence-api\3.1.0\jakarta.persistence-api-3.1.0.jar;C:\Users\Admin\.m2\repository\jakarta\transaction\jakarta.transaction-api\2.0.1\jakarta.transaction-api-2.0.1.jar;C:\Users\Admin\.m2\repository\org\jboss\logging\jboss-logging\3.6.1.Final\jboss-log
Launcher Type: SUN_STANDARD

[Global flags]
     intx CICompilerCount                          = 3                                         {product} {ergonomic}
     uint ConcGCThreads                            = 1                                         {product} {ergonomic}
     uint G1ConcRefinementThreads                  = 4                                         {product} {ergonomic}
   size_t G1HeapRegionSize                         = 2097152                                   {product} {ergonomic}
    uintx GCDrainStackTargetSize                   = 64                                        {product} {ergonomic}
   size_t InitialHeapSize                          = 268435456                                 {product} {ergonomic}
   size_t MarkStackSize                            = 4194304                                   {product} {ergonomic}
   size_t MaxHeapSize                              = 4267704320                                {product} {ergonomic}
   size_t MaxNewSize                               = 2560622592                                {product} {ergonomic}
   size_t MinHeapDeltaBytes                        = 2097152                                   {product} {ergonomic}
   size_t MinHeapSize                              = 8388608                                   {product} {ergonomic}
    uintx NonNMethodCodeHeapSize                   = 5832780                                {pd product} {ergonomic}
    uintx NonProfiledCodeHeapSize                  = 122912730                              {pd product} {ergonomic}
    uintx ProfiledCodeHeapSize                     = 122912730                              {pd product} {ergonomic}
    uintx ReservedCodeCacheSize                    = 251658240                              {pd product} {ergonomic}
     bool SegmentedCodeCache                       = true                                      {product} {ergonomic}
   size_t SoftMaxHeapSize                          = 4267704320                             {manageable} {ergonomic}
     bool UseCompressedClassPointers               = true                           {product lp64_product} {ergonomic}
     bool UseCompressedOops                        = true                           {product lp64_product} {ergonomic}
     bool UseG1GC                                  = true                                      {product} {ergonomic}
     bool UseLargePagesIndividualAllocation        = false                                  {pd product} {ergonomic}

Logging:
Log output configuration:
 #0: stdout all=warning uptime,level,tags
 #1: stderr all=off uptime,level,tags

Environment Variables:
JAVA_HOME=C:\Program Files\Java\jdk-17
PATH=C:\Program Files\Common Files\Oracle\Java\javapath;C:\Windows\system32;C:\Windows;C:\Windows\System32\Wbem;C:\Windows\System32\WindowsPowerShell\v1.0\;C:\Windows\System32\OpenSSH\;C:\Program Files\Java\jdk-17\bin;C:\Program Files\MySQL\MySQL Server 8.0\bin;C:\Program Files\Git\cmd;D:\maven-mvnd-1.0.2-windows-amd64\bin;C:\Program Files\apache-maven-3.8.6\bin;C:\Program Files\maven-mvnd-1.0.2-windows-amd64\bin;;C:\Program Files\Docker\Docker\resources\bin;C:\Program Files\MySQL\MySQL Shell 8.0\bin\;C:\Users\Admin\AppData\Local\Microsoft\WindowsApps;C:\Users\Admin\AppData\Local\Programs\Microsoft VS Code\bin;C:\Program Files\JetBrains\IntelliJ IDEA Community Edition 2025.1.1.1\bin;C:\Program Files\maven-mvnd-1.0.2-windows-amd64\mvn\bin;C:\Program Files\Java\jdk-17\bin;;C:\Users\Admin\.fly\bin
USERNAME=Admin
OS=Windows_NT
PROCESSOR_IDENTIFIER=Intel64 Family 6 Model 61 Stepping 4, GenuineIntel
TMP=C:\Users\Admin\AppData\Local\Temp
TEMP=C:\Users\Admin\AppData\Local\Temp



Periodic native trim disabled


---------------  S Y S T E M  ---------------

OS:
 Windows 10 , 64 bit Build 19041 (10.0.19041.5915)
OS uptime: 3 days 0:31 hours
Hyper-V role detected

CPU: total 4 (initial active 4) (2 cores per cpu, 2 threads per core) family 6 model 61 stepping 4 microcode 0x2d, cx8, cmov, fxsr, ht, mmx, 3dnowpref, sse, sse2, sse3, ssse3, sse4.1, sse4.2, popcnt, lzcnt, tsc, tscinvbit, avx, avx2, aes, erms, clmul, bmi1, bmi2, rtm, adx, fma, vzeroupper, clflush, hv
Processor Information for the first 4 processors :
  Max Mhz: 2601, Current Mhz: 2601, Mhz Limit: 2601

Memory: 4k page, system-wide physical 16272M (8916M free)
TotalPageFile size 18704M (AvailPageFile size 10272M)
current process WorkingSet (physical memory assigned to process): 85M, peak: 86M
current process commit charge ("private bytes"): 362M, peak: 364M

vm_info: OpenJDK 64-Bit Server VM (17.0.15+6-LTS) for windows-amd64 JRE (17.0.15+6-LTS), built on Apr  9 2025 22:27:25 by "MicrosoftCorporation" with unknown MS VC++:1939

END.
